2026-03-20 21:17:47 URL:http://deb.debian.org/debian/dists/bookworm/InRelease [151078/151078] -> "/home/ahasas/LDD1_Workspace/source/bbb-rootfs/var/lib/apt/lists/partial/deb.debian.org_debian_dists_bookworm_InRelease" [1]
2026-03-20 21:17:51 URL:http://deb.debian.org/debian/dists/bookworm/main/binary-armhf/by-hash/SHA256/05231e60ca155b3b3c8f612e4a0739d7d9bc7c1b10e5b76c95e63f71c9bd394e [8508508/8508508] -> "/home/ahasas/LDD1_Workspace/source/bbb-rootfs/var/lib/apt/lists/partial/deb.debian.org_debian_dists_bookworm_main_binary-armhf_Packages.xz" [1]
2026-03-20 21:18:01 URL:http://deb.debian.org/debian/pool/main/a/adduser/adduser_3.134_all.deb [183272/183272] -> "/home/ahasas/LDD1_Workspace/source/bbb-rootfs//var/cache/apt/archives/partial/adduser_3.134_all.deb" [1]
2026-03-20 21:18:02 URL:http://deb.debian.org/debian/pool/main/a/apt/apt_2.6.1_armhf.deb [1319460/1319460] -> "/home/ahasas/LDD1_Workspace/source/bbb-rootfs//var/cache/apt/archives/partial/apt_2.6.1_armhf.deb" [1]
2026-03-20 21:18:02 URL:http://deb.debian.org/debian/pool/main/a/apt/apt-utils_2.6.1_armhf.deb [290668/290668] -> "/home/ahasas/LDD1_Workspace/source/bbb-rootfs//var/cache/apt/archives/partial/apt-utils_2.6.1_armhf.deb" [1]
2026-03-20 21:18:02 URL:http://deb.debian.org/debian/pool/main/b/base-files/base-files_12.4+deb12u13_armhf.deb [70904/70904] -> "/home/ahasas/LDD1_Workspace/source/bbb-rootfs//var/cache/apt/archives/partial/base-files_12.4+deb12u13_armhf.deb" [1]
2026-03-20 21:18:03 URL:http://deb.debian.org/debian/pool/main/b/base-passwd/base-passwd_3.6.1_armhf.deb [58728/58728] -> "/home/ahasas/LDD1_Workspace/source/bbb-rootfs//var/cache/apt/archives/partial/base-passwd_3.6.1_armhf.deb" [1]
2026-03-20 21:18:04 URL:http://deb.debian.org/debian/pool/main/b/bash/bash_5.2.15-2+b10_armhf.deb [1421944/1421944] -> "/home/ahasas/LDD1_Workspace/source/bbb-rootfs//var/cache/apt/archives/partial/bash_5.2.15-2+b10_armhf.deb" [1]
2026-03-20 21:18:04 URL:http://deb.debian.org/debian/pool/main/u/util-linux/bsdutils_2.38.1-5+deb12u3_armhf.deb [86224/86224] -> "/home/ahasas/LDD1_Workspace/source/bbb-rootfs//var/cache/apt/archives/partial/bsdutils_1%3a2.38.1-5+deb12u3_armhf.deb" [1]
2026-03-20 21:18:07 URL:http://deb.debian.org/debian/pool/main/c/coreutils/coreutils_9.1-1_armhf.deb [2755988/2755988] -> "/home/ahasas/LDD1_Workspace/source/bbb-rootfs//var/cache/apt/archives/partial/coreutils_9.1-1_armhf.deb" [1]
2026-03-20 21:18:07 URL:http://deb.debian.org/debian/pool/main/c/cpio/cpio_2.13+dfsg-7.1_armhf.deb [236324/236324] -> "/home/ahasas/LDD1_Workspace/source/bbb-rootfs//var/cache/apt/archives/partial/cpio_2.13+dfsg-7.1_armhf.deb" [1]
2026-03-20 21:18:08 URL:http://deb.debian.org/debian/pool/main/c/cron/cron_3.0pl1-162_armhf.deb [69452/69452] -> "/home/ahasas/LDD1_Workspace/source/bbb-rootfs//var/cache/apt/archives/partial/cron_3.0pl1-162_armhf.deb" [1]
2026-03-20 21:18:08 URL:http://deb.debian.org/debian/pool/main/c/cron/cron-daemon-common_3.0pl1-162_all.deb [12660/12660] -> "/home/ahasas/LDD1_Workspace/source/bbb-rootfs//var/cache/apt/archives/partial/cron-daemon-common_3.0pl1-162_all.deb" [1]
2026-03-20 21:18:08 URL:http://deb.debian.org/debian/pool/main/d/dash/dash_0.5.12-2_armhf.deb [83976/83976] -> "/home/ahasas/LDD1_Workspace/source/bbb-rootfs//var/cache/apt/archives/partial/dash_0.5.12-2_armhf.deb" [1]
2026-03-20 21:18:08 URL:http://deb.debian.org/debian/pool/main/d/debconf/debconf_1.5.82_all.deb [121212/121212] -> "/home/ahasas/LDD1_Workspace/source/bbb-rootfs//var/cache/apt/archives/partial/debconf_1.5.82_all.deb" [1]
2026-03-20 21:18:09 URL:http://deb.debian.org/debian/pool/main/d/debconf/debconf-i18n_1.5.82_all.deb [208040/208040] -> "/home/ahasas/LDD1_Workspace/source/bbb-rootfs//var/cache/apt/archives/partial/debconf-i18n_1.5.82_all.deb" [1]
2026-03-20 21:18:10 URL:http://deb.debian.org/debian/pool/main/d/debian-archive-keyring/debian-archive-keyring_2023.3+deb12u2_all.deb [178572/178572] -> "/home/ahasas/LDD1_Workspace/source/bbb-rootfs//var/cache/apt/archives/partial/debian-archive-keyring_2023.3+deb12u2_all.deb" [1]
2026-03-20 21:18:10 URL:http://deb.debian.org/debian/pool/main/d/debianutils/debianutils_5.7-0.5~deb12u1_armhf.deb [101520/101520] -> "/home/ahasas/LDD1_Workspace/source/bbb-rootfs//var/cache/apt/archives/partial/debianutils_5.7-0.5~deb12u1_armhf.deb" [1]
2026-03-20 21:18:11 URL:http://deb.debian.org/debian/pool/main/d/diffutils/diffutils_3.8-4_armhf.deb [338140/338140] -> "/home/ahasas/LDD1_Workspace/source/bbb-rootfs//var/cache/apt/archives/partial/diffutils_1%3a3.8-4_armhf.deb" [1]
2026-03-20 21:18:11 URL:http://deb.debian.org/debian/pool/main/d/dmidecode/dmidecode_3.4-1_armhf.deb [55560/55560] -> "/home/ahasas/LDD1_Workspace/source/bbb-rootfs//var/cache/apt/archives/partial/dmidecode_3.4-1_armhf.deb" [1]
2026-03-20 21:18:11 URL:http://deb.debian.org/debian/pool/main/l/lvm2/dmsetup_1.02.185-2_armhf.deb [81868/81868] -> "/home/ahasas/LDD1_Workspace/source/bbb-rootfs//var/cache/apt/archives/partial/dmsetup_2%3a1.02.185-2_armhf.deb" [1]
2026-03-20 21:18:12 URL:http://deb.debian.org/debian/pool/main/d/dpkg/dpkg_1.21.22_armhf.deb [1522252/1522252] -> "/home/ahasas/LDD1_Workspace/source/bbb-rootfs//var/cache/apt/archives/partial/dpkg_1.21.22_armhf.deb" [1]
2026-03-20 21:18:13 URL:http://deb.debian.org/debian/pool/main/e/e2fsprogs/e2fsprogs_1.47.0-2+b2_armhf.deb [546988/546988] -> "/home/ahasas/LDD1_Workspace/source/bbb-rootfs//var/cache/apt/archives/partial/e2fsprogs_1.47.0-2+b2_armhf.deb" [1]
2026-03-20 21:18:14 URL:http://deb.debian.org/debian/pool/main/u/util-linux/fdisk_2.38.1-5+deb12u3_armhf.deb [129304/129304] -> "/home/ahasas/LDD1_Workspace/source/bbb-rootfs//var/cache/apt/archives/partial/fdisk_2.38.1-5+deb12u3_armhf.deb" [1]
2026-03-20 21:18:15 URL:http://deb.debian.org/debian/pool/main/f/findutils/findutils_4.9.0-4_armhf.deb [622176/622176] -> "/home/ahasas/LDD1_Workspace/source/bbb-rootfs//var/cache/apt/archives/partial/findutils_4.9.0-4_armhf.deb" [1]
2026-03-20 21:18:15 URL:http://deb.debian.org/debian/pool/main/g/gcc-12/gcc-12-base_12.2.0-14+deb12u1_armhf.deb [37604/37604] -> "/home/ahasas/LDD1_Workspace/source/bbb-rootfs//var/cache/apt/archives/partial/gcc-12-base_12.2.0-14+deb12u1_armhf.deb" [1]
2026-03-20 21:18:16 URL:http://deb.debian.org/debian/pool/main/g/gnupg2/gpgv_2.2.40-1.1+deb12u2_armhf.deb [615724/615724] -> "/home/ahasas/LDD1_Workspace/source/bbb-rootfs//var/cache/apt/archives/partial/gpgv_2.2.40-1.1+deb12u2_armhf.deb" [1]
2026-03-20 21:18:17 URL:http://deb.debian.org/debian/pool/main/g/grep/grep_3.8-5_armhf.deb [410224/410224] -> "/home/ahasas/LDD1_Workspace/source/bbb-rootfs//var/cache/apt/archives/partial/grep_3.8-5_armhf.deb" [1]
2026-03-20 21:18:17 URL:http://deb.debian.org/debian/pool/main/g/gzip/gzip_1.12-1_armhf.deb [136304/136304] -> "/home/ahasas/LDD1_Workspace/source/bbb-rootfs//var/cache/apt/archives/partial/gzip_1.12-1_armhf.deb" [1]
2026-03-20 21:18:17 URL:http://deb.debian.org/debian/pool/main/h/hostname/hostname_3.23+nmu1_armhf.deb [9788/9788] -> "/home/ahasas/LDD1_Workspace/source/bbb-rootfs//var/cache/apt/archives/partial/hostname_3.23+nmu1_armhf.deb" [1]
2026-03-20 21:18:18 URL:http://deb.debian.org/debian/pool/main/i/ifupdown/ifupdown_0.8.41_armhf.deb [57468/57468] -> "/home/ahasas/LDD1_Workspace/source/bbb-rootfs//var/cache/apt/archives/partial/ifupdown_0.8.41_armhf.deb" [1]
2026-03-20 21:18:18 URL:http://deb.debian.org/debian/pool/main/i/init-system-helpers/init_1.65.2+deb12u1_armhf.deb [5600/5600] -> "/home/ahasas/LDD1_Workspace/source/bbb-rootfs//var/cache/apt/archives/partial/init_1.65.2+deb12u1_armhf.deb" [1]
2026-03-20 21:18:18 URL:http://deb.debian.org/debian/pool/main/i/init-system-helpers/init-system-helpers_1.65.2+deb12u1_all.deb [39020/39020] -> "/home/ahasas/LDD1_Workspace/source/bbb-rootfs//var/cache/apt/archives/partial/init-system-helpers_1.65.2+deb12u1_all.deb" [1]
2026-03-20 21:18:19 URL:http://deb.debian.org/debian/pool/main/i/iproute2/iproute2_6.1.0-3_armhf.deb [974776/974776] -> "/home/ahasas/LDD1_Workspace/source/bbb-rootfs//var/cache/apt/archives/partial/iproute2_6.1.0-3_armhf.deb" [1]
2026-03-20 21:18:20 URL:http://deb.debian.org/debian/pool/main/i/iputils/iputils-ping_20221126-1+deb12u1_armhf.deb [45228/45228] -> "/home/ahasas/LDD1_Workspace/source/bbb-rootfs//var/cache/apt/archives/partial/iputils-ping_3%3a20221126-1+deb12u1_armhf.deb" [1]
2026-03-20 21:18:21 URL:http://deb.debian.org/debian/pool/main/i/isc-dhcp/isc-dhcp-client_4.4.3-P1-2_armhf.deb [990720/990720] -> "/home/ahasas/LDD1_Workspace/source/bbb-rootfs//var/cache/apt/archives/partial/isc-dhcp-client_4.4.3-P1-2_armhf.deb" [1]
2026-03-20 21:18:21 URL:http://deb.debian.org/debian/pool/main/i/isc-dhcp/isc-dhcp-common_4.4.3-P1-2_armhf.deb [117272/117272] -> "/home/ahasas/LDD1_Workspace/source/bbb-rootfs//var/cache/apt/archives/partial/isc-dhcp-common_4.4.3-P1-2_armhf.deb" [1]
2026-03-20 21:18:21 URL:http://deb.debian.org/debian/pool/main/k/kmod/kmod_30+20221128-1_armhf.deb [84160/84160] -> "/home/ahasas/LDD1_Workspace/source/bbb-rootfs//var/cache/apt/archives/partial/kmod_30+20221128-1_armhf.deb" [1]
2026-03-20 21:18:22 URL:http://deb.debian.org/debian/pool/main/l/less/less_590-2.1~deb12u2_armhf.deb [124388/124388] -> "/home/ahasas/LDD1_Workspace/source/bbb-rootfs//var/cache/apt/archives/partial/less_590-2.1~deb12u2_armhf.deb" [1]
2026-03-20 21:18:22 URL:http://deb.debian.org/debian/pool/main/a/acl/libacl1_2.3.1-3_armhf.deb [28836/28836] -> "/home/ahasas/LDD1_Workspace/source/bbb-rootfs//var/cache/apt/archives/partial/libacl1_2.3.1-3_armhf.deb" [1]
2026-03-20 21:18:22 URL:http://deb.debian.org/debian/pool/main/a/apparmor/libapparmor1_3.0.8-3_armhf.deb [36900/36900] -> "/home/ahasas/LDD1_Workspace/source/bbb-rootfs//var/cache/apt/archives/partial/libapparmor1_3.0.8-3_armhf.deb" [1]
2026-03-20 21:18:23 URL:http://deb.debian.org/debian/pool/main/a/apt/libapt-pkg6.0_2.6.1_armhf.deb [823536/823536] -> "/home/ahasas/LDD1_Workspace/source/bbb-rootfs//var/cache/apt/archives/partial/libapt-pkg6.0_2.6.1_armhf.deb" [1]
2026-03-20 21:18:23 URL:http://deb.debian.org/debian/pool/main/a/argon2/libargon2-1_0~20171227-0.3+deb12u1_armhf.deb [19560/19560] -> "/home/ahasas/LDD1_Workspace/source/bbb-rootfs//var/cache/apt/archives/partial/libargon2-1_0~20171227-0.3+deb12u1_armhf.deb" [1]
2026-03-20 21:18:23 URL:http://deb.debian.org/debian/pool/main/a/attr/libattr1_2.5.1-4_armhf.deb [21136/21136] -> "/home/ahasas/LDD1_Workspace/source/bbb-rootfs//var/cache/apt/archives/partial/libattr1_1%3a2.5.1-4_armhf.deb" [1]
2026-03-20 21:18:24 URL:http://deb.debian.org/debian/pool/main/a/audit/libaudit-common_3.0.9-1_all.deb [10448/10448] -> "/home/ahasas/LDD1_Workspace/source/bbb-rootfs//var/cache/apt/archives/partial/libaudit-common_1%3a3.0.9-1_all.deb" [1]
2026-03-20 21:18:24 URL:http://deb.debian.org/debian/pool/main/a/audit/libaudit1_3.0.9-1_armhf.deb [43692/43692] -> "/home/ahasas/LDD1_Workspace/source/bbb-rootfs//var/cache/apt/archives/partial/libaudit1_1%3a3.0.9-1_armhf.deb" [1]
2026-03-20 21:18:24 URL:http://deb.debian.org/debian/pool/main/u/util-linux/libblkid1_2.38.1-5+deb12u3_armhf.deb [131072/131072] -> "/home/ahasas/LDD1_Workspace/source/bbb-rootfs//var/cache/apt/archives/partial/libblkid1_2.38.1-5+deb12u3_armhf.deb" [1]
2026-03-20 21:18:25 URL:http://deb.debian.org/debian/pool/main/libb/libbpf/libbpf1_1.1.2-0+deb12u1_armhf.deb [124984/124984] -> "/home/ahasas/LDD1_Workspace/source/bbb-rootfs//var/cache/apt/archives/partial/libbpf1_1%3a1.1.2-0+deb12u1_armhf.deb" [1]
2026-03-20 21:18:26 URL:http://deb.debian.org/debian/pool/main/libb/libbsd/libbsd0_0.11.7-2_armhf.deb [112608/112608] -> "/home/ahasas/LDD1_Workspace/source/bbb-rootfs//var/cache/apt/archives/partial/libbsd0_0.11.7-2_armhf.deb" [1]
2026-03-20 21:18:26 URL:http://deb.debian.org/debian/pool/main/b/bzip2/libbz2-1.0_1.0.8-5+b1_armhf.deb [44140/44140] -> "/home/ahasas/LDD1_Workspace/source/bbb-rootfs//var/cache/apt/archives/partial/libbz2-1.0_1.0.8-5+b1_armhf.deb" [1]
2026-03-20 21:18:27 URL:http://deb.debian.org/debian/pool/main/g/glibc/libc-bin_2.36-9+deb12u13_armhf.deb [505644/505644] -> "/home/ahasas/LDD1_Workspace/source/bbb-rootfs//var/cache/apt/archives/partial/libc-bin_2.36-9+deb12u13_armhf.deb" [1]
2026-03-20 21:18:29 URL:http://deb.debian.org/debian/pool/main/g/glibc/libc6_2.36-9+deb12u13_armhf.deb [2135840/2135840] -> "/home/ahasas/LDD1_Workspace/source/bbb-rootfs//var/cache/apt/archives/partial/libc6_2.36-9+deb12u13_armhf.deb" [1]
2026-03-20 21:18:30 URL:http://deb.debian.org/debian/pool/main/libc/libcap-ng/libcap-ng0_0.8.3-1+b3_armhf.deb [15476/15476] -> "/home/ahasas/LDD1_Workspace/source/bbb-rootfs//var/cache/apt/archives/partial/libcap-ng0_0.8.3-1+b3_armhf.deb" [1]
2026-03-20 21:18:30 URL:http://deb.debian.org/debian/pool/main/libc/libcap2/libcap2_2.66-4+deb12u2+b2_armhf.deb [23548/23548] -> "/home/ahasas/LDD1_Workspace/source/bbb-rootfs//var/cache/apt/archives/partial/libcap2_1%3a2.66-4+deb12u2+b2_armhf.deb" [1]
2026-03-20 21:18:30 URL:http://deb.debian.org/debian/pool/main/libc/libcap2/libcap2-bin_2.66-4+deb12u2+b2_armhf.deb [33380/33380] -> "/home/ahasas/LDD1_Workspace/source/bbb-rootfs//var/cache/apt/archives/partial/libcap2-bin_1%3a2.66-4+deb12u2+b2_armhf.deb" [1]
2026-03-20 21:18:30 URL:http://deb.debian.org/debian/pool/main/e/e2fsprogs/libcom-err2_1.47.0-2+b2_armhf.deb [19272/19272] -> "/home/ahasas/LDD1_Workspace/source/bbb-rootfs//var/cache/apt/archives/partial/libcom-err2_1.47.0-2+b2_armhf.deb" [1]
2026-03-20 21:18:31 URL:http://deb.debian.org/debian/pool/main/libx/libxcrypt/libcrypt1_4.4.33-2_armhf.deb [95644/95644] -> "/home/ahasas/LDD1_Workspace/source/bbb-rootfs//var/cache/apt/archives/partial/libcrypt1_1%3a4.4.33-2_armhf.deb" [1]
2026-03-20 21:18:31 URL:http://deb.debian.org/debian/pool/main/c/cryptsetup/libcryptsetup12_2.6.1-4~deb12u2_armhf.deb [196340/196340] -> "/home/ahasas/LDD1_Workspace/source/bbb-rootfs//var/cache/apt/archives/partial/libcryptsetup12_2%3a2.6.1-4~deb12u2_armhf.deb" [1]
2026-03-20 21:18:32 URL:http://deb.debian.org/debian/pool/main/d/db5.3/libdb5.3_5.3.28+dfsg2-1_armhf.deb [593844/593844] -> "/home/ahasas/LDD1_Workspace/source/bbb-rootfs//var/cache/apt/archives/partial/libdb5.3_5.3.28+dfsg2-1_armhf.deb" [1]
2026-03-20 21:18:32 URL:http://deb.debian.org/debian/pool/main/c/cdebconf/libdebconfclient0_0.270_armhf.deb [9488/9488] -> "/home/ahasas/LDD1_Workspace/source/bbb-rootfs//var/cache/apt/archives/partial/libdebconfclient0_0.270_armhf.deb" [1]
2026-03-20 21:18:32 URL:http://deb.debian.org/debian/pool/main/l/lvm2/libdevmapper1.02.1_1.02.185-2_armhf.deb [124828/124828] -> "/home/ahasas/LDD1_Workspace/source/bbb-rootfs//var/cache/apt/archives/partial/libdevmapper1.02.1_2%3a1.02.185-2_armhf.deb" [1]
2026-03-20 21:18:33 URL:http://deb.debian.org/debian/pool/main/libe/libedit/libedit2_3.1-20221030-2_armhf.deb [76984/76984] -> "/home/ahasas/LDD1_Workspace/source/bbb-rootfs//var/cache/apt/archives/partial/libedit2_3.1-20221030-2_armhf.deb" [1]
2026-03-20 21:18:33 URL:http://deb.debian.org/debian/pool/main/e/elfutils/libelf1_0.188-2.1_armhf.deb [169520/169520] -> "/home/ahasas/LDD1_Workspace/source/bbb-rootfs//var/cache/apt/archives/partial/libelf1_0.188-2.1_armhf.deb" [1]
2026-03-20 21:18:34 URL:http://deb.debian.org/debian/pool/main/e/e2fsprogs/libext2fs2_1.47.0-2+b2_armhf.deb [186208/186208] -> "/home/ahasas/LDD1_Workspace/source/bbb-rootfs//var/cache/apt/archives/partial/libext2fs2_1.47.0-2+b2_armhf.deb" [1]
2026-03-20 21:18:34 URL:http://deb.debian.org/debian/pool/main/u/util-linux/libfdisk1_2.38.1-5+deb12u3_armhf.deb [177500/177500] -> "/home/ahasas/LDD1_Workspace/source/bbb-rootfs//var/cache/apt/archives/partial/libfdisk1_2.38.1-5+deb12u3_armhf.deb" [1]
2026-03-20 21:18:34 URL:http://deb.debian.org/debian/pool/main/libf/libffi/libffi8_3.4.4-1_armhf.deb [19528/19528] -> "/home/ahasas/LDD1_Workspace/source/bbb-rootfs//var/cache/apt/archives/partial/libffi8_3.4.4-1_armhf.deb" [1]
2026-03-20 21:18:35 URL:http://deb.debian.org/debian/pool/main/g/gcc-12/libgcc-s1_12.2.0-14+deb12u1_armhf.deb [36464/36464] -> "/home/ahasas/LDD1_Workspace/source/bbb-rootfs//var/cache/apt/archives/partial/libgcc-s1_12.2.0-14+deb12u1_armhf.deb" [1]
2026-03-20 21:18:35 URL:http://deb.debian.org/debian/pool/main/libg/libgcrypt20/libgcrypt20_1.10.1-3_armhf.deb [619416/619416] -> "/home/ahasas/LDD1_Workspace/source/bbb-rootfs//var/cache/apt/archives/partial/libgcrypt20_1.10.1-3_armhf.deb" [1]
2026-03-20 21:18:36 URL:http://deb.debian.org/debian/pool/main/g/gmp/libgmp10_6.2.1+dfsg1-1.1_armhf.deb [514280/514280] -> "/home/ahasas/LDD1_Workspace/source/bbb-rootfs//var/cache/apt/archives/partial/libgmp10_2%3a6.2.1+dfsg1-1.1_armhf.deb" [1]
2026-03-20 21:18:37 URL:http://deb.debian.org/debian/pool/main/g/gnutls28/libgnutls30_3.7.9-2+deb12u5_armhf.deb [1321572/1321572] -> "/home/ahasas/LDD1_Workspace/source/bbb-rootfs//var/cache/apt/archives/partial/libgnutls30_3.7.9-2+deb12u5_armhf.deb" [1]
2026-03-20 21:18:38 URL:http://deb.debian.org/debian/pool/main/libg/libgpg-error/libgpg-error0_1.46-1_armhf.deb [66712/66712] -> "/home/ahasas/LDD1_Workspace/source/bbb-rootfs//var/cache/apt/archives/partial/libgpg-error0_1.46-1_armhf.deb" [1]
2026-03-20 21:18:38 URL:http://deb.debian.org/debian/pool/main/k/krb5/libgssapi-krb5-2_1.20.1-2+deb12u4_armhf.deb [111768/111768] -> "/home/ahasas/LDD1_Workspace/source/bbb-rootfs//var/cache/apt/archives/partial/libgssapi-krb5-2_1.20.1-2+deb12u4_armhf.deb" [1]
2026-03-20 21:18:38 URL:http://deb.debian.org/debian/pool/main/n/nettle/libhogweed6_3.8.1-2_armhf.deb [315344/315344] -> "/home/ahasas/LDD1_Workspace/source/bbb-rootfs//var/cache/apt/archives/partial/libhogweed6_3.8.1-2_armhf.deb" [1]
2026-03-20 21:18:39 URL:http://deb.debian.org/debian/pool/main/libi/libidn2/libidn2-0_2.3.3-1+b1_armhf.deb [119764/119764] -> "/home/ahasas/LDD1_Workspace/source/bbb-rootfs//var/cache/apt/archives/partial/libidn2-0_2.3.3-1+b1_armhf.deb" [1]
2026-03-20 21:18:39 URL:http://deb.debian.org/debian/pool/main/i/iptables/libip4tc2_1.8.9-2_armhf.deb [16932/16932] -> "/home/ahasas/LDD1_Workspace/source/bbb-rootfs//var/cache/apt/archives/partial/libip4tc2_1.8.9-2_armhf.deb" [1]
2026-03-20 21:18:39 URL:http://deb.debian.org/debian/pool/main/j/jansson/libjansson4_2.14-2_armhf.deb [36708/36708] -> "/home/ahasas/LDD1_Workspace/source/bbb-rootfs//var/cache/apt/archives/partial/libjansson4_2.14-2_armhf.deb" [1]
2026-03-20 21:18:39 URL:http://deb.debian.org/debian/pool/main/j/json-c/libjson-c5_0.16-2_armhf.deb [40384/40384] -> "/home/ahasas/LDD1_Workspace/source/bbb-rootfs//var/cache/apt/archives/partial/libjson-c5_0.16-2_armhf.deb" [1]
2026-03-20 21:18:40 URL:http://deb.debian.org/debian/pool/main/k/krb5/libk5crypto3_1.20.1-2+deb12u4_armhf.deb [75268/75268] -> "/home/ahasas/LDD1_Workspace/source/bbb-rootfs//var/cache/apt/archives/partial/libk5crypto3_1.20.1-2+deb12u4_armhf.deb" [1]
2026-03-20 21:18:40 URL:http://deb.debian.org/debian/pool/main/k/keyutils/libkeyutils1_1.6.3-2_armhf.deb [7832/7832] -> "/home/ahasas/LDD1_Workspace/source/bbb-rootfs//var/cache/apt/archives/partial/libkeyutils1_1.6.3-2_armhf.deb" [1]
2026-03-20 21:18:40 URL:http://deb.debian.org/debian/pool/main/k/kmod/libkmod2_30+20221128-1_armhf.deb [50044/50044] -> "/home/ahasas/LDD1_Workspace/source/bbb-rootfs//var/cache/apt/archives/partial/libkmod2_30+20221128-1_armhf.deb" [1]
2026-03-20 21:18:41 URL:http://deb.debian.org/debian/pool/main/k/krb5/libkrb5-3_1.20.1-2+deb12u4_armhf.deb [287936/287936] -> "/home/ahasas/LDD1_Workspace/source/bbb-rootfs//var/cache/apt/archives/partial/libkrb5-3_1.20.1-2+deb12u4_armhf.deb" [1]
2026-03-20 21:18:41 URL:http://deb.debian.org/debian/pool/main/k/krb5/libkrb5support0_1.20.1-2+deb12u4_armhf.deb [30100/30100] -> "/home/ahasas/LDD1_Workspace/source/bbb-rootfs//var/cache/apt/archives/partial/libkrb5support0_1.20.1-2+deb12u4_armhf.deb" [1]
2026-03-20 21:18:42 URL:http://deb.debian.org/debian/pool/main/libl/liblocale-gettext-perl/liblocale-gettext-perl_1.07-5_armhf.deb [14892/14892] -> "/home/ahasas/LDD1_Workspace/source/bbb-rootfs//var/cache/apt/archives/partial/liblocale-gettext-perl_1.07-5_armhf.deb" [1]
2026-03-20 21:18:42 URL:http://deb.debian.org/debian/pool/main/l/lz4/liblz4-1_1.9.4-1_armhf.deb [55004/55004] -> "/home/ahasas/LDD1_Workspace/source/bbb-rootfs//var/cache/apt/archives/partial/liblz4-1_1.9.4-1_armhf.deb" [1]
2026-03-20 21:18:42 URL:http://deb.debian.org/debian/pool/main/x/xz-utils/liblzma5_5.4.1-1_armhf.deb [192876/192876] -> "/home/ahasas/LDD1_Workspace/source/bbb-rootfs//var/cache/apt/archives/partial/liblzma5_5.4.1-1_armhf.deb" [1]
2026-03-20 21:18:43 URL:http://deb.debian.org/debian/pool/main/libm/libmd/libmd0_1.0.4-2_armhf.deb [28932/28932] -> "/home/ahasas/LDD1_Workspace/source/bbb-rootfs//var/cache/apt/archives/partial/libmd0_1.0.4-2_armhf.deb" [1]
2026-03-20 21:18:43 URL:http://deb.debian.org/debian/pool/main/libm/libmnl/libmnl0_1.0.4-3_armhf.deb [10860/10860] -> "/home/ahasas/LDD1_Workspace/source/bbb-rootfs//var/cache/apt/archives/partial/libmnl0_1.0.4-3_armhf.deb" [1]
2026-03-20 21:18:43 URL:http://deb.debian.org/debian/pool/main/u/util-linux/libmount1_2.38.1-5+deb12u3_armhf.deb [148036/148036] -> "/home/ahasas/LDD1_Workspace/source/bbb-rootfs//var/cache/apt/archives/partial/libmount1_2.38.1-5+deb12u3_armhf.deb" [1]
2026-03-20 21:18:44 URL:http://deb.debian.org/debian/pool/main/n/ncurses/libncursesw6_6.4-4_armhf.deb [107928/107928] -> "/home/ahasas/LDD1_Workspace/source/bbb-rootfs//var/cache/apt/archives/partial/libncursesw6_6.4-4_armhf.deb" [1]
2026-03-20 21:18:44 URL:http://deb.debian.org/debian/pool/main/n/nettle/libnettle8_3.8.1-2_armhf.deb [295808/295808] -> "/home/ahasas/LDD1_Workspace/source/bbb-rootfs//var/cache/apt/archives/partial/libnettle8_3.8.1-2_armhf.deb" [1]
2026-03-20 21:18:45 URL:http://deb.debian.org/debian/pool/main/n/newt/libnewt0.52_0.52.23-1+b1_armhf.deb [51328/51328] -> "/home/ahasas/LDD1_Workspace/source/bbb-rootfs//var/cache/apt/archives/partial/libnewt0.52_0.52.23-1+b1_armhf.deb" [1]
2026-03-20 21:18:46 URL:http://deb.debian.org/debian/pool/main/n/nftables/libnftables1_1.0.6-2+deb12u2_armhf.deb [260188/260188] -> "/home/ahasas/LDD1_Workspace/source/bbb-rootfs//var/cache/apt/archives/partial/libnftables1_1.0.6-2+deb12u2_armhf.deb" [1]
2026-03-20 21:18:46 URL:http://deb.debian.org/debian/pool/main/libn/libnftnl/libnftnl11_1.2.4-2_armhf.deb [46880/46880] -> "/home/ahasas/LDD1_Workspace/source/bbb-rootfs//var/cache/apt/archives/partial/libnftnl11_1.2.4-2_armhf.deb" [1]
2026-03-20 21:18:46 URL:http://deb.debian.org/debian/pool/main/p/p11-kit/libp11-kit0_0.24.1-2_armhf.deb [321064/321064] -> "/home/ahasas/LDD1_Workspace/source/bbb-rootfs//var/cache/apt/archives/partial/libp11-kit0_0.24.1-2_armhf.deb" [1]
2026-03-20 21:18:47 URL:http://deb.debian.org/debian/pool/main/p/pam/libpam-modules_1.5.2-6+deb12u2_armhf.deb [273816/273816] -> "/home/ahasas/LDD1_Workspace/source/bbb-rootfs//var/cache/apt/archives/partial/libpam-modules_1.5.2-6+deb12u2_armhf.deb" [1]
2026-03-20 21:18:47 URL:http://deb.debian.org/debian/pool/main/p/pam/libpam-modules-bin_1.5.2-6+deb12u2_armhf.deb [71724/71724] -> "/home/ahasas/LDD1_Workspace/source/bbb-rootfs//var/cache/apt/archives/partial/libpam-modules-bin_1.5.2-6+deb12u2_armhf.deb" [1]
2026-03-20 21:18:48 URL:http://deb.debian.org/debian/pool/main/p/pam/libpam-runtime_1.5.2-6+deb12u2_all.deb [160936/160936] -> "/home/ahasas/LDD1_Workspace/source/bbb-rootfs//var/cache/apt/archives/partial/libpam-runtime_1.5.2-6+deb12u2_all.deb" [1]
2026-03-20 21:18:48 URL:http://deb.debian.org/debian/pool/main/p/pam/libpam0g_1.5.2-6+deb12u2_armhf.deb [86572/86572] -> "/home/ahasas/LDD1_Workspace/source/bbb-rootfs//var/cache/apt/archives/partial/libpam0g_1.5.2-6+deb12u2_armhf.deb" [1]
2026-03-20 21:18:49 URL:http://deb.debian.org/debian/pool/main/p/pcre2/libpcre2-8-0_10.42-1_armhf.deb [226716/226716] -> "/home/ahasas/LDD1_Workspace/source/bbb-rootfs//var/cache/apt/archives/partial/libpcre2-8-0_10.42-1_armhf.deb" [1]
2026-03-20 21:18:49 URL:http://deb.debian.org/debian/pool/main/p/popt/libpopt0_1.19+dfsg-1_armhf.deb [40200/40200] -> "/home/ahasas/LDD1_Workspace/source/bbb-rootfs//var/cache/apt/archives/partial/libpopt0_1.19+dfsg-1_armhf.deb" [1]
2026-03-20 21:18:49 URL:http://deb.debian.org/debian/pool/main/p/procps/libproc2-0_4.0.2-3_armhf.deb [54164/54164] -> "/home/ahasas/LDD1_Workspace/source/bbb-rootfs//var/cache/apt/archives/partial/libproc2-0_2%3a4.0.2-3_armhf.deb" [1]
2026-03-20 21:18:50 URL:http://deb.debian.org/debian/pool/main/r/readline/libreadline8_8.2-1.3_armhf.deb [143640/143640] -> "/home/ahasas/LDD1_Workspace/source/bbb-rootfs//var/cache/apt/archives/partial/libreadline8_8.2-1.3_armhf.deb" [1]
2026-03-20 21:18:50 URL:http://deb.debian.org/debian/pool/main/libs/libseccomp/libseccomp2_2.5.4-1+deb12u1_armhf.deb [44936/44936] -> "/home/ahasas/LDD1_Workspace/source/bbb-rootfs//var/cache/apt/archives/partial/libseccomp2_2.5.4-1+deb12u1_armhf.deb" [1]
2026-03-20 21:18:50 URL:http://deb.debian.org/debian/pool/main/libs/libselinux/libselinux1_3.4-1+b6_armhf.deb [64384/64384] -> "/home/ahasas/LDD1_Workspace/source/bbb-rootfs//var/cache/apt/archives/partial/libselinux1_3.4-1+b6_armhf.deb" [1]
2026-03-20 21:18:51 URL:http://deb.debian.org/debian/pool/main/libs/libsemanage/libsemanage-common_3.4-1_all.deb [21632/21632] -> "/home/ahasas/LDD1_Workspace/source/bbb-rootfs//var/cache/apt/archives/partial/libsemanage-common_3.4-1_all.deb" [1]
2026-03-20 21:18:51 URL:http://deb.debian.org/debian/pool/main/libs/libsemanage/libsemanage2_3.4-1+b5_armhf.deb [76564/76564] -> "/home/ahasas/LDD1_Workspace/source/bbb-rootfs//var/cache/apt/archives/partial/libsemanage2_3.4-1+b5_armhf.deb" [1]
2026-03-20 21:18:52 URL:http://deb.debian.org/debian/pool/main/libs/libsepol/libsepol2_3.4-2.1_armhf.deb [236112/236112] -> "/home/ahasas/LDD1_Workspace/source/bbb-rootfs//var/cache/apt/archives/partial/libsepol2_3.4-2.1_armhf.deb" [1]
2026-03-20 21:18:52 URL:http://deb.debian.org/debian/pool/main/s/slang2/libslang2_2.3.3-3_armhf.deb [510396/510396] -> "/home/ahasas/LDD1_Workspace/source/bbb-rootfs//var/cache/apt/archives/partial/libslang2_2.3.3-3_armhf.deb" [1]
2026-03-20 21:18:53 URL:http://deb.debian.org/debian/pool/main/u/util-linux/libsmartcols1_2.38.1-5+deb12u3_armhf.deb [93496/93496] -> "/home/ahasas/LDD1_Workspace/source/bbb-rootfs//var/cache/apt/archives/partial/libsmartcols1_2.38.1-5+deb12u3_armhf.deb" [1]
2026-03-20 21:18:53 URL:http://deb.debian.org/debian/pool/main/e/e2fsprogs/libss2_1.47.0-2+b2_armhf.deb [22844/22844] -> "/home/ahasas/LDD1_Workspace/source/bbb-rootfs//var/cache/apt/archives/partial/libss2_1.47.0-2+b2_armhf.deb" [1]
2026-03-20 21:18:54 URL:http://deb.debian.org/debian/pool/main/o/openssl/libssl3_3.0.18-1~deb12u1_armhf.deb [1673112/1673112] -> "/home/ahasas/LDD1_Workspace/source/bbb-rootfs//var/cache/apt/archives/partial/libssl3_3.0.18-1~deb12u1_armhf.deb" [1]
2026-03-20 21:18:54 URL:http://deb.debian.org/debian/pool/main/g/gcc-12/libstdc++6_12.2.0-14+deb12u1_armhf.deb [519216/519216] -> "/home/ahasas/LDD1_Workspace/source/bbb-rootfs//var/cache/apt/archives/partial/libstdc++6_12.2.0-14+deb12u1_armhf.deb" [1]
2026-03-20 21:18:55 URL:http://deb.debian.org/debian/pool/main/s/systemd/libsystemd-shared_252.39-1~deb12u1_armhf.deb [1550644/1550644] -> "/home/ahasas/LDD1_Workspace/source/bbb-rootfs//var/cache/apt/archives/partial/libsystemd-shared_252.39-1~deb12u1_armhf.deb" [1]
2026-03-20 21:18:56 URL:http://deb.debian.org/debian/pool/main/s/systemd/libsystemd0_252.39-1~deb12u1_armhf.deb [303532/303532] -> "/home/ahasas/LDD1_Workspace/source/bbb-rootfs//var/cache/apt/archives/partial/libsystemd0_252.39-1~deb12u1_armhf.deb" [1]
2026-03-20 21:18:56 URL:http://deb.debian.org/debian/pool/main/libt/libtasn1-6/libtasn1-6_4.19.0-2+deb12u1_armhf.deb [42972/42972] -> "/home/ahasas/LDD1_Workspace/source/bbb-rootfs//var/cache/apt/archives/partial/libtasn1-6_4.19.0-2+deb12u1_armhf.deb" [1]
2026-03-20 21:18:56 URL:http://deb.debian.org/debian/pool/main/libt/libtext-charwidth-perl/libtext-charwidth-perl_0.04-11_armhf.deb [9236/9236] -> "/home/ahasas/LDD1_Workspace/source/bbb-rootfs//var/cache/apt/archives/partial/libtext-charwidth-perl_0.04-11_armhf.deb" [1]
2026-03-20 21:18:57 URL:http://deb.debian.org/debian/pool/main/libt/libtext-iconv-perl/libtext-iconv-perl_1.7-8_armhf.deb [13800/13800] -> "/home/ahasas/LDD1_Workspace/source/bbb-rootfs//var/cache/apt/archives/partial/libtext-iconv-perl_1.7-8_armhf.deb" [1]
2026-03-20 21:18:57 URL:http://deb.debian.org/debian/pool/main/libt/libtext-wrapi18n-perl/libtext-wrapi18n-perl_0.06-10_all.deb [8808/8808] -> "/home/ahasas/LDD1_Workspace/source/bbb-rootfs//var/cache/apt/archives/partial/libtext-wrapi18n-perl_0.06-10_all.deb" [1]
2026-03-20 21:18:57 URL:http://deb.debian.org/debian/pool/main/n/ncurses/libtinfo6_6.4-4_armhf.deb [317144/317144] -> "/home/ahasas/LDD1_Workspace/source/bbb-rootfs//var/cache/apt/archives/partial/libtinfo6_6.4-4_armhf.deb" [1]
2026-03-20 21:18:58 URL:http://deb.debian.org/debian/pool/main/libt/libtirpc/libtirpc-common_1.3.3+ds-1_all.deb [14048/14048] -> "/home/ahasas/LDD1_Workspace/source/bbb-rootfs//var/cache/apt/archives/partial/libtirpc-common_1.3.3+ds-1_all.deb" [1]
2026-03-20 21:18:58 URL:http://deb.debian.org/debian/pool/main/libt/libtirpc/libtirpc3_1.3.3+ds-1_armhf.deb [72944/72944] -> "/home/ahasas/LDD1_Workspace/source/bbb-rootfs//var/cache/apt/archives/partial/libtirpc3_1.3.3+ds-1_armhf.deb" [1]
2026-03-20 21:18:58 URL:http://deb.debian.org/debian/pool/main/s/systemd/libudev1_252.39-1~deb12u1_armhf.deb [100520/100520] -> "/home/ahasas/LDD1_Workspace/source/bbb-rootfs//var/cache/apt/archives/partial/libudev1_252.39-1~deb12u1_armhf.deb" [1]
2026-03-20 21:18:59 URL:http://deb.debian.org/debian/pool/main/libu/libunistring/libunistring2_1.0-2_armhf.deb [409300/409300] -> "/home/ahasas/LDD1_Workspace/source/bbb-rootfs//var/cache/apt/archives/partial/libunistring2_1.0-2_armhf.deb" [1]
2026-03-20 21:18:59 URL:http://deb.debian.org/debian/pool/main/u/util-linux/libuuid1_2.38.1-5+deb12u3_armhf.deb [27580/27580] -> "/home/ahasas/LDD1_Workspace/source/bbb-rootfs//var/cache/apt/archives/partial/libuuid1_2.38.1-5+deb12u3_armhf.deb" [1]
2026-03-20 21:19:00 URL:http://deb.debian.org/debian/pool/main/i/iptables/libxtables12_1.8.9-2_armhf.deb [27756/27756] -> "/home/ahasas/LDD1_Workspace/source/bbb-rootfs//var/cache/apt/archives/partial/libxtables12_1.8.9-2_armhf.deb" [1]
2026-03-20 21:19:00 URL:http://deb.debian.org/debian/pool/main/x/xxhash/libxxhash0_0.8.1-1_armhf.deb [26632/26632] -> "/home/ahasas/LDD1_Workspace/source/bbb-rootfs//var/cache/apt/archives/partial/libxxhash0_0.8.1-1_armhf.deb" [1]
2026-03-20 21:19:00 URL:http://deb.debian.org/debian/pool/main/libz/libzstd/libzstd1_1.5.4+dfsg2-5_armhf.deb [248800/248800] -> "/home/ahasas/LDD1_Workspace/source/bbb-rootfs//var/cache/apt/archives/partial/libzstd1_1.5.4+dfsg2-5_armhf.deb" [1]
2026-03-20 21:19:01 URL:http://deb.debian.org/debian/pool/main/s/shadow/login_4.13+dfsg1-1+deb12u2_armhf.deb [612656/612656] -> "/home/ahasas/LDD1_Workspace/source/bbb-rootfs//var/cache/apt/archives/partial/login_1%3a4.13+dfsg1-1+deb12u2_armhf.deb" [1]
2026-03-20 21:19:02 URL:http://deb.debian.org/debian/pool/main/l/logrotate/logrotate_3.21.0-1_armhf.deb [59360/59360] -> "/home/ahasas/LDD1_Workspace/source/bbb-rootfs//var/cache/apt/archives/partial/logrotate_3.21.0-1_armhf.deb" [1]
2026-03-20 21:19:02 URL:http://deb.debian.org/debian/pool/main/e/e2fsprogs/logsave_1.47.0-2+b2_armhf.deb [19356/19356] -> "/home/ahasas/LDD1_Workspace/source/bbb-rootfs//var/cache/apt/archives/partial/logsave_1.47.0-2+b2_armhf.deb" [1]
2026-03-20 21:19:02 URL:http://deb.debian.org/debian/pool/main/m/mawk/mawk_1.3.4.20200120-3.1_armhf.deb [108508/108508] -> "/home/ahasas/LDD1_Workspace/source/bbb-rootfs//var/cache/apt/archives/partial/mawk_1.3.4.20200120-3.1_armhf.deb" [1]
2026-03-20 21:19:03 URL:http://deb.debian.org/debian/pool/main/u/util-linux/mount_2.38.1-5+deb12u3_armhf.deb [125592/125592] -> "/home/ahasas/LDD1_Workspace/source/bbb-rootfs//var/cache/apt/archives/partial/mount_2.38.1-5+deb12u3_armhf.deb" [1]
2026-03-20 21:19:04 URL:http://deb.debian.org/debian/pool/main/n/nano/nano_7.2-1+deb12u1_armhf.deb [675808/675808] -> "/home/ahasas/LDD1_Workspace/source/bbb-rootfs//var/cache/apt/archives/partial/nano_7.2-1+deb12u1_armhf.deb" [1]
2026-03-20 21:19:04 URL:http://deb.debian.org/debian/pool/main/n/ncurses/ncurses-base_6.4-4_all.deb [261308/261308] -> "/home/ahasas/LDD1_Workspace/source/bbb-rootfs//var/cache/apt/archives/partial/ncurses-base_6.4-4_all.deb" [1]
2026-03-20 21:19:04 URL:http://deb.debian.org/debian/pool/main/n/ncurses/ncurses-bin_6.4-4_armhf.deb [413340/413340] -> "/home/ahasas/LDD1_Workspace/source/bbb-rootfs//var/cache/apt/archives/partial/ncurses-bin_6.4-4_armhf.deb" [1]
2026-03-20 21:19:05 URL:http://deb.debian.org/debian/pool/main/n/netbase/netbase_6.4_all.deb [12800/12800] -> "/home/ahasas/LDD1_Workspace/source/bbb-rootfs//var/cache/apt/archives/partial/netbase_6.4_all.deb" [1]
2026-03-20 21:19:05 URL:http://deb.debian.org/debian/pool/main/n/nftables/nftables_1.0.6-2+deb12u2_armhf.deb [69440/69440] -> "/home/ahasas/LDD1_Workspace/source/bbb-rootfs//var/cache/apt/archives/partial/nftables_1.0.6-2+deb12u2_armhf.deb" [1]
2026-03-20 21:19:07 URL:http://deb.debian.org/debian/pool/main/s/shadow/passwd_4.13+dfsg1-1+deb12u2_armhf.deb [922364/922364] -> "/home/ahasas/LDD1_Workspace/source/bbb-rootfs//var/cache/apt/archives/partial/passwd_1%3a4.13+dfsg1-1+deb12u2_armhf.deb" [1]
2026-03-20 21:19:08 URL:http://deb.debian.org/debian/pool/main/p/perl/perl-base_5.36.0-7+deb12u3_armhf.deb [1464120/1464120] -> "/home/ahasas/LDD1_Workspace/source/bbb-rootfs//var/cache/apt/archives/partial/perl-base_5.36.0-7+deb12u3_armhf.deb" [1]
2026-03-20 21:19:09 URL:http://deb.debian.org/debian/pool/main/p/procps/procps_4.0.2-3_armhf.deb [695136/695136] -> "/home/ahasas/LDD1_Workspace/source/bbb-rootfs//var/cache/apt/archives/partial/procps_2%3a4.0.2-3_armhf.deb" [1]
2026-03-20 21:19:10 URL:http://deb.debian.org/debian/pool/main/r/readline/readline-common_8.2-1.3_all.deb [68988/68988] -> "/home/ahasas/LDD1_Workspace/source/bbb-rootfs//var/cache/apt/archives/partial/readline-common_8.2-1.3_all.deb" [1]
2026-03-20 21:19:10 URL:http://deb.debian.org/debian/pool/main/s/sed/sed_4.9-1_armhf.deb [321160/321160] -> "/home/ahasas/LDD1_Workspace/source/bbb-rootfs//var/cache/apt/archives/partial/sed_4.9-1_armhf.deb" [1]
2026-03-20 21:19:10 URL:http://deb.debian.org/debian/pool/main/s/sensible-utils/sensible-utils_0.0.17+nmu1_all.deb [19020/19020] -> "/home/ahasas/LDD1_Workspace/source/bbb-rootfs//var/cache/apt/archives/partial/sensible-utils_0.0.17+nmu1_all.deb" [1]
2026-03-20 21:19:13 URL:http://deb.debian.org/debian/pool/main/s/systemd/systemd_252.39-1~deb12u1_armhf.deb [2946880/2946880] -> "/home/ahasas/LDD1_Workspace/source/bbb-rootfs//var/cache/apt/archives/partial/systemd_252.39-1~deb12u1_armhf.deb" [1]
2026-03-20 21:19:13 URL:http://deb.debian.org/debian/pool/main/s/systemd/systemd-sysv_252.39-1~deb12u1_armhf.deb [42616/42616] -> "/home/ahasas/LDD1_Workspace/source/bbb-rootfs//var/cache/apt/archives/partial/systemd-sysv_252.39-1~deb12u1_armhf.deb" [1]
2026-03-20 21:19:14 URL:http://deb.debian.org/debian/pool/main/s/sysvinit/sysvinit-utils_3.06-4_armhf.deb [29548/29548] -> "/home/ahasas/LDD1_Workspace/source/bbb-rootfs//var/cache/apt/archives/partial/sysvinit-utils_3.06-4_armhf.deb" [1]
2026-03-20 21:19:14 URL:http://deb.debian.org/debian/pool/main/t/tar/tar_1.34+dfsg-1.2+deb12u1_armhf.deb [806876/806876] -> "/home/ahasas/LDD1_Workspace/source/bbb-rootfs//var/cache/apt/archives/partial/tar_1.34+dfsg-1.2+deb12u1_armhf.deb" [1]
2026-03-20 21:19:14 URL:http://deb.debian.org/debian/pool/main/t/tasksel/tasksel_3.73_all.deb [51208/51208] -> "/home/ahasas/LDD1_Workspace/source/bbb-rootfs//var/cache/apt/archives/partial/tasksel_3.73_all.deb" [1]
2026-03-20 21:19:15 URL:http://deb.debian.org/debian/pool/main/t/tasksel/tasksel-data_3.73_all.deb [17988/17988] -> "/home/ahasas/LDD1_Workspace/source/bbb-rootfs//var/cache/apt/archives/partial/tasksel-data_3.73_all.deb" [1]
2026-03-20 21:19:16 URL:http://deb.debian.org/debian/pool/main/t/tzdata/tzdata_2025b-0+deb12u2_all.deb [299756/299756] -> "/home/ahasas/LDD1_Workspace/source/bbb-rootfs//var/cache/apt/archives/partial/tzdata_2025b-0+deb12u2_all.deb" [1]
2026-03-20 21:19:17 URL:http://deb.debian.org/debian/pool/main/s/systemd/udev_252.39-1~deb12u1_armhf.deb [1673608/1673608] -> "/home/ahasas/LDD1_Workspace/source/bbb-rootfs//var/cache/apt/archives/partial/udev_252.39-1~deb12u1_armhf.deb" [1]
2026-03-20 21:19:17 URL:http://deb.debian.org/debian/pool/main/u/usrmerge/usr-is-merged_37~deb12u1_all.deb [5616/5616] -> "/home/ahasas/LDD1_Workspace/source/bbb-rootfs//var/cache/apt/archives/partial/usr-is-merged_37~deb12u1_all.deb" [1]
2026-03-20 21:19:18 URL:http://deb.debian.org/debian/pool/main/u/util-linux/util-linux_2.38.1-5+deb12u3_armhf.deb [1095340/1095340] -> "/home/ahasas/LDD1_Workspace/source/bbb-rootfs//var/cache/apt/archives/partial/util-linux_2.38.1-5+deb12u3_armhf.deb" [1]
2026-03-20 21:19:18 URL:http://deb.debian.org/debian/pool/main/u/util-linux/util-linux-extra_2.38.1-5+deb12u3_armhf.deb [99356/99356] -> "/home/ahasas/LDD1_Workspace/source/bbb-rootfs//var/cache/apt/archives/partial/util-linux-extra_2.38.1-5+deb12u3_armhf.deb" [1]
2026-03-20 21:19:19 URL:http://deb.debian.org/debian/pool/main/v/vim/vim-common_9.0.1378-2+deb12u2_all.deb [124836/124836] -> "/home/ahasas/LDD1_Workspace/source/bbb-rootfs//var/cache/apt/archives/partial/vim-common_2%3a9.0.1378-2+deb12u2_all.deb" [1]
2026-03-20 21:19:19 URL:http://deb.debian.org/debian/pool/main/v/vim/vim-tiny_9.0.1378-2+deb12u2_armhf.deb [621384/621384] -> "/home/ahasas/LDD1_Workspace/source/bbb-rootfs//var/cache/apt/archives/partial/vim-tiny_2%3a9.0.1378-2+deb12u2_armhf.deb" [1]
2026-03-20 21:19:20 URL:http://deb.debian.org/debian/pool/main/n/newt/whiptail_0.52.23-1+b1_armhf.deb [23076/23076] -> "/home/ahasas/LDD1_Workspace/source/bbb-rootfs//var/cache/apt/archives/partial/whiptail_0.52.23-1+b1_armhf.deb" [1]
2026-03-20 21:19:20 URL:http://deb.debian.org/debian/pool/main/z/zlib/zlib1g_1.2.13.dfsg-1_armhf.deb [73844/73844] -> "/home/ahasas/LDD1_Workspace/source/bbb-rootfs//var/cache/apt/archives/partial/zlib1g_1%3a1.2.13.dfsg-1_armhf.deb" [1]
dpkg: warning: parsing file '/var/lib/dpkg/status' near line 5 package 'dpkg':
 missing 'Description' field
dpkg: warning: parsing file '/var/lib/dpkg/status' near line 5 package 'dpkg':
 missing 'Architecture' field
Selecting previously unselected package base-passwd.
(Reading database ... 0 files and directories currently installed.)
Preparing to unpack .../base-passwd_3.6.1_armhf.deb ...
Unpacking base-passwd (3.6.1) ...
dpkg: base-passwd: dependency problems, but configuring anyway as you requested:
 base-passwd depends on libc6 (>= 2.34); however:
  Package libc6 is not installed.
 base-passwd depends on libdebconfclient0 (>= 0.145); however:
  Package libdebconfclient0 is not installed.
 base-passwd depends on libselinux1 (>= 3.1~); however:
  Package libselinux1 is not installed.

Setting up base-passwd (3.6.1) ...
dpkg: warning: parsing file '/var/lib/dpkg/status' near line 24 package 'dpkg':
 missing 'Description' field
dpkg: warning: parsing file '/var/lib/dpkg/status' near line 24 package 'dpkg':
 missing 'Architecture' field
Selecting previously unselected package base-files.
dpkg: regarding .../base-files_12.4+deb12u13_armhf.deb containing base-files, pre-dependency problem:
 base-files pre-depends on awk
  awk is not installed.

dpkg: warning: ignoring pre-dependency problem!
(Reading database ... 41 files and directories currently installed.)
Preparing to unpack .../base-files_12.4+deb12u13_armhf.deb ...
Unpacking base-files (12.4+deb12u13) ...
dpkg: base-files: dependency problems, but configuring anyway as you requested:
 base-files depends on awk; however:
  Package awk is not installed.

Setting up base-files (12.4+deb12u13) ...
dpkg: warning: parsing file '/var/lib/dpkg/status' near line 51 package 'dpkg':
 missing 'Description' field
dpkg: warning: parsing file '/var/lib/dpkg/status' near line 51 package 'dpkg':
 missing 'Architecture' field
dpkg: regarding .../dpkg_1.21.22_armhf.deb containing dpkg, pre-dependency problem:
 dpkg pre-depends on libbz2-1.0
  libbz2-1.0 is not installed.

dpkg: warning: ignoring pre-dependency problem!
dpkg: regarding .../dpkg_1.21.22_armhf.deb containing dpkg, pre-dependency problem:
 dpkg pre-depends on libc6 (>= 2.34)
  libc6 is not installed.

dpkg: warning: ignoring pre-dependency problem!
dpkg: regarding .../dpkg_1.21.22_armhf.deb containing dpkg, pre-dependency problem:
 dpkg pre-depends on liblzma5 (>= 5.4.0)
  liblzma5 is not installed.

dpkg: warning: ignoring pre-dependency problem!
dpkg: regarding .../dpkg_1.21.22_armhf.deb containing dpkg, pre-dependency problem:
 dpkg pre-depends on libmd0 (>= 0.0.0)
  libmd0 is not installed.

dpkg: warning: ignoring pre-dependency problem!
dpkg: regarding .../dpkg_1.21.22_armhf.deb containing dpkg, pre-dependency problem:
 dpkg pre-depends on libselinux1 (>= 3.1~)
  libselinux1 is not installed.

dpkg: warning: ignoring pre-dependency problem!
dpkg: regarding .../dpkg_1.21.22_armhf.deb containing dpkg, pre-dependency problem:
 dpkg pre-depends on libzstd1 (>= 1.5.2)
  libzstd1 is not installed.

dpkg: warning: ignoring pre-dependency problem!
dpkg: regarding .../dpkg_1.21.22_armhf.deb containing dpkg, pre-dependency problem:
 dpkg pre-depends on zlib1g (>= 1:1.1.4)
  zlib1g is not installed.

dpkg: warning: ignoring pre-dependency problem!
(Reading database ... 121 files and directories currently installed.)
Preparing to unpack .../dpkg_1.21.22_armhf.deb ...
Unpacking dpkg (1.21.22) over (1.21.22) ...
dpkg: dpkg: dependency problems, but configuring anyway as you requested:
 dpkg depends on libbz2-1.0; however:
  Package libbz2-1.0 is not installed.
 dpkg depends on libc6 (>= 2.34); however:
  Package libc6 is not installed.
 dpkg depends on liblzma5 (>= 5.4.0); however:
  Package liblzma5 is not installed.
 dpkg depends on libmd0 (>= 0.0.0); however:
  Package libmd0 is not installed.
 dpkg depends on libselinux1 (>= 3.1~); however:
  Package libselinux1 is not installed.
 dpkg depends on libzstd1 (>= 1.5.2); however:
  Package libzstd1 is not installed.
 dpkg depends on zlib1g (>= 1:1.1.4); however:
  Package zlib1g is not installed.
 dpkg depends on tar (>= 1.28-1); however:
  Package tar is not installed.

Setting up dpkg (1.21.22) ...
Selecting previously unselected package libc6:armhf.
(Reading database ... 420 files and directories currently installed.)
Preparing to unpack .../libc6_2.36-9+deb12u13_armhf.deb ...
Unpacking libc6:armhf (2.36-9+deb12u13) ...
dpkg: libc6:armhf: dependency problems, but configuring anyway as you requested:
 libc6:armhf depends on libgcc-s1; however:
  Package libgcc-s1 is not installed.

Setting up libc6:armhf (2.36-9+deb12u13) ...
Selecting previously unselected package perl-base.
dpkg: regarding .../perl-base_5.36.0-7+deb12u3_armhf.deb containing perl-base, pre-dependency problem:
 perl-base pre-depends on libcrypt1 (>= 1:4.1.0)
  libcrypt1 is not installed.

dpkg: warning: ignoring pre-dependency problem!
(Reading database ... 711 files and directories currently installed.)
Preparing to unpack .../perl-base_5.36.0-7+deb12u3_armhf.deb ...
Unpacking perl-base (5.36.0-7+deb12u3) ...
dpkg: perl-base: dependency problems, but configuring anyway as you requested:
 perl-base depends on libcrypt1 (>= 1:4.1.0); however:
  Package libcrypt1 is not installed.

Setting up perl-base (5.36.0-7+deb12u3) ...
Selecting previously unselected package mawk.
(Reading database ... 1439 files and directories currently installed.)
Preparing to unpack .../mawk_1.3.4.20200120-3.1_armhf.deb ...
Unpacking mawk (1.3.4.20200120-3.1) ...
Setting up mawk (1.3.4.20200120-3.1) ...
update-alternatives: using /usr/bin/mawk to provide /usr/bin/awk (awk) in auto mode
Selecting previously unselected package debconf.
(Reading database ... 1458 files and directories currently installed.)
Preparing to unpack .../debconf_1.5.82_all.deb ...
Unpacking debconf (1.5.82) ...
Setting up debconf (1.5.82) ...
Selecting previously unselected package adduser.
(Reading database ... 1618 files and directories currently installed.)
Preparing to unpack .../archives/adduser_3.134_all.deb ...
Unpacking adduser (3.134) ...
Selecting previously unselected package apt.
Preparing to unpack .../archives/apt_2.6.1_armhf.deb ...
Unpacking apt (2.6.1) ...
Preparing to unpack .../base-files_12.4+deb12u13_armhf.deb ...
Unpacking base-files (12.4+deb12u13) over (12.4+deb12u13) ...
Preparing to unpack .../base-passwd_3.6.1_armhf.deb ...
Unpacking base-passwd (3.6.1) over (3.6.1) ...
Selecting previously unselected package bash.
dpkg: regarding .../bash_5.2.15-2+b10_armhf.deb containing bash, pre-dependency problem:
 bash pre-depends on libtinfo6 (>= 6)
  libtinfo6 is not installed.

dpkg: warning: ignoring pre-dependency problem!
Preparing to unpack .../bash_5.2.15-2+b10_armhf.deb ...
Unpacking bash (5.2.15-2+b10) ...
Selecting previously unselected package bsdutils.
dpkg: regarding .../bsdutils_1%3a2.38.1-5+deb12u3_armhf.deb containing bsdutils, pre-dependency problem:
 bsdutils pre-depends on libsystemd0
  libsystemd0 is not installed.

dpkg: warning: ignoring pre-dependency problem!
Preparing to unpack .../bsdutils_1%3a2.38.1-5+deb12u3_armhf.deb ...
Unpacking bsdutils (1:2.38.1-5+deb12u3) ...
Selecting previously unselected package coreutils.
dpkg: regarding .../coreutils_9.1-1_armhf.deb containing coreutils, pre-dependency problem:
 coreutils pre-depends on libacl1 (>= 2.2.23)
  libacl1 is not installed.

dpkg: warning: ignoring pre-dependency problem!
dpkg: regarding .../coreutils_9.1-1_armhf.deb containing coreutils, pre-dependency problem:
 coreutils pre-depends on libattr1 (>= 1:2.4.44)
  libattr1 is not installed.

dpkg: warning: ignoring pre-dependency problem!
dpkg: regarding .../coreutils_9.1-1_armhf.deb containing coreutils, pre-dependency problem:
 coreutils pre-depends on libgmp10 (>= 2:6.2.1+dfsg1)
  libgmp10 is not installed.

dpkg: warning: ignoring pre-dependency problem!
dpkg: regarding .../coreutils_9.1-1_armhf.deb containing coreutils, pre-dependency problem:
 coreutils pre-depends on libselinux1 (>= 3.1~)
  libselinux1 is not installed.

dpkg: warning: ignoring pre-dependency problem!
Preparing to unpack .../coreutils_9.1-1_armhf.deb ...
Unpacking coreutils (9.1-1) ...
Selecting previously unselected package dash.
Preparing to unpack .../dash_0.5.12-2_armhf.deb ...
Unpacking dash (0.5.12-2) ...
Preparing to unpack .../debconf_1.5.82_all.deb ...
Unpacking debconf (1.5.82) over (1.5.82) ...
Selecting previously unselected package debian-archive-keyring.
Preparing to unpack .../debian-archive-keyring_2023.3+deb12u2_all.deb ...
Unpacking debian-archive-keyring (2023.3+deb12u2) ...
Selecting previously unselected package debianutils.
Preparing to unpack .../debianutils_5.7-0.5~deb12u1_armhf.deb ...
Unpacking debianutils (5.7-0.5~deb12u1) ...
Selecting previously unselected package diffutils.
Preparing to unpack .../diffutils_1%3a3.8-4_armhf.deb ...
Unpacking diffutils (1:3.8-4) ...
dpkg: regarding .../dpkg_1.21.22_armhf.deb containing dpkg, pre-dependency problem:
 dpkg pre-depends on libbz2-1.0
  libbz2-1.0 is not installed.

dpkg: warning: ignoring pre-dependency problem!
dpkg: regarding .../dpkg_1.21.22_armhf.deb containing dpkg, pre-dependency problem:
 dpkg pre-depends on liblzma5 (>= 5.4.0)
  liblzma5 is not installed.

dpkg: warning: ignoring pre-dependency problem!
dpkg: regarding .../dpkg_1.21.22_armhf.deb containing dpkg, pre-dependency problem:
 dpkg pre-depends on libmd0 (>= 0.0.0)
  libmd0 is not installed.

dpkg: warning: ignoring pre-dependency problem!
dpkg: regarding .../dpkg_1.21.22_armhf.deb containing dpkg, pre-dependency problem:
 dpkg pre-depends on libselinux1 (>= 3.1~)
  libselinux1 is not installed.

dpkg: warning: ignoring pre-dependency problem!
dpkg: regarding .../dpkg_1.21.22_armhf.deb containing dpkg, pre-dependency problem:
 dpkg pre-depends on libzstd1 (>= 1.5.2)
  libzstd1 is not installed.

dpkg: warning: ignoring pre-dependency problem!
dpkg: regarding .../dpkg_1.21.22_armhf.deb containing dpkg, pre-dependency problem:
 dpkg pre-depends on zlib1g (>= 1:1.1.4)
  zlib1g is not installed.

dpkg: warning: ignoring pre-dependency problem!
Preparing to unpack .../dpkg_1.21.22_armhf.deb ...
Unpacking dpkg (1.21.22) over (1.21.22) ...
Selecting previously unselected package e2fsprogs.
dpkg: regarding .../e2fsprogs_1.47.0-2+b2_armhf.deb containing e2fsprogs, pre-dependency problem:
 e2fsprogs pre-depends on libblkid1 (>= 2.36)
  libblkid1 is not installed.

dpkg: warning: ignoring pre-dependency problem!
dpkg: regarding .../e2fsprogs_1.47.0-2+b2_armhf.deb containing e2fsprogs, pre-dependency problem:
 e2fsprogs pre-depends on libcom-err2 (>= 1.43.9)
  libcom-err2 is not installed.

dpkg: warning: ignoring pre-dependency problem!
dpkg: regarding .../e2fsprogs_1.47.0-2+b2_armhf.deb containing e2fsprogs, pre-dependency problem:
 e2fsprogs pre-depends on libext2fs2 (= 1.47.0-2+b2)
  libext2fs2 is not installed.

dpkg: warning: ignoring pre-dependency problem!
dpkg: regarding .../e2fsprogs_1.47.0-2+b2_armhf.deb containing e2fsprogs, pre-dependency problem:
 e2fsprogs pre-depends on libss2 (>= 1.38)
  libss2 is not installed.

dpkg: warning: ignoring pre-dependency problem!
dpkg: regarding .../e2fsprogs_1.47.0-2+b2_armhf.deb containing e2fsprogs, pre-dependency problem:
 e2fsprogs pre-depends on libuuid1 (>= 2.16)
  libuuid1 is not installed.

dpkg: warning: ignoring pre-dependency problem!
Preparing to unpack .../e2fsprogs_1.47.0-2+b2_armhf.deb ...
Unpacking e2fsprogs (1.47.0-2+b2) ...
Selecting previously unselected package findutils.
dpkg: regarding .../findutils_4.9.0-4_armhf.deb containing findutils, pre-dependency problem:
 findutils pre-depends on libselinux1 (>= 3.1~)
  libselinux1 is not installed.

dpkg: warning: ignoring pre-dependency problem!
Preparing to unpack .../findutils_4.9.0-4_armhf.deb ...
Unpacking findutils (4.9.0-4) ...
Selecting previously unselected package gcc-12-base:armhf.
Preparing to unpack .../gcc-12-base_12.2.0-14+deb12u1_armhf.deb ...
Unpacking gcc-12-base:armhf (12.2.0-14+deb12u1) ...
Selecting previously unselected package gpgv.
Preparing to unpack .../gpgv_2.2.40-1.1+deb12u2_armhf.deb ...
Unpacking gpgv (2.2.40-1.1+deb12u2) ...
Selecting previously unselected package grep.
dpkg: regarding .../archives/grep_3.8-5_armhf.deb containing grep, pre-dependency problem:
 grep pre-depends on libpcre2-8-0 (>= 10.32)
  libpcre2-8-0 is not installed.

dpkg: warning: ignoring pre-dependency problem!
Preparing to unpack .../archives/grep_3.8-5_armhf.deb ...
Unpacking grep (3.8-5) ...
Selecting previously unselected package gzip.
Preparing to unpack .../archives/gzip_1.12-1_armhf.deb ...
Unpacking gzip (1.12-1) ...
Selecting previously unselected package hostname.
Preparing to unpack .../hostname_3.23+nmu1_armhf.deb ...
Unpacking hostname (3.23+nmu1) ...
Selecting previously unselected package init-system-helpers.
Preparing to unpack .../init-system-helpers_1.65.2+deb12u1_all.deb ...
Unpacking init-system-helpers (1.65.2+deb12u1) ...
Selecting previously unselected package libacl1:armhf.
Preparing to unpack .../libacl1_2.3.1-3_armhf.deb ...
Unpacking libacl1:armhf (2.3.1-3) ...
Selecting previously unselected package libapt-pkg6.0:armhf.
Preparing to unpack .../libapt-pkg6.0_2.6.1_armhf.deb ...
Unpacking libapt-pkg6.0:armhf (2.6.1) ...
Selecting previously unselected package libattr1:armhf.
Preparing to unpack .../libattr1_1%3a2.5.1-4_armhf.deb ...
Unpacking libattr1:armhf (1:2.5.1-4) ...
Selecting previously unselected package libaudit-common.
Preparing to unpack .../libaudit-common_1%3a3.0.9-1_all.deb ...
Unpacking libaudit-common (1:3.0.9-1) ...
Selecting previously unselected package libaudit1:armhf.
Preparing to unpack .../libaudit1_1%3a3.0.9-1_armhf.deb ...
Unpacking libaudit1:armhf (1:3.0.9-1) ...
Selecting previously unselected package libblkid1:armhf.
Preparing to unpack .../libblkid1_2.38.1-5+deb12u3_armhf.deb ...
Unpacking libblkid1:armhf (2.38.1-5+deb12u3) ...
Selecting previously unselected package libbz2-1.0:armhf.
Preparing to unpack .../libbz2-1.0_1.0.8-5+b1_armhf.deb ...
Unpacking libbz2-1.0:armhf (1.0.8-5+b1) ...
Selecting previously unselected package libc-bin.
Preparing to unpack .../libc-bin_2.36-9+deb12u13_armhf.deb ...
Unpacking libc-bin (2.36-9+deb12u13) ...
Preparing to unpack .../libc6_2.36-9+deb12u13_armhf.deb ...
Unpacking libc6:armhf (2.36-9+deb12u13) over (2.36-9+deb12u13) ...
Selecting previously unselected package libcap-ng0:armhf.
Preparing to unpack .../libcap-ng0_0.8.3-1+b3_armhf.deb ...
Unpacking libcap-ng0:armhf (0.8.3-1+b3) ...
Selecting previously unselected package libcap2:armhf.
Preparing to unpack .../libcap2_1%3a2.66-4+deb12u2+b2_armhf.deb ...
Unpacking libcap2:armhf (1:2.66-4+deb12u2+b2) ...
Selecting previously unselected package libcom-err2:armhf.
Preparing to unpack .../libcom-err2_1.47.0-2+b2_armhf.deb ...
Unpacking libcom-err2:armhf (1.47.0-2+b2) ...
Selecting previously unselected package libcrypt1:armhf.
Preparing to unpack .../libcrypt1_1%3a4.4.33-2_armhf.deb ...
Unpacking libcrypt1:armhf (1:4.4.33-2) ...
Selecting previously unselected package libdb5.3:armhf.
Preparing to unpack .../libdb5.3_5.3.28+dfsg2-1_armhf.deb ...
Unpacking libdb5.3:armhf (5.3.28+dfsg2-1) ...
Selecting previously unselected package libdebconfclient0:armhf.
Preparing to unpack .../libdebconfclient0_0.270_armhf.deb ...
Unpacking libdebconfclient0:armhf (0.270) ...
Selecting previously unselected package libext2fs2:armhf.
Preparing to unpack .../libext2fs2_1.47.0-2+b2_armhf.deb ...
Unpacking libext2fs2:armhf (1.47.0-2+b2) ...
Selecting previously unselected package libffi8:armhf.
Preparing to unpack .../libffi8_3.4.4-1_armhf.deb ...
Unpacking libffi8:armhf (3.4.4-1) ...
Selecting previously unselected package libgcc-s1:armhf.
Preparing to unpack .../libgcc-s1_12.2.0-14+deb12u1_armhf.deb ...
Unpacking libgcc-s1:armhf (12.2.0-14+deb12u1) ...
Selecting previously unselected package libgcrypt20:armhf.
Preparing to unpack .../libgcrypt20_1.10.1-3_armhf.deb ...
Unpacking libgcrypt20:armhf (1.10.1-3) ...
Selecting previously unselected package libgmp10:armhf.
Preparing to unpack .../libgmp10_2%3a6.2.1+dfsg1-1.1_armhf.deb ...
Unpacking libgmp10:armhf (2:6.2.1+dfsg1-1.1) ...
Selecting previously unselected package libgnutls30:armhf.
Preparing to unpack .../libgnutls30_3.7.9-2+deb12u5_armhf.deb ...
Unpacking libgnutls30:armhf (3.7.9-2+deb12u5) ...
Selecting previously unselected package libgpg-error0:armhf.
Preparing to unpack .../libgpg-error0_1.46-1_armhf.deb ...
Unpacking libgpg-error0:armhf (1.46-1) ...
Selecting previously unselected package libhogweed6:armhf.
Preparing to unpack .../libhogweed6_3.8.1-2_armhf.deb ...
Unpacking libhogweed6:armhf (3.8.1-2) ...
Selecting previously unselected package libidn2-0:armhf.
Preparing to unpack .../libidn2-0_2.3.3-1+b1_armhf.deb ...
Unpacking libidn2-0:armhf (2.3.3-1+b1) ...
Selecting previously unselected package liblz4-1:armhf.
Preparing to unpack .../liblz4-1_1.9.4-1_armhf.deb ...
Unpacking liblz4-1:armhf (1.9.4-1) ...
Selecting previously unselected package liblzma5:armhf.
Preparing to unpack .../liblzma5_5.4.1-1_armhf.deb ...
Unpacking liblzma5:armhf (5.4.1-1) ...
Selecting previously unselected package libmd0:armhf.
Preparing to unpack .../libmd0_1.0.4-2_armhf.deb ...
Unpacking libmd0:armhf (1.0.4-2) ...
Selecting previously unselected package libmount1:armhf.
Preparing to unpack .../libmount1_2.38.1-5+deb12u3_armhf.deb ...
Unpacking libmount1:armhf (2.38.1-5+deb12u3) ...
Selecting previously unselected package libnettle8:armhf.
Preparing to unpack .../libnettle8_3.8.1-2_armhf.deb ...
Unpacking libnettle8:armhf (3.8.1-2) ...
Selecting previously unselected package libp11-kit0:armhf.
Preparing to unpack .../libp11-kit0_0.24.1-2_armhf.deb ...
Unpacking libp11-kit0:armhf (0.24.1-2) ...
Selecting previously unselected package libpam-modules:armhf.
dpkg: regarding .../libpam-modules_1.5.2-6+deb12u2_armhf.deb containing libpam-modules:armhf, pre-dependency problem:
 libpam-modules pre-depends on libaudit1 (>= 1:2.2.1)
  libaudit1:armhf is unpacked, but has never been configured.

dpkg: warning: ignoring pre-dependency problem!
dpkg: regarding .../libpam-modules_1.5.2-6+deb12u2_armhf.deb containing libpam-modules:armhf, pre-dependency problem:
 libpam-modules pre-depends on libcrypt1 (>= 1:4.3.0)
  libcrypt1:armhf is unpacked, but has never been configured.

dpkg: warning: ignoring pre-dependency problem!
dpkg: regarding .../libpam-modules_1.5.2-6+deb12u2_armhf.deb containing libpam-modules:armhf, pre-dependency problem:
 libpam-modules pre-depends on libdb5.3
  libdb5.3:armhf is unpacked, but has never been configured.

dpkg: warning: ignoring pre-dependency problem!
dpkg: regarding .../libpam-modules_1.5.2-6+deb12u2_armhf.deb containing libpam-modules:armhf, pre-dependency problem:
 libpam-modules pre-depends on libpam0g (>= 1.4.1)
  libpam0g is not installed.

dpkg: warning: ignoring pre-dependency problem!
dpkg: regarding .../libpam-modules_1.5.2-6+deb12u2_armhf.deb containing libpam-modules:armhf, pre-dependency problem:
 libpam-modules pre-depends on libselinux1 (>= 3.1~)
  libselinux1 is not installed.

dpkg: warning: ignoring pre-dependency problem!
dpkg: regarding .../libpam-modules_1.5.2-6+deb12u2_armhf.deb containing libpam-modules:armhf, pre-dependency problem:
 libpam-modules pre-depends on libpam-modules-bin (= 1.5.2-6+deb12u2)
  libpam-modules-bin is not installed.

dpkg: warning: ignoring pre-dependency problem!
Preparing to unpack .../libpam-modules_1.5.2-6+deb12u2_armhf.deb ...
Unpacking libpam-modules:armhf (1.5.2-6+deb12u2) ...
Selecting previously unselected package libpam-modules-bin.
Preparing to unpack .../libpam-modules-bin_1.5.2-6+deb12u2_armhf.deb ...
Unpacking libpam-modules-bin (1.5.2-6+deb12u2) ...
Selecting previously unselected package libpam-runtime.
Preparing to unpack .../libpam-runtime_1.5.2-6+deb12u2_all.deb ...
Unpacking libpam-runtime (1.5.2-6+deb12u2) ...
Selecting previously unselected package libpam0g:armhf.
Preparing to unpack .../libpam0g_1.5.2-6+deb12u2_armhf.deb ...
Unpacking libpam0g:armhf (1.5.2-6+deb12u2) ...
Selecting previously unselected package libpcre2-8-0:armhf.
Preparing to unpack .../libpcre2-8-0_10.42-1_armhf.deb ...
Unpacking libpcre2-8-0:armhf (10.42-1) ...
Selecting previously unselected package libseccomp2:armhf.
Preparing to unpack .../libseccomp2_2.5.4-1+deb12u1_armhf.deb ...
Unpacking libseccomp2:armhf (2.5.4-1+deb12u1) ...
Selecting previously unselected package libselinux1:armhf.
Preparing to unpack .../libselinux1_3.4-1+b6_armhf.deb ...
Unpacking libselinux1:armhf (3.4-1+b6) ...
Selecting previously unselected package libsemanage-common.
Preparing to unpack .../libsemanage-common_3.4-1_all.deb ...
Unpacking libsemanage-common (3.4-1) ...
Selecting previously unselected package libsemanage2:armhf.
Preparing to unpack .../libsemanage2_3.4-1+b5_armhf.deb ...
Unpacking libsemanage2:armhf (3.4-1+b5) ...
Selecting previously unselected package libsepol2:armhf.
Preparing to unpack .../libsepol2_3.4-2.1_armhf.deb ...
Unpacking libsepol2:armhf (3.4-2.1) ...
Selecting previously unselected package libsmartcols1:armhf.
Preparing to unpack .../libsmartcols1_2.38.1-5+deb12u3_armhf.deb ...
Unpacking libsmartcols1:armhf (2.38.1-5+deb12u3) ...
Selecting previously unselected package libss2:armhf.
Preparing to unpack .../libss2_1.47.0-2+b2_armhf.deb ...
Unpacking libss2:armhf (1.47.0-2+b2) ...
Selecting previously unselected package libstdc++6:armhf.
Preparing to unpack .../libstdc++6_12.2.0-14+deb12u1_armhf.deb ...
Unpacking libstdc++6:armhf (12.2.0-14+deb12u1) ...
Selecting previously unselected package libsystemd0:armhf.
Preparing to unpack .../libsystemd0_252.39-1~deb12u1_armhf.deb ...
Unpacking libsystemd0:armhf (252.39-1~deb12u1) ...
Selecting previously unselected package libtasn1-6:armhf.
Preparing to unpack .../libtasn1-6_4.19.0-2+deb12u1_armhf.deb ...
Unpacking libtasn1-6:armhf (4.19.0-2+deb12u1) ...
Selecting previously unselected package libtinfo6:armhf.
Preparing to unpack .../libtinfo6_6.4-4_armhf.deb ...
Unpacking libtinfo6:armhf (6.4-4) ...
Selecting previously unselected package libudev1:armhf.
Preparing to unpack .../libudev1_252.39-1~deb12u1_armhf.deb ...
Unpacking libudev1:armhf (252.39-1~deb12u1) ...
Selecting previously unselected package libunistring2:armhf.
Preparing to unpack .../libunistring2_1.0-2_armhf.deb ...
Unpacking libunistring2:armhf (1.0-2) ...
Selecting previously unselected package libuuid1:armhf.
Preparing to unpack .../libuuid1_2.38.1-5+deb12u3_armhf.deb ...
Unpacking libuuid1:armhf (2.38.1-5+deb12u3) ...
Selecting previously unselected package libxxhash0:armhf.
Preparing to unpack .../libxxhash0_0.8.1-1_armhf.deb ...
Unpacking libxxhash0:armhf (0.8.1-1) ...
Selecting previously unselected package libzstd1:armhf.
Preparing to unpack .../libzstd1_1.5.4+dfsg2-5_armhf.deb ...
Unpacking libzstd1:armhf (1.5.4+dfsg2-5) ...
Selecting previously unselected package login.
dpkg: regarding .../login_1%3a4.13+dfsg1-1+deb12u2_armhf.deb containing login, pre-dependency problem:
 login pre-depends on libaudit1 (>= 1:2.2.1)
  libaudit1:armhf is unpacked, but has never been configured.

dpkg: warning: ignoring pre-dependency problem!
dpkg: regarding .../login_1%3a4.13+dfsg1-1+deb12u2_armhf.deb containing login, pre-dependency problem:
 login pre-depends on libcrypt1 (>= 1:4.1.0)
  libcrypt1:armhf is unpacked, but has never been configured.

dpkg: warning: ignoring pre-dependency problem!
dpkg: regarding .../login_1%3a4.13+dfsg1-1+deb12u2_armhf.deb containing login, pre-dependency problem:
 login pre-depends on libpam0g (>= 0.99.7.1)
  libpam0g:armhf is unpacked, but has never been configured.

dpkg: warning: ignoring pre-dependency problem!
dpkg: regarding .../login_1%3a4.13+dfsg1-1+deb12u2_armhf.deb containing login, pre-dependency problem:
 login pre-depends on libpam-runtime
  libpam-runtime is unpacked, but has never been configured.

dpkg: warning: ignoring pre-dependency problem!
dpkg: regarding .../login_1%3a4.13+dfsg1-1+deb12u2_armhf.deb containing login, pre-dependency problem:
 login pre-depends on libpam-modules
  libpam-modules:armhf is unpacked, but has never been configured.

dpkg: warning: ignoring pre-dependency problem!
Preparing to unpack .../login_1%3a4.13+dfsg1-1+deb12u2_armhf.deb ...
Unpacking login (1:4.13+dfsg1-1+deb12u2) ...
Selecting previously unselected package logsave.
Preparing to unpack .../logsave_1.47.0-2+b2_armhf.deb ...
Unpacking logsave (1.47.0-2+b2) ...
Preparing to unpack .../mawk_1.3.4.20200120-3.1_armhf.deb ...
Unpacking mawk (1.3.4.20200120-3.1) over (1.3.4.20200120-3.1) ...
Selecting previously unselected package mount.
dpkg: regarding .../mount_2.38.1-5+deb12u3_armhf.deb containing mount, pre-dependency problem:
 mount pre-depends on libblkid1 (>= 2.17.2)
  libblkid1:armhf is unpacked, but has never been configured.

dpkg: warning: ignoring pre-dependency problem!
dpkg: regarding .../mount_2.38.1-5+deb12u3_armhf.deb containing mount, pre-dependency problem:
 mount pre-depends on libmount1 (>= 2.38)
  libmount1:armhf is unpacked, but has never been configured.

dpkg: warning: ignoring pre-dependency problem!
dpkg: regarding .../mount_2.38.1-5+deb12u3_armhf.deb containing mount, pre-dependency problem:
 mount pre-depends on libselinux1 (>= 3.1~)
  libselinux1:armhf is unpacked, but has never been configured.

dpkg: warning: ignoring pre-dependency problem!
dpkg: regarding .../mount_2.38.1-5+deb12u3_armhf.deb containing mount, pre-dependency problem:
 mount pre-depends on libsmartcols1 (>= 2.33)
  libsmartcols1:armhf is unpacked, but has never been configured.

dpkg: warning: ignoring pre-dependency problem!
Preparing to unpack .../mount_2.38.1-5+deb12u3_armhf.deb ...
Unpacking mount (2.38.1-5+deb12u3) ...
Selecting previously unselected package ncurses-base.
Preparing to unpack .../ncurses-base_6.4-4_all.deb ...
Unpacking ncurses-base (6.4-4) ...
Selecting previously unselected package ncurses-bin.
dpkg: regarding .../ncurses-bin_6.4-4_armhf.deb containing ncurses-bin, pre-dependency problem:
 ncurses-bin pre-depends on libtinfo6 (>= 6.3)
  libtinfo6:armhf is unpacked, but has never been configured.

dpkg: warning: ignoring pre-dependency problem!
Preparing to unpack .../ncurses-bin_6.4-4_armhf.deb ...
Unpacking ncurses-bin (6.4-4) ...
Selecting previously unselected package passwd.
Preparing to unpack .../passwd_1%3a4.13+dfsg1-1+deb12u2_armhf.deb ...
Unpacking passwd (1:4.13+dfsg1-1+deb12u2) ...
dpkg: regarding .../perl-base_5.36.0-7+deb12u3_armhf.deb containing perl-base, pre-dependency problem:
 perl-base pre-depends on libcrypt1 (>= 1:4.1.0)
  libcrypt1:armhf is unpacked, but has never been configured.

dpkg: warning: ignoring pre-dependency problem!
Preparing to unpack .../perl-base_5.36.0-7+deb12u3_armhf.deb ...
Unpacking perl-base (5.36.0-7+deb12u3) over (5.36.0-7+deb12u3) ...
Selecting previously unselected package sed.
dpkg: regarding .../archives/sed_4.9-1_armhf.deb containing sed, pre-dependency problem:
 sed pre-depends on libacl1 (>= 2.2.23)
  libacl1:armhf is unpacked, but has never been configured.

dpkg: warning: ignoring pre-dependency problem!
dpkg: regarding .../archives/sed_4.9-1_armhf.deb containing sed, pre-dependency problem:
 sed pre-depends on libselinux1 (>= 3.1~)
  libselinux1:armhf is unpacked, but has never been configured.

dpkg: warning: ignoring pre-dependency problem!
Preparing to unpack .../archives/sed_4.9-1_armhf.deb ...
Unpacking sed (4.9-1) ...
Selecting previously unselected package sysvinit-utils.
Preparing to unpack .../sysvinit-utils_3.06-4_armhf.deb ...
Unpacking sysvinit-utils (3.06-4) ...
Selecting previously unselected package tar.
dpkg: regarding .../tar_1.34+dfsg-1.2+deb12u1_armhf.deb containing tar, pre-dependency problem:
 tar pre-depends on libacl1 (>= 2.2.23)
  libacl1:armhf is unpacked, but has never been configured.

dpkg: warning: ignoring pre-dependency problem!
dpkg: regarding .../tar_1.34+dfsg-1.2+deb12u1_armhf.deb containing tar, pre-dependency problem:
 tar pre-depends on libselinux1 (>= 3.1~)
  libselinux1:armhf is unpacked, but has never been configured.

dpkg: warning: ignoring pre-dependency problem!
Preparing to unpack .../tar_1.34+dfsg-1.2+deb12u1_armhf.deb ...
Unpacking tar (1.34+dfsg-1.2+deb12u1) ...
Selecting previously unselected package tzdata.
Preparing to unpack .../tzdata_2025b-0+deb12u2_all.deb ...
Unpacking tzdata (2025b-0+deb12u2) ...
Selecting previously unselected package usr-is-merged.
Preparing to unpack .../usr-is-merged_37~deb12u1_all.deb ...
Unpacking usr-is-merged (37~deb12u1) ...
Selecting previously unselected package util-linux.
dpkg: regarding .../util-linux_2.38.1-5+deb12u3_armhf.deb containing util-linux, pre-dependency problem:
 util-linux pre-depends on libblkid1 (>= 2.37.2)
  libblkid1:armhf is unpacked, but has never been configured.

dpkg: warning: ignoring pre-dependency problem!
dpkg: regarding .../util-linux_2.38.1-5+deb12u3_armhf.deb containing util-linux, pre-dependency problem:
 util-linux pre-depends on libcap-ng0 (>= 0.7.9)
  libcap-ng0:armhf is unpacked, but has never been configured.

dpkg: warning: ignoring pre-dependency problem!
dpkg: regarding .../util-linux_2.38.1-5+deb12u3_armhf.deb containing util-linux, pre-dependency problem:
 util-linux pre-depends on libcrypt1 (>= 1:4.1.0)
  libcrypt1:armhf is unpacked, but has never been configured.

dpkg: warning: ignoring pre-dependency problem!
dpkg: regarding .../util-linux_2.38.1-5+deb12u3_armhf.deb containing util-linux, pre-dependency problem:
 util-linux pre-depends on libmount1 (>= 2.38)
  libmount1:armhf is unpacked, but has never been configured.

dpkg: warning: ignoring pre-dependency problem!
dpkg: regarding .../util-linux_2.38.1-5+deb12u3_armhf.deb containing util-linux, pre-dependency problem:
 util-linux pre-depends on libpam0g (>= 0.99.7.1)
  libpam0g:armhf is unpacked, but has never been configured.

dpkg: warning: ignoring pre-dependency problem!
dpkg: regarding .../util-linux_2.38.1-5+deb12u3_armhf.deb containing util-linux, pre-dependency problem:
 util-linux pre-depends on libselinux1 (>= 3.1~)
  libselinux1:armhf is unpacked, but has never been configured.

dpkg: warning: ignoring pre-dependency problem!
dpkg: regarding .../util-linux_2.38.1-5+deb12u3_armhf.deb containing util-linux, pre-dependency problem:
 util-linux pre-depends on libsmartcols1 (>= 2.38)
  libsmartcols1:armhf is unpacked, but has never been configured.

dpkg: warning: ignoring pre-dependency problem!
dpkg: regarding .../util-linux_2.38.1-5+deb12u3_armhf.deb containing util-linux, pre-dependency problem:
 util-linux pre-depends on libsystemd0
  libsystemd0:armhf is unpacked, but has never been configured.

dpkg: warning: ignoring pre-dependency problem!
dpkg: regarding .../util-linux_2.38.1-5+deb12u3_armhf.deb containing util-linux, pre-dependency problem:
 util-linux pre-depends on libtinfo6 (>= 6)
  libtinfo6:armhf is unpacked, but has never been configured.

dpkg: warning: ignoring pre-dependency problem!
dpkg: regarding .../util-linux_2.38.1-5+deb12u3_armhf.deb containing util-linux, pre-dependency problem:
 util-linux pre-depends on libudev1 (>= 183)
  libudev1:armhf is unpacked, but has never been configured.

dpkg: warning: ignoring pre-dependency problem!
dpkg: regarding .../util-linux_2.38.1-5+deb12u3_armhf.deb containing util-linux, pre-dependency problem:
 util-linux pre-depends on libuuid1 (>= 2.16)
  libuuid1:armhf is unpacked, but has never been configured.

dpkg: warning: ignoring pre-dependency problem!
dpkg: regarding .../util-linux_2.38.1-5+deb12u3_armhf.deb containing util-linux, pre-dependency problem:
 util-linux pre-depends on zlib1g (>= 1:1.1.4)
  zlib1g is not installed.

dpkg: warning: ignoring pre-dependency problem!
Preparing to unpack .../util-linux_2.38.1-5+deb12u3_armhf.deb ...
Unpacking util-linux (2.38.1-5+deb12u3) ...
Selecting previously unselected package util-linux-extra.
Preparing to unpack .../util-linux-extra_2.38.1-5+deb12u3_armhf.deb ...
Unpacking util-linux-extra (2.38.1-5+deb12u3) ...
Selecting previously unselected package zlib1g:armhf.
Preparing to unpack .../zlib1g_1%3a1.2.13.dfsg-1_armhf.deb ...
Unpacking zlib1g:armhf (1:1.2.13.dfsg-1) ...
Setting up debian-archive-keyring (2023.3+deb12u2) ...
Setting up usr-is-merged (37~deb12u1) ...
Setting up libaudit-common (1:3.0.9-1) ...
Setting up libsemanage-common (3.4-1) ...
Setting up debconf (1.5.82) ...
Setting up gcc-12-base:armhf (12.2.0-14+deb12u1) ...
Setting up tzdata (2025b-0+deb12u2) ...

Current default time zone: 'Etc/UTC'
Local time is now:      Fri Mar 20 15:51:21 UTC 2026.
Universal Time is now:  Fri Mar 20 15:51:21 UTC 2026.
Run 'dpkg-reconfigure tzdata' if you wish to change it.

Setting up ncurses-base (6.4-4) ...
Setting up init-system-helpers (1.65.2+deb12u1) ...
Setting up libgcc-s1:armhf (12.2.0-14+deb12u1) ...
Setting up libc6:armhf (2.36-9+deb12u13) ...
Setting up libudev1:armhf (252.39-1~deb12u1) ...
Setting up libffi8:armhf (3.4.4-1) ...
Setting up libmd0:armhf (1.0.4-2) ...
Setting up libxxhash0:armhf (0.8.1-1) ...
Setting up libattr1:armhf (1:2.5.1-4) ...
Setting up sysvinit-utils (3.06-4) ...
Setting up libtasn1-6:armhf (4.19.0-2+deb12u1) ...
Setting up debianutils (5.7-0.5~deb12u1) ...
update-alternatives: using /usr/bin/which.debianutils to provide /usr/bin/which (which) in auto mode
Setting up mawk (1.3.4.20200120-3.1) ...
Setting up libdebconfclient0:armhf (0.270) ...
Setting up base-files (12.4+deb12u13) ...
Setting up libbz2-1.0:armhf (1.0.8-5+b1) ...
Setting up libdb5.3:armhf (5.3.28+dfsg2-1) ...
Setting up libblkid1:armhf (2.38.1-5+deb12u3) ...
Setting up libstdc++6:armhf (12.2.0-14+deb12u1) ...
Setting up libtinfo6:armhf (6.4-4) ...
Setting up bash (5.2.15-2+b10) ...
update-alternatives: using /usr/share/man/man7/bash-builtins.7.gz to provide /usr/share/man/man7/builtins.7.gz (builtins.7.gz) in auto mode
Setting up libzstd1:armhf (1.5.4+dfsg2-5) ...
Setting up liblzma5:armhf (5.4.1-1) ...
Setting up libgpg-error0:armhf (1.46-1) ...
Setting up liblz4-1:armhf (1.9.4-1) ...
Setting up libc-bin (2.36-9+deb12u13) ...
Setting up ncurses-bin (6.4-4) ...
Setting up libacl1:armhf (2.3.1-3) ...
Setting up libunistring2:armhf (1.0-2) ...
Setting up libsmartcols1:armhf (2.38.1-5+deb12u3) ...
Setting up libgcrypt20:armhf (1.10.1-3) ...
Setting up zlib1g:armhf (1:1.2.13.dfsg-1) ...
Setting up libcrypt1:armhf (1:4.4.33-2) ...
Setting up libidn2-0:armhf (2.3.3-1+b1) ...
Setting up libcom-err2:armhf (1.47.0-2+b2) ...
Setting up diffutils (1:3.8-4) ...
Setting up libseccomp2:armhf (2.5.4-1+deb12u1) ...
Setting up libcap2:armhf (1:2.66-4+deb12u2+b2) ...
Setting up hostname (3.23+nmu1) ...
Setting up libcap-ng0:armhf (0.8.3-1+b3) ...
Setting up libext2fs2:armhf (1.47.0-2+b2) ...
Setting up libnettle8:armhf (3.8.1-2) ...
Setting up libgmp10:armhf (2:6.2.1+dfsg1-1.1) ...
Setting up libp11-kit0:armhf (0.24.1-2) ...
Setting up libaudit1:armhf (1:3.0.9-1) ...
Setting up libuuid1:armhf (2.38.1-5+deb12u3) ...
Setting up libss2:armhf (1.47.0-2+b2) ...
Setting up libsepol2:armhf (3.4-2.1) ...
Setting up libpcre2-8-0:armhf (10.42-1) ...
Setting up logsave (1.47.0-2+b2) ...
Setting up gpgv (2.2.40-1.1+deb12u2) ...
Setting up util-linux-extra (2.38.1-5+deb12u3) ...
Setting up libhogweed6:armhf (3.8.1-2) ...
Setting up e2fsprogs (1.47.0-2+b2) ...
Setting up libsystemd0:armhf (252.39-1~deb12u1) ...
Setting up libselinux1:armhf (3.4-1+b6) ...
Setting up libgnutls30:armhf (3.7.9-2+deb12u5) ...
Setting up libpam0g:armhf (1.5.2-6+deb12u2) ...
Setting up libapt-pkg6.0:armhf (2.6.1) ...
Setting up sed (4.9-1) ...
Setting up findutils (4.9.0-4) ...
Setting up libmount1:armhf (2.38.1-5+deb12u3) ...
Setting up libsemanage2:armhf (3.4-1+b5) ...
Setting up base-passwd (3.6.1) ...
Setting up bsdutils (1:2.38.1-5+deb12u3) ...
Setting up tar (1.34+dfsg-1.2+deb12u1) ...
update-alternatives: using /usr/sbin/rmt-tar to provide /usr/sbin/rmt (rmt) in auto mode
Setting up libpam-modules-bin (1.5.2-6+deb12u2) ...
Setting up coreutils (9.1-1) ...
Setting up util-linux (2.38.1-5+deb12u3) ...
update-alternatives: using /bin/more to provide /usr/bin/pager (pager) in auto mode
Setting up dpkg (1.21.22) ...
Setting up mount (2.38.1-5+deb12u3) ...
Setting up dash (0.5.12-2) ...
No diversion 'diversion of /bin/sh by bash', none removed.
Adding 'diversion of /bin/sh to /bin/sh.distrib by dash'
No diversion 'diversion of /usr/share/man/man1/sh.1.gz by bash', none removed.
Adding 'diversion of /usr/share/man/man1/sh.1.gz to /usr/share/man/man1/sh.distrib.1.gz by dash'
Setting up libpam-modules:armhf (1.5.2-6+deb12u2) ...
Setting up grep (3.8-5) ...
Setting up perl-base (5.36.0-7+deb12u3) ...
Setting up gzip (1.12-1) ...
Setting up passwd (1:4.13+dfsg1-1+deb12u2) ...
Shadow passwords are now on.
Setting up libpam-runtime (1.5.2-6+deb12u2) ...
Setting up login (1:4.13+dfsg1-1+deb12u2) ...
Setting up adduser (3.134) ...
Setting up apt (2.6.1) ...
Processing triggers for libc-bin (2.36-9+deb12u13) ...
/debootstrap/debootstrap: 1793: [: -eq: unexpected operator
/debootstrap/debootstrap: 1751: [: -eq: unexpected operator
(Reading database ... 6090 files and directories currently installed.)
Preparing to unpack .../libssl3_3.0.18-1~deb12u1_armhf.deb ...
Unpacking libssl3:armhf (3.0.18-1~deb12u1) ...
Setting up libssl3:armhf (3.0.18-1~deb12u1) ...
Processing triggers for libc-bin (2.36-9+deb12u13) ...
/debootstrap/debootstrap: 1751: [: -eq: unexpected operator
(Reading database ... 6102 files and directories currently installed.)
Preparing to unpack .../dmsetup_2%3a1.02.185-2_armhf.deb ...
Unpacking dmsetup (2:1.02.185-2) ...
Preparing to unpack .../libapparmor1_3.0.8-3_armhf.deb ...
Unpacking libapparmor1:armhf (3.0.8-3) ...
Preparing to unpack .../libargon2-1_0~20171227-0.3+deb12u1_armhf.deb ...
Unpacking libargon2-1:armhf (0~20171227-0.3+deb12u1) ...
Preparing to unpack .../libcryptsetup12_2%3a2.6.1-4~deb12u2_armhf.deb ...
Unpacking libcryptsetup12:armhf (2:2.6.1-4~deb12u2) ...
Preparing to unpack .../libdevmapper1.02.1_2%3a1.02.185-2_armhf.deb ...
Unpacking libdevmapper1.02.1:armhf (2:1.02.185-2) ...
Preparing to unpack .../libfdisk1_2.38.1-5+deb12u3_armhf.deb ...
Unpacking libfdisk1:armhf (2.38.1-5+deb12u3) ...
Preparing to unpack .../libip4tc2_1.8.9-2_armhf.deb ...
Unpacking libip4tc2:armhf (1.8.9-2) ...
Preparing to unpack .../libjson-c5_0.16-2_armhf.deb ...
Unpacking libjson-c5:armhf (0.16-2) ...
Preparing to unpack .../libkmod2_30+20221128-1_armhf.deb ...
Unpacking libkmod2:armhf (30+20221128-1) ...
Preparing to unpack .../libsystemd-shared_252.39-1~deb12u1_armhf.deb ...
Unpacking libsystemd-shared:armhf (252.39-1~deb12u1) ...
Preparing to unpack .../systemd_252.39-1~deb12u1_armhf.deb ...
Unpacking systemd (252.39-1~deb12u1) ...
Setting up libapparmor1:armhf (3.0.8-3) ...
Setting up libargon2-1:armhf (0~20171227-0.3+deb12u1) ...
Setting up libfdisk1:armhf (2.38.1-5+deb12u3) ...
Setting up libip4tc2:armhf (1.8.9-2) ...
Setting up libjson-c5:armhf (0.16-2) ...
Setting up libkmod2:armhf (30+20221128-1) ...
Setting up libsystemd-shared:armhf (252.39-1~deb12u1) ...
Setting up libdevmapper1.02.1:armhf (2:1.02.185-2) ...
Setting up dmsetup (2:1.02.185-2) ...
Setting up libcryptsetup12:armhf (2:2.6.1-4~deb12u2) ...
Setting up systemd (252.39-1~deb12u1) ...
Created symlink /etc/systemd/system/getty.target.wants/getty@tty1.service -> /lib/systemd/system/getty@.service.
Created symlink /etc/systemd/system/multi-user.target.wants/remote-fs.target -> /lib/systemd/system/remote-fs.target.
Created symlink /etc/systemd/system/sysinit.target.wants/systemd-pstore.service -> /lib/systemd/system/systemd-pstore.service.
Initializing machine ID from random generator.
Creating group 'systemd-journal' with GID 999.
Creating group 'systemd-network' with GID 998.
Creating user 'systemd-network' (systemd Network Management) with UID 998 and GID 998.
Detected unsafe path transition / (owned by 1000) -> /run (owned by root) during canonicalization of /run.
Detected unsafe path transition / (owned by 1000) -> /run (owned by root) during canonicalization of /run.
Detected unsafe path transition / (owned by 1000) -> /etc (owned by root) during canonicalization of /etc.
Detected unsafe path transition / (owned by 1000) -> /var (owned by root) during canonicalization of /var.
Detected unsafe path transition / (owned by 1000) -> /var (owned by root) during canonicalization of /var.
Detected unsafe path transition / (owned by 1000) -> /var (owned by root) during canonicalization of /var/log.
Detected unsafe path transition / (owned by 1000) -> /run (owned by root) during canonicalization of /run/lock.
Detected unsafe path transition / (owned by 1000) -> /run (owned by root) during canonicalization of /run/systemd.
Detected unsafe path transition / (owned by 1000) -> /run (owned by root) during canonicalization of /run/systemd/netif.
Detected unsafe path transition / (owned by 1000) -> /run (owned by root) during canonicalization of /run/systemd/netif.
Detected unsafe path transition / (owned by 1000) -> /run (owned by root) during canonicalization of /run/systemd/netif.
Detected unsafe path transition / (owned by 1000) -> /var (owned by root) during canonicalization of /var.
Detected unsafe path transition / (owned by 1000) -> /var (owned by root) during canonicalization of /var/lib.
Detected unsafe path transition / (owned by 1000) -> /var (owned by root) during canonicalization of /var/lib/systemd.
Detected unsafe path transition / (owned by 1000) -> /run (owned by root) during canonicalization of /run.
Detected unsafe path transition / (owned by 1000) -> /run (owned by root) during canonicalization of /run/systemd.
Detected unsafe path transition / (owned by 1000) -> /run (owned by root) during canonicalization of /run/systemd.
Detected unsafe path transition / (owned by 1000) -> /run (owned by root) during canonicalization of /run/systemd.
Detected unsafe path transition / (owned by 1000) -> /run (owned by root) during canonicalization of /run/systemd.
Detected unsafe path transition / (owned by 1000) -> /run (owned by root) during canonicalization of /run/systemd.
Detected unsafe path transition / (owned by 1000) -> /run (owned by root) during canonicalization of /run/systemd.
Detected unsafe path transition / (owned by 1000) -> /run (owned by root) during canonicalization of /run.
Detected unsafe path transition / (owned by 1000) -> /var (owned by root) during canonicalization of /var/lib/systemd.
Detected unsafe path transition / (owned by 1000) -> /var (owned by root) during canonicalization of /var/lib.
Detected unsafe path transition / (owned by 1000) -> /var (owned by root) during canonicalization of /var/log.
Detected unsafe path transition / (owned by 1000) -> /var (owned by root) during canonicalization of /var.
Detected unsafe path transition / (owned by 1000) -> /var (owned by root) during canonicalization of /var/cache.
Detected unsafe path transition / (owned by 1000) -> /var (owned by root) during canonicalization of /var.
Detected unsafe path transition / (owned by 1000) -> /var (owned by root) during canonicalization of /var/log.
Detected unsafe path transition / (owned by 1000) -> /var (owned by root) during canonicalization of /var/log.
Detected unsafe path transition / (owned by 1000) -> /var (owned by root) during canonicalization of /var/log.
Detected unsafe path transition / (owned by 1000) -> /var (owned by root) during canonicalization of /var.
Detected unsafe path transition / (owned by 1000) -> /var (owned by root) during canonicalization of /var/log/journal.
Detected unsafe path transition / (owned by 1000) -> /var (owned by root) during canonicalization of /var/log/journal.
Detected unsafe path transition / (owned by 1000) -> /var (owned by root) during canonicalization of /var/log/journal.
Processing triggers for libc-bin (2.36-9+deb12u13) ...
/debootstrap/debootstrap: 1751: [: -eq: unexpected operator
(Reading database ... 7023 files and directories currently installed.)
Preparing to unpack .../systemd-sysv_252.39-1~deb12u1_armhf.deb ...
Unpacking systemd-sysv (252.39-1~deb12u1) ...
Setting up systemd-sysv (252.39-1~deb12u1) ...
/debootstrap/debootstrap: 1751: [: -eq: unexpected operator
(Reading database ... 7041 files and directories currently installed.)
Preparing to unpack .../cron-daemon-common_3.0pl1-162_all.deb ...
Unpacking cron-daemon-common (3.0pl1-162) ...
Setting up cron-daemon-common (3.0pl1-162) ...
Adding group `crontab' (GID 101) ...
Done.
(Reading database ... 7059 files and directories currently installed.)
Preparing to unpack .../apt-utils_2.6.1_armhf.deb ...
Unpacking apt-utils (2.6.1) ...
Preparing to unpack .../cpio_2.13+dfsg-7.1_armhf.deb ...
Unpacking cpio (2.13+dfsg-7.1) ...
Preparing to unpack .../cron_3.0pl1-162_armhf.deb ...
Unpacking cron (3.0pl1-162) ...
Preparing to unpack .../debconf-i18n_1.5.82_all.deb ...
Unpacking debconf-i18n (1.5.82) ...
Preparing to unpack .../dmidecode_3.4-1_armhf.deb ...
Unpacking dmidecode (3.4-1) ...
Preparing to unpack .../fdisk_2.38.1-5+deb12u3_armhf.deb ...
Unpacking fdisk (2.38.1-5+deb12u3) ...
Preparing to unpack .../ifupdown_0.8.41_armhf.deb ...
Unpacking ifupdown (0.8.41) ...
Preparing to unpack .../init_1.65.2+deb12u1_armhf.deb ...
Unpacking init (1.65.2+deb12u1) ...
Preparing to unpack .../iproute2_6.1.0-3_armhf.deb ...
Unpacking iproute2 (6.1.0-3) ...
Preparing to unpack .../iputils-ping_3%3a20221126-1+deb12u1_armhf.deb ...
Unpacking iputils-ping (3:20221126-1+deb12u1) ...
Preparing to unpack .../isc-dhcp-client_4.4.3-P1-2_armhf.deb ...
Unpacking isc-dhcp-client (4.4.3-P1-2) ...
Preparing to unpack .../isc-dhcp-common_4.4.3-P1-2_armhf.deb ...
Unpacking isc-dhcp-common (4.4.3-P1-2) ...
Preparing to unpack .../kmod_30+20221128-1_armhf.deb ...
Unpacking kmod (30+20221128-1) ...
Preparing to unpack .../less_590-2.1~deb12u2_armhf.deb ...
Unpacking less (590-2.1~deb12u2) ...
Preparing to unpack .../libbpf1_1%3a1.1.2-0+deb12u1_armhf.deb ...
Unpacking libbpf1:armhf (1:1.1.2-0+deb12u1) ...
Preparing to unpack .../libbsd0_0.11.7-2_armhf.deb ...
Unpacking libbsd0:armhf (0.11.7-2) ...
Preparing to unpack .../libcap2-bin_1%3a2.66-4+deb12u2+b2_armhf.deb ...
Unpacking libcap2-bin (1:2.66-4+deb12u2+b2) ...
Preparing to unpack .../libedit2_3.1-20221030-2_armhf.deb ...
Unpacking libedit2:armhf (3.1-20221030-2) ...
Preparing to unpack .../libelf1_0.188-2.1_armhf.deb ...
Unpacking libelf1:armhf (0.188-2.1) ...
Preparing to unpack .../libgssapi-krb5-2_1.20.1-2+deb12u4_armhf.deb ...
Unpacking libgssapi-krb5-2:armhf (1.20.1-2+deb12u4) ...
Preparing to unpack .../libjansson4_2.14-2_armhf.deb ...
Unpacking libjansson4:armhf (2.14-2) ...
Preparing to unpack .../libk5crypto3_1.20.1-2+deb12u4_armhf.deb ...
Unpacking libk5crypto3:armhf (1.20.1-2+deb12u4) ...
Preparing to unpack .../libkeyutils1_1.6.3-2_armhf.deb ...
Unpacking libkeyutils1:armhf (1.6.3-2) ...
Preparing to unpack .../libkrb5-3_1.20.1-2+deb12u4_armhf.deb ...
Unpacking libkrb5-3:armhf (1.20.1-2+deb12u4) ...
Preparing to unpack .../libkrb5support0_1.20.1-2+deb12u4_armhf.deb ...
Unpacking libkrb5support0:armhf (1.20.1-2+deb12u4) ...
Preparing to unpack .../liblocale-gettext-perl_1.07-5_armhf.deb ...
Unpacking liblocale-gettext-perl (1.07-5) ...
Preparing to unpack .../libmnl0_1.0.4-3_armhf.deb ...
Unpacking libmnl0:armhf (1.0.4-3) ...
Preparing to unpack .../libncursesw6_6.4-4_armhf.deb ...
Unpacking libncursesw6:armhf (6.4-4) ...
Preparing to unpack .../libnewt0.52_0.52.23-1+b1_armhf.deb ...
Unpacking libnewt0.52:armhf (0.52.23-1+b1) ...
Preparing to unpack .../libnftables1_1.0.6-2+deb12u2_armhf.deb ...
Unpacking libnftables1:armhf (1.0.6-2+deb12u2) ...
Preparing to unpack .../libnftnl11_1.2.4-2_armhf.deb ...
Unpacking libnftnl11:armhf (1.2.4-2) ...
Preparing to unpack .../libpopt0_1.19+dfsg-1_armhf.deb ...
Unpacking libpopt0:armhf (1.19+dfsg-1) ...
Preparing to unpack .../libproc2-0_2%3a4.0.2-3_armhf.deb ...
Unpacking libproc2-0:armhf (2:4.0.2-3) ...
Preparing to unpack .../libreadline8_8.2-1.3_armhf.deb ...
Unpacking libreadline8:armhf (8.2-1.3) ...
Preparing to unpack .../libslang2_2.3.3-3_armhf.deb ...
Unpacking libslang2:armhf (2.3.3-3) ...
Preparing to unpack .../libtext-charwidth-perl_0.04-11_armhf.deb ...
Unpacking libtext-charwidth-perl:armhf (0.04-11) ...
Preparing to unpack .../libtext-iconv-perl_1.7-8_armhf.deb ...
Unpacking libtext-iconv-perl:armhf (1.7-8) ...
Preparing to unpack .../libtext-wrapi18n-perl_0.06-10_all.deb ...
Unpacking libtext-wrapi18n-perl (0.06-10) ...
Preparing to unpack .../libtirpc-common_1.3.3+ds-1_all.deb ...
Unpacking libtirpc-common (1.3.3+ds-1) ...
Preparing to unpack .../libtirpc3_1.3.3+ds-1_armhf.deb ...
Unpacking libtirpc3:armhf (1.3.3+ds-1) ...
Preparing to unpack .../libxtables12_1.8.9-2_armhf.deb ...
Unpacking libxtables12:armhf (1.8.9-2) ...
Preparing to unpack .../logrotate_3.21.0-1_armhf.deb ...
Unpacking logrotate (3.21.0-1) ...
Preparing to unpack .../nano_7.2-1+deb12u1_armhf.deb ...
Unpacking nano (7.2-1+deb12u1) ...
Preparing to unpack .../archives/netbase_6.4_all.deb ...
Unpacking netbase (6.4) ...
Preparing to unpack .../nftables_1.0.6-2+deb12u2_armhf.deb ...
Unpacking nftables (1.0.6-2+deb12u2) ...
Preparing to unpack .../procps_2%3a4.0.2-3_armhf.deb ...
Unpacking procps (2:4.0.2-3) ...
Preparing to unpack .../readline-common_8.2-1.3_all.deb ...
Unpacking readline-common (8.2-1.3) ...
Preparing to unpack .../sensible-utils_0.0.17+nmu1_all.deb ...
Unpacking sensible-utils (0.0.17+nmu1) ...
Preparing to unpack .../archives/tasksel_3.73_all.deb ...
Unpacking tasksel (3.73) ...
Preparing to unpack .../tasksel-data_3.73_all.deb ...
Unpacking tasksel-data (3.73) ...
Preparing to unpack .../udev_252.39-1~deb12u1_armhf.deb ...
Unpacking udev (252.39-1~deb12u1) ...
Preparing to unpack .../vim-common_2%3a9.0.1378-2+deb12u2_all.deb ...
Unpacking vim-common (2:9.0.1378-2+deb12u2) ...
Preparing to unpack .../vim-tiny_2%3a9.0.1378-2+deb12u2_armhf.deb ...
Unpacking vim-tiny (2:9.0.1378-2+deb12u2) ...
Preparing to unpack .../whiptail_0.52.23-1+b1_armhf.deb ...
Unpacking whiptail (0.52.23-1+b1) ...
Processing triggers for libc-bin (2.36-9+deb12u13) ...
Setting up cpio (2.13+dfsg-7.1) ...
update-alternatives: using /bin/mt-gnu to provide /bin/mt (mt) in auto mode
Setting up libtext-iconv-perl:armhf (1.7-8) ...
Setting up libtext-charwidth-perl:armhf (0.04-11) ...
Setting up libkeyutils1:armhf (1.6.3-2) ...
Setting up apt-utils (2.6.1) ...
Setting up init (1.65.2+deb12u1) ...
Setting up libtirpc-common (1.3.3+ds-1) ...
Setting up less (590-2.1~deb12u2) ...
Setting up kmod (30+20221128-1) ...
Setting up libtext-wrapi18n-perl (0.06-10) ...
Setting up libjansson4:armhf (2.14-2) ...
Setting up libkrb5support0:armhf (1.20.1-2+deb12u4) ...
Setting up libcap2-bin (1:2.66-4+deb12u2+b2) ...
Setting up vim-common (2:9.0.1378-2+deb12u2) ...
Setting up libslang2:armhf (2.3.3-3) ...
Setting up libproc2-0:armhf (2:4.0.2-3) ...
Setting up libmnl0:armhf (1.0.4-3) ...
Setting up udev (252.39-1~deb12u1) ...
A chroot environment has been detected, udev not started.
Setting up libncursesw6:armhf (6.4-4) ...
Setting up libk5crypto3:armhf (1.20.1-2+deb12u4) ...
Setting up libxtables12:armhf (1.8.9-2) ...
Setting up nano (7.2-1+deb12u1) ...
update-alternatives: using /bin/nano to provide /usr/bin/editor (editor) in auto mode
update-alternatives: using /bin/nano to provide /usr/bin/pico (pico) in auto mode
Setting up sensible-utils (0.0.17+nmu1) ...
Setting up procps (2:4.0.2-3) ...
Setting up netbase (6.4) ...
Setting up isc-dhcp-common (4.4.3-P1-2) ...
Setting up libkrb5-3:armhf (1.20.1-2+deb12u4) ...
Setting up dmidecode (3.4-1) ...
Setting up libbsd0:armhf (0.11.7-2) ...
Setting up libelf1:armhf (0.188-2.1) ...
Setting up iputils-ping (3:20221126-1+deb12u1) ...
Setting up readline-common (8.2-1.3) ...
Setting up liblocale-gettext-perl (1.07-5) ...
Setting up libbpf1:armhf (1:1.1.2-0+deb12u1) ...
Setting up libpopt0:armhf (1.19+dfsg-1) ...
Setting up logrotate (3.21.0-1) ...
Created symlink /etc/systemd/system/timers.target.wants/logrotate.timer -> /lib/systemd/system/logrotate.timer.
Setting up libnewt0.52:armhf (0.52.23-1+b1) ...
Setting up libedit2:armhf (3.1-20221030-2) ...
Setting up libreadline8:armhf (8.2-1.3) ...
Setting up cron (3.0pl1-162) ...
Running in chroot, ignoring request.
invoke-rc.d: policy-rc.d denied execution of start.
Created symlink /etc/systemd/system/multi-user.target.wants/cron.service -> /lib/systemd/system/cron.service.
Setting up debconf-i18n (1.5.82) ...
Setting up libnftnl11:armhf (1.2.4-2) ...
Setting up vim-tiny (2:9.0.1378-2+deb12u2) ...
update-alternatives: using /usr/bin/vim.tiny to provide /usr/bin/ex (ex) in auto mode
update-alternatives: using /usr/bin/vim.tiny to provide /usr/bin/rview (rview) in auto mode
update-alternatives: using /usr/bin/vim.tiny to provide /usr/bin/vi (vi) in auto mode
update-alternatives: using /usr/bin/vim.tiny to provide /usr/bin/view (view) in auto mode
Setting up fdisk (2.38.1-5+deb12u3) ...
Setting up libgssapi-krb5-2:armhf (1.20.1-2+deb12u4) ...
Setting up whiptail (0.52.23-1+b1) ...
Setting up libtirpc3:armhf (1.3.3+ds-1) ...
Setting up libnftables1:armhf (1.0.6-2+deb12u2) ...
Setting up nftables (1.0.6-2+deb12u2) ...
Setting up iproute2 (6.1.0-3) ...
Setting up isc-dhcp-client (4.4.3-P1-2) ...
Setting up ifupdown (0.8.41) ...
Creating /etc/network/interfaces.
Created symlink /etc/systemd/system/multi-user.target.wants/networking.service -> /lib/systemd/system/networking.service.
Created symlink /etc/systemd/system/network-online.target.wants/networking.service -> /lib/systemd/system/networking.service.
Setting up tasksel (3.73) ...
Setting up tasksel-data (3.73) ...
Processing triggers for libc-bin (2.36-9+deb12u13) ...
