2026-03-20 15:49:57 startup archives install
2026-03-20 15:49:58 install base-passwd:armhf <none> 3.6.1
2026-03-20 15:49:58 status half-installed base-passwd:armhf 3.6.1
2026-03-20 15:49:58 status unpacked base-passwd:armhf 3.6.1
2026-03-20 15:49:58 configure base-passwd:armhf 3.6.1 3.6.1
2026-03-20 15:49:58 status half-configured base-passwd:armhf 3.6.1
2026-03-20 15:49:59 status installed base-passwd:armhf 3.6.1
2026-03-20 15:49:59 startup archives install
2026-03-20 15:49:59 install base-files:armhf <none> 12.4+deb12u13
2026-03-20 15:49:59 status half-installed base-files:armhf 12.4+deb12u13
2026-03-20 15:49:59 status unpacked base-files:armhf 12.4+deb12u13
2026-03-20 15:49:59 configure base-files:armhf 12.4+deb12u13 12.4+deb12u13
2026-03-20 15:50:00 status half-configured base-files:armhf 12.4+deb12u13
2026-03-20 15:50:01 status installed base-files:armhf 12.4+deb12u13
2026-03-20 15:50:01 startup archives install
2026-03-20 15:50:02 upgrade dpkg 1.21.22 1.21.22
2026-03-20 15:50:02 status half-configured dpkg 1.21.22
2026-03-20 15:50:02 status unpacked dpkg 1.21.22
2026-03-20 15:50:02 status half-installed dpkg 1.21.22
2026-03-20 15:50:02 status unpacked dpkg:armhf 1.21.22
2026-03-20 15:50:03 configure dpkg:armhf 1.21.22 1.21.22
2026-03-20 15:50:03 status half-configured dpkg:armhf 1.21.22
2026-03-20 15:50:04 status installed dpkg:armhf 1.21.22
2026-03-20 15:50:04 startup archives install
2026-03-20 15:50:05 install libc6:armhf <none> 2.36-9+deb12u13
2026-03-20 15:50:05 status half-installed libc6:armhf 2.36-9+deb12u13
2026-03-20 15:50:07 status unpacked libc6:armhf 2.36-9+deb12u13
2026-03-20 15:50:08 configure libc6:armhf 2.36-9+deb12u13 2.36-9+deb12u13
2026-03-20 15:50:08 status half-configured libc6:armhf 2.36-9+deb12u13
2026-03-20 15:50:09 status installed libc6:armhf 2.36-9+deb12u13
2026-03-20 15:50:09 startup archives install
2026-03-20 15:50:09 install perl-base:armhf <none> 5.36.0-7+deb12u3
2026-03-20 15:50:09 status half-installed perl-base:armhf 5.36.0-7+deb12u3
2026-03-20 15:50:11 status unpacked perl-base:armhf 5.36.0-7+deb12u3
2026-03-20 15:50:11 configure perl-base:armhf 5.36.0-7+deb12u3 5.36.0-7+deb12u3
2026-03-20 15:50:11 status half-configured perl-base:armhf 5.36.0-7+deb12u3
2026-03-20 15:50:11 status installed perl-base:armhf 5.36.0-7+deb12u3
2026-03-20 15:50:12 startup archives install
2026-03-20 15:50:12 install mawk:armhf <none> 1.3.4.20200120-3.1
2026-03-20 15:50:12 status half-installed mawk:armhf 1.3.4.20200120-3.1
2026-03-20 15:50:12 status unpacked mawk:armhf 1.3.4.20200120-3.1
2026-03-20 15:50:12 configure mawk:armhf 1.3.4.20200120-3.1 1.3.4.20200120-3.1
2026-03-20 15:50:12 status half-configured mawk:armhf 1.3.4.20200120-3.1
2026-03-20 15:50:12 status installed mawk:armhf 1.3.4.20200120-3.1
2026-03-20 15:50:12 startup archives install
2026-03-20 15:50:12 install debconf:all <none> 1.5.82
2026-03-20 15:50:12 status half-installed debconf:all 1.5.82
2026-03-20 15:50:13 status unpacked debconf:all 1.5.82
2026-03-20 15:50:13 configure debconf:all 1.5.82 1.5.82
2026-03-20 15:50:13 status half-configured debconf:all 1.5.82
2026-03-20 15:50:14 status installed debconf:all 1.5.82
2026-03-20 15:50:14 startup archives unpack
2026-03-20 15:50:15 install adduser:all <none> 3.134
2026-03-20 15:50:15 status half-installed adduser:all 3.134
2026-03-20 15:50:15 status unpacked adduser:all 3.134
2026-03-20 15:50:15 install apt:armhf <none> 2.6.1
2026-03-20 15:50:15 status half-installed apt:armhf 2.6.1
2026-03-20 15:50:17 status unpacked apt:armhf 2.6.1
2026-03-20 15:50:17 upgrade base-files:armhf 12.4+deb12u13 12.4+deb12u13
2026-03-20 15:50:17 status half-configured base-files:armhf 12.4+deb12u13
2026-03-20 15:50:17 status unpacked base-files:armhf 12.4+deb12u13
2026-03-20 15:50:17 status half-installed base-files:armhf 12.4+deb12u13
2026-03-20 15:50:17 status unpacked base-files:armhf 12.4+deb12u13
2026-03-20 15:50:17 upgrade base-passwd:armhf 3.6.1 3.6.1
2026-03-20 15:50:17 status half-configured base-passwd:armhf 3.6.1
2026-03-20 15:50:17 status unpacked base-passwd:armhf 3.6.1
2026-03-20 15:50:17 status half-installed base-passwd:armhf 3.6.1
2026-03-20 15:50:18 status unpacked base-passwd:armhf 3.6.1
2026-03-20 15:50:18 install bash:armhf <none> 5.2.15-2+b10
2026-03-20 15:50:18 status half-installed bash:armhf 5.2.15-2+b10
2026-03-20 15:50:19 status unpacked bash:armhf 5.2.15-2+b10
2026-03-20 15:50:19 install bsdutils:armhf <none> 1:2.38.1-5+deb12u3
2026-03-20 15:50:19 status half-installed bsdutils:armhf 1:2.38.1-5+deb12u3
2026-03-20 15:50:19 status unpacked bsdutils:armhf 1:2.38.1-5+deb12u3
2026-03-20 15:50:19 install coreutils:armhf <none> 9.1-1
2026-03-20 15:50:19 status half-installed coreutils:armhf 9.1-1
2026-03-20 15:50:21 status unpacked coreutils:armhf 9.1-1
2026-03-20 15:50:21 install dash:armhf <none> 0.5.12-2
2026-03-20 15:50:21 status half-installed dash:armhf 0.5.12-2
2026-03-20 15:50:21 status unpacked dash:armhf 0.5.12-2
2026-03-20 15:50:22 upgrade debconf:all 1.5.82 1.5.82
2026-03-20 15:50:22 status half-configured debconf:all 1.5.82
2026-03-20 15:50:22 status unpacked debconf:all 1.5.82
2026-03-20 15:50:22 status half-installed debconf:all 1.5.82
2026-03-20 15:50:22 status unpacked debconf:all 1.5.82
2026-03-20 15:50:23 install debian-archive-keyring:all <none> 2023.3+deb12u2
2026-03-20 15:50:23 status half-installed debian-archive-keyring:all 2023.3+deb12u2
2026-03-20 15:50:25 status unpacked debian-archive-keyring:all 2023.3+deb12u2
2026-03-20 15:50:26 install debianutils:armhf <none> 5.7-0.5~deb12u1
2026-03-20 15:50:26 status half-installed debianutils:armhf 5.7-0.5~deb12u1
2026-03-20 15:50:26 status unpacked debianutils:armhf 5.7-0.5~deb12u1
2026-03-20 15:50:26 install diffutils:armhf <none> 1:3.8-4
2026-03-20 15:50:26 status half-installed diffutils:armhf 1:3.8-4
2026-03-20 15:50:27 status unpacked diffutils:armhf 1:3.8-4
2026-03-20 15:50:27 upgrade dpkg:armhf 1.21.22 1.21.22
2026-03-20 15:50:27 status half-configured dpkg:armhf 1.21.22
2026-03-20 15:50:27 status unpacked dpkg:armhf 1.21.22
2026-03-20 15:50:27 status half-installed dpkg:armhf 1.21.22
2026-03-20 15:50:28 status unpacked dpkg:armhf 1.21.22
2026-03-20 15:50:28 install e2fsprogs:armhf <none> 1.47.0-2+b2
2026-03-20 15:50:28 status half-installed e2fsprogs:armhf 1.47.0-2+b2
2026-03-20 15:50:29 status unpacked e2fsprogs:armhf 1.47.0-2+b2
2026-03-20 15:50:29 install findutils:armhf <none> 4.9.0-4
2026-03-20 15:50:29 status half-installed findutils:armhf 4.9.0-4
2026-03-20 15:50:29 status unpacked findutils:armhf 4.9.0-4
2026-03-20 15:50:29 install gcc-12-base:armhf <none> 12.2.0-14+deb12u1
2026-03-20 15:50:29 status half-installed gcc-12-base:armhf 12.2.0-14+deb12u1
2026-03-20 15:50:30 status unpacked gcc-12-base:armhf 12.2.0-14+deb12u1
2026-03-20 15:50:30 install gpgv:armhf <none> 2.2.40-1.1+deb12u2
2026-03-20 15:50:30 status half-installed gpgv:armhf 2.2.40-1.1+deb12u2
2026-03-20 15:50:30 status unpacked gpgv:armhf 2.2.40-1.1+deb12u2
2026-03-20 15:50:30 install grep:armhf <none> 3.8-5
2026-03-20 15:50:30 status half-installed grep:armhf 3.8-5
2026-03-20 15:50:31 status unpacked grep:armhf 3.8-5
2026-03-20 15:50:31 install gzip:armhf <none> 1.12-1
2026-03-20 15:50:31 status half-installed gzip:armhf 1.12-1
2026-03-20 15:50:31 status unpacked gzip:armhf 1.12-1
2026-03-20 15:50:31 install hostname:armhf <none> 3.23+nmu1
2026-03-20 15:50:31 status half-installed hostname:armhf 3.23+nmu1
2026-03-20 15:50:31 status unpacked hostname:armhf 3.23+nmu1
2026-03-20 15:50:32 install init-system-helpers:all <none> 1.65.2+deb12u1
2026-03-20 15:50:32 status half-installed init-system-helpers:all 1.65.2+deb12u1
2026-03-20 15:50:32 status unpacked init-system-helpers:all 1.65.2+deb12u1
2026-03-20 15:50:32 install libacl1:armhf <none> 2.3.1-3
2026-03-20 15:50:32 status half-installed libacl1:armhf 2.3.1-3
2026-03-20 15:50:32 status unpacked libacl1:armhf 2.3.1-3
2026-03-20 15:50:32 install libapt-pkg6.0:armhf <none> 2.6.1
2026-03-20 15:50:32 status half-installed libapt-pkg6.0:armhf 2.6.1
2026-03-20 15:50:33 status unpacked libapt-pkg6.0:armhf 2.6.1
2026-03-20 15:50:33 install libattr1:armhf <none> 1:2.5.1-4
2026-03-20 15:50:33 status half-installed libattr1:armhf 1:2.5.1-4
2026-03-20 15:50:33 status unpacked libattr1:armhf 1:2.5.1-4
2026-03-20 15:50:33 install libaudit-common:all <none> 1:3.0.9-1
2026-03-20 15:50:33 status half-installed libaudit-common:all 1:3.0.9-1
2026-03-20 15:50:34 status unpacked libaudit-common:all 1:3.0.9-1
2026-03-20 15:50:34 install libaudit1:armhf <none> 1:3.0.9-1
2026-03-20 15:50:34 status half-installed libaudit1:armhf 1:3.0.9-1
2026-03-20 15:50:34 status unpacked libaudit1:armhf 1:3.0.9-1
2026-03-20 15:50:34 install libblkid1:armhf <none> 2.38.1-5+deb12u3
2026-03-20 15:50:34 status half-installed libblkid1:armhf 2.38.1-5+deb12u3
2026-03-20 15:50:34 status unpacked libblkid1:armhf 2.38.1-5+deb12u3
2026-03-20 15:50:35 install libbz2-1.0:armhf <none> 1.0.8-5+b1
2026-03-20 15:50:35 status half-installed libbz2-1.0:armhf 1.0.8-5+b1
2026-03-20 15:50:35 status unpacked libbz2-1.0:armhf 1.0.8-5+b1
2026-03-20 15:50:35 install libc-bin:armhf <none> 2.36-9+deb12u13
2026-03-20 15:50:35 status half-installed libc-bin:armhf 2.36-9+deb12u13
2026-03-20 15:50:35 status unpacked libc-bin:armhf 2.36-9+deb12u13
2026-03-20 15:50:36 upgrade libc6:armhf 2.36-9+deb12u13 2.36-9+deb12u13
2026-03-20 15:50:36 status half-configured libc6:armhf 2.36-9+deb12u13
2026-03-20 15:50:36 status unpacked libc6:armhf 2.36-9+deb12u13
2026-03-20 15:50:36 status half-installed libc6:armhf 2.36-9+deb12u13
2026-03-20 15:50:39 status unpacked libc6:armhf 2.36-9+deb12u13
2026-03-20 15:50:39 install libcap-ng0:armhf <none> 0.8.3-1+b3
2026-03-20 15:50:39 status half-installed libcap-ng0:armhf 0.8.3-1+b3
2026-03-20 15:50:39 status unpacked libcap-ng0:armhf 0.8.3-1+b3
2026-03-20 15:50:39 install libcap2:armhf <none> 1:2.66-4+deb12u2+b2
2026-03-20 15:50:39 status half-installed libcap2:armhf 1:2.66-4+deb12u2+b2
2026-03-20 15:50:39 status unpacked libcap2:armhf 1:2.66-4+deb12u2+b2
2026-03-20 15:50:40 install libcom-err2:armhf <none> 1.47.0-2+b2
2026-03-20 15:50:40 status half-installed libcom-err2:armhf 1.47.0-2+b2
2026-03-20 15:50:40 status unpacked libcom-err2:armhf 1.47.0-2+b2
2026-03-20 15:50:40 install libcrypt1:armhf <none> 1:4.4.33-2
2026-03-20 15:50:40 status half-installed libcrypt1:armhf 1:4.4.33-2
2026-03-20 15:50:40 status unpacked libcrypt1:armhf 1:4.4.33-2
2026-03-20 15:50:41 install libdb5.3:armhf <none> 5.3.28+dfsg2-1
2026-03-20 15:50:41 status half-installed libdb5.3:armhf 5.3.28+dfsg2-1
2026-03-20 15:50:41 status unpacked libdb5.3:armhf 5.3.28+dfsg2-1
2026-03-20 15:50:41 install libdebconfclient0:armhf <none> 0.270
2026-03-20 15:50:41 status half-installed libdebconfclient0:armhf 0.270
2026-03-20 15:50:41 status unpacked libdebconfclient0:armhf 0.270
2026-03-20 15:50:42 install libext2fs2:armhf <none> 1.47.0-2+b2
2026-03-20 15:50:42 status half-installed libext2fs2:armhf 1.47.0-2+b2
2026-03-20 15:50:42 status unpacked libext2fs2:armhf 1.47.0-2+b2
2026-03-20 15:50:42 install libffi8:armhf <none> 3.4.4-1
2026-03-20 15:50:42 status half-installed libffi8:armhf 3.4.4-1
2026-03-20 15:50:42 status unpacked libffi8:armhf 3.4.4-1
2026-03-20 15:50:42 install libgcc-s1:armhf <none> 12.2.0-14+deb12u1
2026-03-20 15:50:42 status half-installed libgcc-s1:armhf 12.2.0-14+deb12u1
2026-03-20 15:50:43 status unpacked libgcc-s1:armhf 12.2.0-14+deb12u1
2026-03-20 15:50:43 install libgcrypt20:armhf <none> 1.10.1-3
2026-03-20 15:50:43 status half-installed libgcrypt20:armhf 1.10.1-3
2026-03-20 15:50:43 status unpacked libgcrypt20:armhf 1.10.1-3
2026-03-20 15:50:43 install libgmp10:armhf <none> 2:6.2.1+dfsg1-1.1
2026-03-20 15:50:43 status half-installed libgmp10:armhf 2:6.2.1+dfsg1-1.1
2026-03-20 15:50:44 status unpacked libgmp10:armhf 2:6.2.1+dfsg1-1.1
2026-03-20 15:50:44 install libgnutls30:armhf <none> 3.7.9-2+deb12u5
2026-03-20 15:50:44 status half-installed libgnutls30:armhf 3.7.9-2+deb12u5
2026-03-20 15:50:44 status unpacked libgnutls30:armhf 3.7.9-2+deb12u5
2026-03-20 15:50:45 install libgpg-error0:armhf <none> 1.46-1
2026-03-20 15:50:45 status half-installed libgpg-error0:armhf 1.46-1
2026-03-20 15:50:45 status unpacked libgpg-error0:armhf 1.46-1
2026-03-20 15:50:45 install libhogweed6:armhf <none> 3.8.1-2
2026-03-20 15:50:45 status half-installed libhogweed6:armhf 3.8.1-2
2026-03-20 15:50:45 status unpacked libhogweed6:armhf 3.8.1-2
2026-03-20 15:50:45 install libidn2-0:armhf <none> 2.3.3-1+b1
2026-03-20 15:50:45 status half-installed libidn2-0:armhf 2.3.3-1+b1
2026-03-20 15:50:46 status unpacked libidn2-0:armhf 2.3.3-1+b1
2026-03-20 15:50:46 install liblz4-1:armhf <none> 1.9.4-1
2026-03-20 15:50:46 status half-installed liblz4-1:armhf 1.9.4-1
2026-03-20 15:50:46 status unpacked liblz4-1:armhf 1.9.4-1
2026-03-20 15:50:46 install liblzma5:armhf <none> 5.4.1-1
2026-03-20 15:50:46 status half-installed liblzma5:armhf 5.4.1-1
2026-03-20 15:50:46 status unpacked liblzma5:armhf 5.4.1-1
2026-03-20 15:50:47 install libmd0:armhf <none> 1.0.4-2
2026-03-20 15:50:47 status half-installed libmd0:armhf 1.0.4-2
2026-03-20 15:50:47 status unpacked libmd0:armhf 1.0.4-2
2026-03-20 15:50:47 install libmount1:armhf <none> 2.38.1-5+deb12u3
2026-03-20 15:50:47 status half-installed libmount1:armhf 2.38.1-5+deb12u3
2026-03-20 15:50:47 status unpacked libmount1:armhf 2.38.1-5+deb12u3
2026-03-20 15:50:47 install libnettle8:armhf <none> 3.8.1-2
2026-03-20 15:50:47 status half-installed libnettle8:armhf 3.8.1-2
2026-03-20 15:50:48 status unpacked libnettle8:armhf 3.8.1-2
2026-03-20 15:50:48 install libp11-kit0:armhf <none> 0.24.1-2
2026-03-20 15:50:48 status half-installed libp11-kit0:armhf 0.24.1-2
2026-03-20 15:50:48 status unpacked libp11-kit0:armhf 0.24.1-2
2026-03-20 15:50:48 install libpam-modules:armhf <none> 1.5.2-6+deb12u2
2026-03-20 15:50:48 status half-installed libpam-modules:armhf 1.5.2-6+deb12u2
2026-03-20 15:50:50 status unpacked libpam-modules:armhf 1.5.2-6+deb12u2
2026-03-20 15:50:50 install libpam-modules-bin:armhf <none> 1.5.2-6+deb12u2
2026-03-20 15:50:50 status half-installed libpam-modules-bin:armhf 1.5.2-6+deb12u2
2026-03-20 15:50:50 status unpacked libpam-modules-bin:armhf 1.5.2-6+deb12u2
2026-03-20 15:50:50 install libpam-runtime:all <none> 1.5.2-6+deb12u2
2026-03-20 15:50:50 status half-installed libpam-runtime:all 1.5.2-6+deb12u2
2026-03-20 15:50:51 status unpacked libpam-runtime:all 1.5.2-6+deb12u2
2026-03-20 15:50:51 install libpam0g:armhf <none> 1.5.2-6+deb12u2
2026-03-20 15:50:51 status half-installed libpam0g:armhf 1.5.2-6+deb12u2
2026-03-20 15:50:51 status unpacked libpam0g:armhf 1.5.2-6+deb12u2
2026-03-20 15:50:51 install libpcre2-8-0:armhf <none> 10.42-1
2026-03-20 15:50:51 status half-installed libpcre2-8-0:armhf 10.42-1
2026-03-20 15:50:52 status unpacked libpcre2-8-0:armhf 10.42-1
2026-03-20 15:50:52 install libseccomp2:armhf <none> 2.5.4-1+deb12u1
2026-03-20 15:50:52 status half-installed libseccomp2:armhf 2.5.4-1+deb12u1
2026-03-20 15:50:52 status unpacked libseccomp2:armhf 2.5.4-1+deb12u1
2026-03-20 15:50:52 install libselinux1:armhf <none> 3.4-1+b6
2026-03-20 15:50:52 status half-installed libselinux1:armhf 3.4-1+b6
2026-03-20 15:50:52 status unpacked libselinux1:armhf 3.4-1+b6
2026-03-20 15:50:53 install libsemanage-common:all <none> 3.4-1
2026-03-20 15:50:53 status half-installed libsemanage-common:all 3.4-1
2026-03-20 15:50:53 status unpacked libsemanage-common:all 3.4-1
2026-03-20 15:50:53 install libsemanage2:armhf <none> 3.4-1+b5
2026-03-20 15:50:53 status half-installed libsemanage2:armhf 3.4-1+b5
2026-03-20 15:50:53 status unpacked libsemanage2:armhf 3.4-1+b5
2026-03-20 15:50:53 install libsepol2:armhf <none> 3.4-2.1
2026-03-20 15:50:53 status half-installed libsepol2:armhf 3.4-2.1
2026-03-20 15:50:53 status unpacked libsepol2:armhf 3.4-2.1
2026-03-20 15:50:54 install libsmartcols1:armhf <none> 2.38.1-5+deb12u3
2026-03-20 15:50:54 status half-installed libsmartcols1:armhf 2.38.1-5+deb12u3
2026-03-20 15:50:54 status unpacked libsmartcols1:armhf 2.38.1-5+deb12u3
2026-03-20 15:50:54 install libss2:armhf <none> 1.47.0-2+b2
2026-03-20 15:50:54 status half-installed libss2:armhf 1.47.0-2+b2
2026-03-20 15:50:54 status unpacked libss2:armhf 1.47.0-2+b2
2026-03-20 15:50:55 install libstdc++6:armhf <none> 12.2.0-14+deb12u1
2026-03-20 15:50:55 status half-installed libstdc++6:armhf 12.2.0-14+deb12u1
2026-03-20 15:50:55 status unpacked libstdc++6:armhf 12.2.0-14+deb12u1
2026-03-20 15:50:55 install libsystemd0:armhf <none> 252.39-1~deb12u1
2026-03-20 15:50:55 status half-installed libsystemd0:armhf 252.39-1~deb12u1
2026-03-20 15:50:55 status unpacked libsystemd0:armhf 252.39-1~deb12u1
2026-03-20 15:50:56 install libtasn1-6:armhf <none> 4.19.0-2+deb12u1
2026-03-20 15:50:56 status half-installed libtasn1-6:armhf 4.19.0-2+deb12u1
2026-03-20 15:50:56 status unpacked libtasn1-6:armhf 4.19.0-2+deb12u1
2026-03-20 15:50:56 install libtinfo6:armhf <none> 6.4-4
2026-03-20 15:50:56 status half-installed libtinfo6:armhf 6.4-4
2026-03-20 15:50:56 status unpacked libtinfo6:armhf 6.4-4
2026-03-20 15:50:56 install libudev1:armhf <none> 252.39-1~deb12u1
2026-03-20 15:50:56 status half-installed libudev1:armhf 252.39-1~deb12u1
2026-03-20 15:50:56 status unpacked libudev1:armhf 252.39-1~deb12u1
2026-03-20 15:50:57 install libunistring2:armhf <none> 1.0-2
2026-03-20 15:50:57 status half-installed libunistring2:armhf 1.0-2
2026-03-20 15:50:57 status unpacked libunistring2:armhf 1.0-2
2026-03-20 15:50:57 install libuuid1:armhf <none> 2.38.1-5+deb12u3
2026-03-20 15:50:57 status half-installed libuuid1:armhf 2.38.1-5+deb12u3
2026-03-20 15:50:57 status unpacked libuuid1:armhf 2.38.1-5+deb12u3
2026-03-20 15:50:58 install libxxhash0:armhf <none> 0.8.1-1
2026-03-20 15:50:58 status half-installed libxxhash0:armhf 0.8.1-1
2026-03-20 15:50:58 status unpacked libxxhash0:armhf 0.8.1-1
2026-03-20 15:50:58 install libzstd1:armhf <none> 1.5.4+dfsg2-5
2026-03-20 15:50:58 status half-installed libzstd1:armhf 1.5.4+dfsg2-5
2026-03-20 15:50:58 status unpacked libzstd1:armhf 1.5.4+dfsg2-5
2026-03-20 15:50:58 install login:armhf <none> 1:4.13+dfsg1-1+deb12u2
2026-03-20 15:50:58 status half-installed login:armhf 1:4.13+dfsg1-1+deb12u2
2026-03-20 15:50:59 status unpacked login:armhf 1:4.13+dfsg1-1+deb12u2
2026-03-20 15:50:59 install logsave:armhf <none> 1.47.0-2+b2
2026-03-20 15:50:59 status half-installed logsave:armhf 1.47.0-2+b2
2026-03-20 15:51:00 status unpacked logsave:armhf 1.47.0-2+b2
2026-03-20 15:51:00 upgrade mawk:armhf 1.3.4.20200120-3.1 1.3.4.20200120-3.1
2026-03-20 15:51:00 status half-configured mawk:armhf 1.3.4.20200120-3.1
2026-03-20 15:51:00 status unpacked mawk:armhf 1.3.4.20200120-3.1
2026-03-20 15:51:00 status half-installed mawk:armhf 1.3.4.20200120-3.1
2026-03-20 15:51:00 status unpacked mawk:armhf 1.3.4.20200120-3.1
2026-03-20 15:51:00 install mount:armhf <none> 2.38.1-5+deb12u3
2026-03-20 15:51:00 status half-installed mount:armhf 2.38.1-5+deb12u3
2026-03-20 15:51:01 status unpacked mount:armhf 2.38.1-5+deb12u3
2026-03-20 15:51:01 install ncurses-base:all <none> 6.4-4
2026-03-20 15:51:01 status half-installed ncurses-base:all 6.4-4
2026-03-20 15:51:01 status unpacked ncurses-base:all 6.4-4
2026-03-20 15:51:01 install ncurses-bin:armhf <none> 6.4-4
2026-03-20 15:51:01 status half-installed ncurses-bin:armhf 6.4-4
2026-03-20 15:51:02 status unpacked ncurses-bin:armhf 6.4-4
2026-03-20 15:51:02 install passwd:armhf <none> 1:4.13+dfsg1-1+deb12u2
2026-03-20 15:51:02 status half-installed passwd:armhf 1:4.13+dfsg1-1+deb12u2
2026-03-20 15:51:03 status unpacked passwd:armhf 1:4.13+dfsg1-1+deb12u2
2026-03-20 15:51:03 upgrade perl-base:armhf 5.36.0-7+deb12u3 5.36.0-7+deb12u3
2026-03-20 15:51:03 status half-configured perl-base:armhf 5.36.0-7+deb12u3
2026-03-20 15:51:03 status unpacked perl-base:armhf 5.36.0-7+deb12u3
2026-03-20 15:51:03 status half-installed perl-base:armhf 5.36.0-7+deb12u3
2026-03-20 15:51:06 status unpacked perl-base:armhf 5.36.0-7+deb12u3
2026-03-20 15:51:06 install sed:armhf <none> 4.9-1
2026-03-20 15:51:06 status half-installed sed:armhf 4.9-1
2026-03-20 15:51:06 status unpacked sed:armhf 4.9-1
2026-03-20 15:51:07 install sysvinit-utils:armhf <none> 3.06-4
2026-03-20 15:51:07 status half-installed sysvinit-utils:armhf 3.06-4
2026-03-20 15:51:07 status unpacked sysvinit-utils:armhf 3.06-4
2026-03-20 15:51:07 install tar:armhf <none> 1.34+dfsg-1.2+deb12u1
2026-03-20 15:51:07 status half-installed tar:armhf 1.34+dfsg-1.2+deb12u1
2026-03-20 15:51:08 status unpacked tar:armhf 1.34+dfsg-1.2+deb12u1
2026-03-20 15:51:08 install tzdata:all <none> 2025b-0+deb12u2
2026-03-20 15:51:08 status half-installed tzdata:all 2025b-0+deb12u2
2026-03-20 15:51:12 status unpacked tzdata:all 2025b-0+deb12u2
2026-03-20 15:51:12 install usr-is-merged:all <none> 37~deb12u1
2026-03-20 15:51:12 status half-installed usr-is-merged:all 37~deb12u1
2026-03-20 15:51:13 status unpacked usr-is-merged:all 37~deb12u1
2026-03-20 15:51:13 install util-linux:armhf <none> 2.38.1-5+deb12u3
2026-03-20 15:51:13 status half-installed util-linux:armhf 2.38.1-5+deb12u3
2026-03-20 15:51:14 status unpacked util-linux:armhf 2.38.1-5+deb12u3
2026-03-20 15:51:14 install util-linux-extra:armhf <none> 2.38.1-5+deb12u3
2026-03-20 15:51:14 status half-installed util-linux-extra:armhf 2.38.1-5+deb12u3
2026-03-20 15:51:14 status unpacked util-linux-extra:armhf 2.38.1-5+deb12u3
2026-03-20 15:51:15 install zlib1g:armhf <none> 1:1.2.13.dfsg-1
2026-03-20 15:51:15 status half-installed zlib1g:armhf 1:1.2.13.dfsg-1
2026-03-20 15:51:15 status unpacked zlib1g:armhf 1:1.2.13.dfsg-1
2026-03-20 15:51:15 startup packages configure
2026-03-20 15:51:15 configure debian-archive-keyring:all 2023.3+deb12u2 <none>
2026-03-20 15:51:15 status unpacked debian-archive-keyring:all 2023.3+deb12u2
2026-03-20 15:51:15 status half-configured debian-archive-keyring:all 2023.3+deb12u2
2026-03-20 15:51:18 status installed debian-archive-keyring:all 2023.3+deb12u2
2026-03-20 15:51:18 configure usr-is-merged:all 37~deb12u1 <none>
2026-03-20 15:51:18 status unpacked usr-is-merged:all 37~deb12u1
2026-03-20 15:51:18 status half-configured usr-is-merged:all 37~deb12u1
2026-03-20 15:51:18 status installed usr-is-merged:all 37~deb12u1
2026-03-20 15:51:18 configure libaudit-common:all 1:3.0.9-1 <none>
2026-03-20 15:51:18 status unpacked libaudit-common:all 1:3.0.9-1
2026-03-20 15:51:18 status half-configured libaudit-common:all 1:3.0.9-1
2026-03-20 15:51:18 status installed libaudit-common:all 1:3.0.9-1
2026-03-20 15:51:18 configure libsemanage-common:all 3.4-1 <none>
2026-03-20 15:51:18 status unpacked libsemanage-common:all 3.4-1
2026-03-20 15:51:18 status half-configured libsemanage-common:all 3.4-1
2026-03-20 15:51:18 status installed libsemanage-common:all 3.4-1
2026-03-20 15:51:18 configure debconf:all 1.5.82 <none>
2026-03-20 15:51:18 status unpacked debconf:all 1.5.82
2026-03-20 15:51:18 status half-configured debconf:all 1.5.82
2026-03-20 15:51:19 status installed debconf:all 1.5.82
2026-03-20 15:51:19 configure gcc-12-base:armhf 12.2.0-14+deb12u1 <none>
2026-03-20 15:51:19 status unpacked gcc-12-base:armhf 12.2.0-14+deb12u1
2026-03-20 15:51:19 status half-configured gcc-12-base:armhf 12.2.0-14+deb12u1
2026-03-20 15:51:19 status installed gcc-12-base:armhf 12.2.0-14+deb12u1
2026-03-20 15:51:19 configure tzdata:all 2025b-0+deb12u2 <none>
2026-03-20 15:51:19 status unpacked tzdata:all 2025b-0+deb12u2
2026-03-20 15:51:19 status half-configured tzdata:all 2025b-0+deb12u2
2026-03-20 15:51:22 status installed tzdata:all 2025b-0+deb12u2
2026-03-20 15:51:23 configure ncurses-base:all 6.4-4 <none>
2026-03-20 15:51:23 status unpacked ncurses-base:all 6.4-4
2026-03-20 15:51:23 status half-configured ncurses-base:all 6.4-4
2026-03-20 15:51:23 status installed ncurses-base:all 6.4-4
2026-03-20 15:51:23 configure init-system-helpers:all 1.65.2+deb12u1 <none>
2026-03-20 15:51:23 status unpacked init-system-helpers:all 1.65.2+deb12u1
2026-03-20 15:51:23 status half-configured init-system-helpers:all 1.65.2+deb12u1
2026-03-20 15:51:23 status installed init-system-helpers:all 1.65.2+deb12u1
2026-03-20 15:51:23 configure libgcc-s1:armhf 12.2.0-14+deb12u1 <none>
2026-03-20 15:51:23 status unpacked libgcc-s1:armhf 12.2.0-14+deb12u1
2026-03-20 15:51:23 status half-configured libgcc-s1:armhf 12.2.0-14+deb12u1
2026-03-20 15:51:23 status installed libgcc-s1:armhf 12.2.0-14+deb12u1
2026-03-20 15:51:23 configure libc6:armhf 2.36-9+deb12u13 <none>
2026-03-20 15:51:23 status unpacked libc6:armhf 2.36-9+deb12u13
2026-03-20 15:51:23 status half-configured libc6:armhf 2.36-9+deb12u13
2026-03-20 15:51:24 status installed libc6:armhf 2.36-9+deb12u13
2026-03-20 15:51:24 configure libudev1:armhf 252.39-1~deb12u1 <none>
2026-03-20 15:51:24 status unpacked libudev1:armhf 252.39-1~deb12u1
2026-03-20 15:51:24 status half-configured libudev1:armhf 252.39-1~deb12u1
2026-03-20 15:51:24 status installed libudev1:armhf 252.39-1~deb12u1
2026-03-20 15:51:24 configure libffi8:armhf 3.4.4-1 <none>
2026-03-20 15:51:24 status unpacked libffi8:armhf 3.4.4-1
2026-03-20 15:51:24 status half-configured libffi8:armhf 3.4.4-1
2026-03-20 15:51:24 status installed libffi8:armhf 3.4.4-1
2026-03-20 15:51:24 configure libmd0:armhf 1.0.4-2 <none>
2026-03-20 15:51:24 status unpacked libmd0:armhf 1.0.4-2
2026-03-20 15:51:24 status half-configured libmd0:armhf 1.0.4-2
2026-03-20 15:51:24 status installed libmd0:armhf 1.0.4-2
2026-03-20 15:51:24 configure libxxhash0:armhf 0.8.1-1 <none>
2026-03-20 15:51:24 status unpacked libxxhash0:armhf 0.8.1-1
2026-03-20 15:51:24 status half-configured libxxhash0:armhf 0.8.1-1
2026-03-20 15:51:24 status installed libxxhash0:armhf 0.8.1-1
2026-03-20 15:51:24 configure libattr1:armhf 1:2.5.1-4 <none>
2026-03-20 15:51:24 status unpacked libattr1:armhf 1:2.5.1-4
2026-03-20 15:51:24 status half-configured libattr1:armhf 1:2.5.1-4
2026-03-20 15:51:24 status installed libattr1:armhf 1:2.5.1-4
2026-03-20 15:51:24 configure sysvinit-utils:armhf 3.06-4 <none>
2026-03-20 15:51:24 status unpacked sysvinit-utils:armhf 3.06-4
2026-03-20 15:51:24 status half-configured sysvinit-utils:armhf 3.06-4
2026-03-20 15:51:24 status installed sysvinit-utils:armhf 3.06-4
2026-03-20 15:51:24 configure libtasn1-6:armhf 4.19.0-2+deb12u1 <none>
2026-03-20 15:51:24 status unpacked libtasn1-6:armhf 4.19.0-2+deb12u1
2026-03-20 15:51:24 status half-configured libtasn1-6:armhf 4.19.0-2+deb12u1
2026-03-20 15:51:24 status installed libtasn1-6:armhf 4.19.0-2+deb12u1
2026-03-20 15:51:24 configure debianutils:armhf 5.7-0.5~deb12u1 <none>
2026-03-20 15:51:24 status unpacked debianutils:armhf 5.7-0.5~deb12u1
2026-03-20 15:51:24 status half-configured debianutils:armhf 5.7-0.5~deb12u1
2026-03-20 15:51:25 status installed debianutils:armhf 5.7-0.5~deb12u1
2026-03-20 15:51:25 configure mawk:armhf 1.3.4.20200120-3.1 <none>
2026-03-20 15:51:25 status unpacked mawk:armhf 1.3.4.20200120-3.1
2026-03-20 15:51:25 status half-configured mawk:armhf 1.3.4.20200120-3.1
2026-03-20 15:51:26 status installed mawk:armhf 1.3.4.20200120-3.1
2026-03-20 15:51:26 configure libdebconfclient0:armhf 0.270 <none>
2026-03-20 15:51:26 status unpacked libdebconfclient0:armhf 0.270
2026-03-20 15:51:26 status half-configured libdebconfclient0:armhf 0.270
2026-03-20 15:51:26 status installed libdebconfclient0:armhf 0.270
2026-03-20 15:51:26 configure base-files:armhf 12.4+deb12u13 <none>
2026-03-20 15:51:26 status unpacked base-files:armhf 12.4+deb12u13
2026-03-20 15:51:26 status half-configured base-files:armhf 12.4+deb12u13
2026-03-20 15:51:26 status installed base-files:armhf 12.4+deb12u13
2026-03-20 15:51:26 configure libbz2-1.0:armhf 1.0.8-5+b1 <none>
2026-03-20 15:51:26 status unpacked libbz2-1.0:armhf 1.0.8-5+b1
2026-03-20 15:51:26 status half-configured libbz2-1.0:armhf 1.0.8-5+b1
2026-03-20 15:51:26 status installed libbz2-1.0:armhf 1.0.8-5+b1
2026-03-20 15:51:26 configure libdb5.3:armhf 5.3.28+dfsg2-1 <none>
2026-03-20 15:51:26 status unpacked libdb5.3:armhf 5.3.28+dfsg2-1
2026-03-20 15:51:26 status half-configured libdb5.3:armhf 5.3.28+dfsg2-1
2026-03-20 15:51:26 status installed libdb5.3:armhf 5.3.28+dfsg2-1
2026-03-20 15:51:26 configure libblkid1:armhf 2.38.1-5+deb12u3 <none>
2026-03-20 15:51:26 status unpacked libblkid1:armhf 2.38.1-5+deb12u3
2026-03-20 15:51:26 status half-configured libblkid1:armhf 2.38.1-5+deb12u3
2026-03-20 15:51:26 status installed libblkid1:armhf 2.38.1-5+deb12u3
2026-03-20 15:51:26 configure libstdc++6:armhf 12.2.0-14+deb12u1 <none>
2026-03-20 15:51:26 status unpacked libstdc++6:armhf 12.2.0-14+deb12u1
2026-03-20 15:51:26 status half-configured libstdc++6:armhf 12.2.0-14+deb12u1
2026-03-20 15:51:26 status installed libstdc++6:armhf 12.2.0-14+deb12u1
2026-03-20 15:51:26 configure libtinfo6:armhf 6.4-4 <none>
2026-03-20 15:51:26 status unpacked libtinfo6:armhf 6.4-4
2026-03-20 15:51:26 status half-configured libtinfo6:armhf 6.4-4
2026-03-20 15:51:26 status installed libtinfo6:armhf 6.4-4
2026-03-20 15:51:26 configure bash:armhf 5.2.15-2+b10 <none>
2026-03-20 15:51:26 status unpacked bash:armhf 5.2.15-2+b10
2026-03-20 15:51:26 status half-configured bash:armhf 5.2.15-2+b10
2026-03-20 15:51:26 status installed bash:armhf 5.2.15-2+b10
2026-03-20 15:51:26 configure libzstd1:armhf 1.5.4+dfsg2-5 <none>
2026-03-20 15:51:26 status unpacked libzstd1:armhf 1.5.4+dfsg2-5
2026-03-20 15:51:27 status half-configured libzstd1:armhf 1.5.4+dfsg2-5
2026-03-20 15:51:27 status installed libzstd1:armhf 1.5.4+dfsg2-5
2026-03-20 15:51:27 configure liblzma5:armhf 5.4.1-1 <none>
2026-03-20 15:51:27 status unpacked liblzma5:armhf 5.4.1-1
2026-03-20 15:51:27 status half-configured liblzma5:armhf 5.4.1-1
2026-03-20 15:51:27 status installed liblzma5:armhf 5.4.1-1
2026-03-20 15:51:27 configure libgpg-error0:armhf 1.46-1 <none>
2026-03-20 15:51:27 status unpacked libgpg-error0:armhf 1.46-1
2026-03-20 15:51:27 status half-configured libgpg-error0:armhf 1.46-1
2026-03-20 15:51:27 status installed libgpg-error0:armhf 1.46-1
2026-03-20 15:51:27 configure liblz4-1:armhf 1.9.4-1 <none>
2026-03-20 15:51:27 status unpacked liblz4-1:armhf 1.9.4-1
2026-03-20 15:51:27 status half-configured liblz4-1:armhf 1.9.4-1
2026-03-20 15:51:27 status installed liblz4-1:armhf 1.9.4-1
2026-03-20 15:51:27 configure libc-bin:armhf 2.36-9+deb12u13 <none>
2026-03-20 15:51:27 status unpacked libc-bin:armhf 2.36-9+deb12u13
2026-03-20 15:51:27 status half-configured libc-bin:armhf 2.36-9+deb12u13
2026-03-20 15:51:27 status installed libc-bin:armhf 2.36-9+deb12u13
2026-03-20 15:51:27 configure ncurses-bin:armhf 6.4-4 <none>
2026-03-20 15:51:27 status unpacked ncurses-bin:armhf 6.4-4
2026-03-20 15:51:27 status half-configured ncurses-bin:armhf 6.4-4
2026-03-20 15:51:27 status installed ncurses-bin:armhf 6.4-4
2026-03-20 15:51:27 configure libacl1:armhf 2.3.1-3 <none>
2026-03-20 15:51:27 status triggers-pending libc-bin:armhf 2.36-9+deb12u13
2026-03-20 15:51:27 status unpacked libacl1:armhf 2.3.1-3
2026-03-20 15:51:27 status half-configured libacl1:armhf 2.3.1-3
2026-03-20 15:51:27 status installed libacl1:armhf 2.3.1-3
2026-03-20 15:51:27 configure libunistring2:armhf 1.0-2 <none>
2026-03-20 15:51:27 status unpacked libunistring2:armhf 1.0-2
2026-03-20 15:51:27 status half-configured libunistring2:armhf 1.0-2
2026-03-20 15:51:27 status installed libunistring2:armhf 1.0-2
2026-03-20 15:51:27 configure libsmartcols1:armhf 2.38.1-5+deb12u3 <none>
2026-03-20 15:51:27 status unpacked libsmartcols1:armhf 2.38.1-5+deb12u3
2026-03-20 15:51:27 status half-configured libsmartcols1:armhf 2.38.1-5+deb12u3
2026-03-20 15:51:27 status installed libsmartcols1:armhf 2.38.1-5+deb12u3
2026-03-20 15:51:27 configure libgcrypt20:armhf 1.10.1-3 <none>
2026-03-20 15:51:27 status unpacked libgcrypt20:armhf 1.10.1-3
2026-03-20 15:51:27 status half-configured libgcrypt20:armhf 1.10.1-3
2026-03-20 15:51:27 status installed libgcrypt20:armhf 1.10.1-3
2026-03-20 15:51:27 configure zlib1g:armhf 1:1.2.13.dfsg-1 <none>
2026-03-20 15:51:27 status unpacked zlib1g:armhf 1:1.2.13.dfsg-1
2026-03-20 15:51:27 status half-configured zlib1g:armhf 1:1.2.13.dfsg-1
2026-03-20 15:51:27 status installed zlib1g:armhf 1:1.2.13.dfsg-1
2026-03-20 15:51:27 configure libcrypt1:armhf 1:4.4.33-2 <none>
2026-03-20 15:51:27 status unpacked libcrypt1:armhf 1:4.4.33-2
2026-03-20 15:51:27 status half-configured libcrypt1:armhf 1:4.4.33-2
2026-03-20 15:51:27 status installed libcrypt1:armhf 1:4.4.33-2
2026-03-20 15:51:27 configure libidn2-0:armhf 2.3.3-1+b1 <none>
2026-03-20 15:51:27 status unpacked libidn2-0:armhf 2.3.3-1+b1
2026-03-20 15:51:27 status half-configured libidn2-0:armhf 2.3.3-1+b1
2026-03-20 15:51:27 status installed libidn2-0:armhf 2.3.3-1+b1
2026-03-20 15:51:27 configure libcom-err2:armhf 1.47.0-2+b2 <none>
2026-03-20 15:51:27 status unpacked libcom-err2:armhf 1.47.0-2+b2
2026-03-20 15:51:27 status half-configured libcom-err2:armhf 1.47.0-2+b2
2026-03-20 15:51:27 status installed libcom-err2:armhf 1.47.0-2+b2
2026-03-20 15:51:27 configure diffutils:armhf 1:3.8-4 <none>
2026-03-20 15:51:27 status unpacked diffutils:armhf 1:3.8-4
2026-03-20 15:51:27 status half-configured diffutils:armhf 1:3.8-4
2026-03-20 15:51:27 status installed diffutils:armhf 1:3.8-4
2026-03-20 15:51:27 configure libseccomp2:armhf 2.5.4-1+deb12u1 <none>
2026-03-20 15:51:27 status unpacked libseccomp2:armhf 2.5.4-1+deb12u1
2026-03-20 15:51:27 status half-configured libseccomp2:armhf 2.5.4-1+deb12u1
2026-03-20 15:51:27 status installed libseccomp2:armhf 2.5.4-1+deb12u1
2026-03-20 15:51:27 configure libcap2:armhf 1:2.66-4+deb12u2+b2 <none>
2026-03-20 15:51:27 status unpacked libcap2:armhf 1:2.66-4+deb12u2+b2
2026-03-20 15:51:27 status half-configured libcap2:armhf 1:2.66-4+deb12u2+b2
2026-03-20 15:51:28 status installed libcap2:armhf 1:2.66-4+deb12u2+b2
2026-03-20 15:51:28 configure hostname:armhf 3.23+nmu1 <none>
2026-03-20 15:51:28 status unpacked hostname:armhf 3.23+nmu1
2026-03-20 15:51:28 status half-configured hostname:armhf 3.23+nmu1
2026-03-20 15:51:28 status installed hostname:armhf 3.23+nmu1
2026-03-20 15:51:28 configure libcap-ng0:armhf 0.8.3-1+b3 <none>
2026-03-20 15:51:28 status unpacked libcap-ng0:armhf 0.8.3-1+b3
2026-03-20 15:51:28 status half-configured libcap-ng0:armhf 0.8.3-1+b3
2026-03-20 15:51:28 status installed libcap-ng0:armhf 0.8.3-1+b3
2026-03-20 15:51:28 configure libext2fs2:armhf 1.47.0-2+b2 <none>
2026-03-20 15:51:28 status unpacked libext2fs2:armhf 1.47.0-2+b2
2026-03-20 15:51:28 status half-configured libext2fs2:armhf 1.47.0-2+b2
2026-03-20 15:51:28 status installed libext2fs2:armhf 1.47.0-2+b2
2026-03-20 15:51:28 configure libnettle8:armhf 3.8.1-2 <none>
2026-03-20 15:51:28 status unpacked libnettle8:armhf 3.8.1-2
2026-03-20 15:51:28 status half-configured libnettle8:armhf 3.8.1-2
2026-03-20 15:51:28 status installed libnettle8:armhf 3.8.1-2
2026-03-20 15:51:28 configure libgmp10:armhf 2:6.2.1+dfsg1-1.1 <none>
2026-03-20 15:51:28 status unpacked libgmp10:armhf 2:6.2.1+dfsg1-1.1
2026-03-20 15:51:28 status half-configured libgmp10:armhf 2:6.2.1+dfsg1-1.1
2026-03-20 15:51:28 status installed libgmp10:armhf 2:6.2.1+dfsg1-1.1
2026-03-20 15:51:28 configure libp11-kit0:armhf 0.24.1-2 <none>
2026-03-20 15:51:28 status unpacked libp11-kit0:armhf 0.24.1-2
2026-03-20 15:51:28 status half-configured libp11-kit0:armhf 0.24.1-2
2026-03-20 15:51:28 status installed libp11-kit0:armhf 0.24.1-2
2026-03-20 15:51:28 configure libaudit1:armhf 1:3.0.9-1 <none>
2026-03-20 15:51:28 status unpacked libaudit1:armhf 1:3.0.9-1
2026-03-20 15:51:28 status half-configured libaudit1:armhf 1:3.0.9-1
2026-03-20 15:51:28 status installed libaudit1:armhf 1:3.0.9-1
2026-03-20 15:51:28 configure libuuid1:armhf 2.38.1-5+deb12u3 <none>
2026-03-20 15:51:28 status unpacked libuuid1:armhf 2.38.1-5+deb12u3
2026-03-20 15:51:28 status half-configured libuuid1:armhf 2.38.1-5+deb12u3
2026-03-20 15:51:28 status installed libuuid1:armhf 2.38.1-5+deb12u3
2026-03-20 15:51:28 configure libss2:armhf 1.47.0-2+b2 <none>
2026-03-20 15:51:28 status unpacked libss2:armhf 1.47.0-2+b2
2026-03-20 15:51:28 status half-configured libss2:armhf 1.47.0-2+b2
2026-03-20 15:51:28 status installed libss2:armhf 1.47.0-2+b2
2026-03-20 15:51:28 configure libsepol2:armhf 3.4-2.1 <none>
2026-03-20 15:51:28 status unpacked libsepol2:armhf 3.4-2.1
2026-03-20 15:51:28 status half-configured libsepol2:armhf 3.4-2.1
2026-03-20 15:51:28 status installed libsepol2:armhf 3.4-2.1
2026-03-20 15:51:28 configure libpcre2-8-0:armhf 10.42-1 <none>
2026-03-20 15:51:28 status unpacked libpcre2-8-0:armhf 10.42-1
2026-03-20 15:51:28 status half-configured libpcre2-8-0:armhf 10.42-1
2026-03-20 15:51:28 status installed libpcre2-8-0:armhf 10.42-1
2026-03-20 15:51:28 configure logsave:armhf 1.47.0-2+b2 <none>
2026-03-20 15:51:28 status unpacked logsave:armhf 1.47.0-2+b2
2026-03-20 15:51:28 status half-configured logsave:armhf 1.47.0-2+b2
2026-03-20 15:51:28 status installed logsave:armhf 1.47.0-2+b2
2026-03-20 15:51:28 configure gpgv:armhf 2.2.40-1.1+deb12u2 <none>
2026-03-20 15:51:28 status unpacked gpgv:armhf 2.2.40-1.1+deb12u2
2026-03-20 15:51:28 status half-configured gpgv:armhf 2.2.40-1.1+deb12u2
2026-03-20 15:51:28 status installed gpgv:armhf 2.2.40-1.1+deb12u2
2026-03-20 15:51:28 configure util-linux-extra:armhf 2.38.1-5+deb12u3 <none>
2026-03-20 15:51:28 status unpacked util-linux-extra:armhf 2.38.1-5+deb12u3
2026-03-20 15:51:28 status half-configured util-linux-extra:armhf 2.38.1-5+deb12u3
2026-03-20 15:51:28 status installed util-linux-extra:armhf 2.38.1-5+deb12u3
2026-03-20 15:51:28 configure libhogweed6:armhf 3.8.1-2 <none>
2026-03-20 15:51:28 status unpacked libhogweed6:armhf 3.8.1-2
2026-03-20 15:51:28 status half-configured libhogweed6:armhf 3.8.1-2
2026-03-20 15:51:28 status installed libhogweed6:armhf 3.8.1-2
2026-03-20 15:51:28 configure e2fsprogs:armhf 1.47.0-2+b2 <none>
2026-03-20 15:51:28 status unpacked e2fsprogs:armhf 1.47.0-2+b2
2026-03-20 15:51:29 status half-configured e2fsprogs:armhf 1.47.0-2+b2
2026-03-20 15:51:32 status installed e2fsprogs:armhf 1.47.0-2+b2
2026-03-20 15:51:32 configure libsystemd0:armhf 252.39-1~deb12u1 <none>
2026-03-20 15:51:32 status unpacked libsystemd0:armhf 252.39-1~deb12u1
2026-03-20 15:51:32 status half-configured libsystemd0:armhf 252.39-1~deb12u1
2026-03-20 15:51:32 status installed libsystemd0:armhf 252.39-1~deb12u1
2026-03-20 15:51:32 configure libselinux1:armhf 3.4-1+b6 <none>
2026-03-20 15:51:32 status unpacked libselinux1:armhf 3.4-1+b6
2026-03-20 15:51:32 status half-configured libselinux1:armhf 3.4-1+b6
2026-03-20 15:51:32 status installed libselinux1:armhf 3.4-1+b6
2026-03-20 15:51:32 configure libgnutls30:armhf 3.7.9-2+deb12u5 <none>
2026-03-20 15:51:32 status unpacked libgnutls30:armhf 3.7.9-2+deb12u5
2026-03-20 15:51:32 status half-configured libgnutls30:armhf 3.7.9-2+deb12u5
2026-03-20 15:51:32 status installed libgnutls30:armhf 3.7.9-2+deb12u5
2026-03-20 15:51:32 configure libpam0g:armhf 1.5.2-6+deb12u2 <none>
2026-03-20 15:51:32 status unpacked libpam0g:armhf 1.5.2-6+deb12u2
2026-03-20 15:51:32 status half-configured libpam0g:armhf 1.5.2-6+deb12u2
2026-03-20 15:51:33 status installed libpam0g:armhf 1.5.2-6+deb12u2
2026-03-20 15:51:33 configure libapt-pkg6.0:armhf 2.6.1 <none>
2026-03-20 15:51:33 status unpacked libapt-pkg6.0:armhf 2.6.1
2026-03-20 15:51:33 status half-configured libapt-pkg6.0:armhf 2.6.1
2026-03-20 15:51:33 status installed libapt-pkg6.0:armhf 2.6.1
2026-03-20 15:51:33 configure sed:armhf 4.9-1 <none>
2026-03-20 15:51:33 status unpacked sed:armhf 4.9-1
2026-03-20 15:51:33 status half-configured sed:armhf 4.9-1
2026-03-20 15:51:33 status installed sed:armhf 4.9-1
2026-03-20 15:51:33 configure findutils:armhf 4.9.0-4 <none>
2026-03-20 15:51:33 status unpacked findutils:armhf 4.9.0-4
2026-03-20 15:51:33 status half-configured findutils:armhf 4.9.0-4
2026-03-20 15:51:33 status installed findutils:armhf 4.9.0-4
2026-03-20 15:51:33 configure libmount1:armhf 2.38.1-5+deb12u3 <none>
2026-03-20 15:51:33 status unpacked libmount1:armhf 2.38.1-5+deb12u3
2026-03-20 15:51:33 status half-configured libmount1:armhf 2.38.1-5+deb12u3
2026-03-20 15:51:33 status installed libmount1:armhf 2.38.1-5+deb12u3
2026-03-20 15:51:33 configure libsemanage2:armhf 3.4-1+b5 <none>
2026-03-20 15:51:33 status unpacked libsemanage2:armhf 3.4-1+b5
2026-03-20 15:51:33 status half-configured libsemanage2:armhf 3.4-1+b5
2026-03-20 15:51:33 status installed libsemanage2:armhf 3.4-1+b5
2026-03-20 15:51:33 configure base-passwd:armhf 3.6.1 <none>
2026-03-20 15:51:33 status unpacked base-passwd:armhf 3.6.1
2026-03-20 15:51:33 status half-configured base-passwd:armhf 3.6.1
2026-03-20 15:51:34 status installed base-passwd:armhf 3.6.1
2026-03-20 15:51:34 configure bsdutils:armhf 1:2.38.1-5+deb12u3 <none>
2026-03-20 15:51:34 status unpacked bsdutils:armhf 1:2.38.1-5+deb12u3
2026-03-20 15:51:34 status half-configured bsdutils:armhf 1:2.38.1-5+deb12u3
2026-03-20 15:51:34 status installed bsdutils:armhf 1:2.38.1-5+deb12u3
2026-03-20 15:51:34 configure tar:armhf 1.34+dfsg-1.2+deb12u1 <none>
2026-03-20 15:51:34 status unpacked tar:armhf 1.34+dfsg-1.2+deb12u1
2026-03-20 15:51:34 status half-configured tar:armhf 1.34+dfsg-1.2+deb12u1
2026-03-20 15:51:34 status installed tar:armhf 1.34+dfsg-1.2+deb12u1
2026-03-20 15:51:34 configure libpam-modules-bin:armhf 1.5.2-6+deb12u2 <none>
2026-03-20 15:51:34 status unpacked libpam-modules-bin:armhf 1.5.2-6+deb12u2
2026-03-20 15:51:34 status half-configured libpam-modules-bin:armhf 1.5.2-6+deb12u2
2026-03-20 15:51:34 status installed libpam-modules-bin:armhf 1.5.2-6+deb12u2
2026-03-20 15:51:34 configure coreutils:armhf 9.1-1 <none>
2026-03-20 15:51:34 status unpacked coreutils:armhf 9.1-1
2026-03-20 15:51:34 status half-configured coreutils:armhf 9.1-1
2026-03-20 15:51:34 status installed coreutils:armhf 9.1-1
2026-03-20 15:51:34 configure util-linux:armhf 2.38.1-5+deb12u3 <none>
2026-03-20 15:51:34 status unpacked util-linux:armhf 2.38.1-5+deb12u3
2026-03-20 15:51:34 status half-configured util-linux:armhf 2.38.1-5+deb12u3
2026-03-20 15:51:36 status installed util-linux:armhf 2.38.1-5+deb12u3
2026-03-20 15:51:36 configure dpkg:armhf 1.21.22 <none>
2026-03-20 15:51:36 status unpacked dpkg:armhf 1.21.22
2026-03-20 15:51:36 status half-configured dpkg:armhf 1.21.22
2026-03-20 15:51:38 status installed dpkg:armhf 1.21.22
2026-03-20 15:51:38 configure mount:armhf 2.38.1-5+deb12u3 <none>
2026-03-20 15:51:38 status unpacked mount:armhf 2.38.1-5+deb12u3
2026-03-20 15:51:38 status half-configured mount:armhf 2.38.1-5+deb12u3
2026-03-20 15:51:38 status installed mount:armhf 2.38.1-5+deb12u3
2026-03-20 15:51:38 configure dash:armhf 0.5.12-2 <none>
2026-03-20 15:51:38 status unpacked dash:armhf 0.5.12-2
2026-03-20 15:51:38 status half-configured dash:armhf 0.5.12-2
2026-03-20 15:51:39 status installed dash:armhf 0.5.12-2
2026-03-20 15:51:39 configure libpam-modules:armhf 1.5.2-6+deb12u2 <none>
2026-03-20 15:51:39 status unpacked libpam-modules:armhf 1.5.2-6+deb12u2
2026-03-20 15:51:39 status half-configured libpam-modules:armhf 1.5.2-6+deb12u2
2026-03-20 15:51:40 status installed libpam-modules:armhf 1.5.2-6+deb12u2
2026-03-20 15:51:40 configure grep:armhf 3.8-5 <none>
2026-03-20 15:51:40 status unpacked grep:armhf 3.8-5
2026-03-20 15:51:40 status half-configured grep:armhf 3.8-5
2026-03-20 15:51:40 status installed grep:armhf 3.8-5
2026-03-20 15:51:40 configure perl-base:armhf 5.36.0-7+deb12u3 <none>
2026-03-20 15:51:40 status unpacked perl-base:armhf 5.36.0-7+deb12u3
2026-03-20 15:51:40 status half-configured perl-base:armhf 5.36.0-7+deb12u3
2026-03-20 15:51:40 status installed perl-base:armhf 5.36.0-7+deb12u3
2026-03-20 15:51:40 configure gzip:armhf 1.12-1 <none>
2026-03-20 15:51:40 status unpacked gzip:armhf 1.12-1
2026-03-20 15:51:40 status half-configured gzip:armhf 1.12-1
2026-03-20 15:51:40 status installed gzip:armhf 1.12-1
2026-03-20 15:51:40 configure passwd:armhf 1:4.13+dfsg1-1+deb12u2 <none>
2026-03-20 15:51:40 status unpacked passwd:armhf 1:4.13+dfsg1-1+deb12u2
2026-03-20 15:51:40 status half-configured passwd:armhf 1:4.13+dfsg1-1+deb12u2
2026-03-20 15:51:41 status installed passwd:armhf 1:4.13+dfsg1-1+deb12u2
2026-03-20 15:51:41 configure libpam-runtime:all 1.5.2-6+deb12u2 <none>
2026-03-20 15:51:41 status unpacked libpam-runtime:all 1.5.2-6+deb12u2
2026-03-20 15:51:41 status half-configured libpam-runtime:all 1.5.2-6+deb12u2
2026-03-20 15:51:42 status installed libpam-runtime:all 1.5.2-6+deb12u2
2026-03-20 15:51:42 configure login:armhf 1:4.13+dfsg1-1+deb12u2 <none>
2026-03-20 15:51:42 status unpacked login:armhf 1:4.13+dfsg1-1+deb12u2
2026-03-20 15:51:42 status half-configured login:armhf 1:4.13+dfsg1-1+deb12u2
2026-03-20 15:51:42 status installed login:armhf 1:4.13+dfsg1-1+deb12u2
2026-03-20 15:51:42 configure adduser:all 3.134 <none>
2026-03-20 15:51:42 status unpacked adduser:all 3.134
2026-03-20 15:51:43 status half-configured adduser:all 3.134
2026-03-20 15:51:43 status installed adduser:all 3.134
2026-03-20 15:51:43 configure apt:armhf 2.6.1 <none>
2026-03-20 15:51:43 status unpacked apt:armhf 2.6.1
2026-03-20 15:51:43 status half-configured apt:armhf 2.6.1
2026-03-20 15:51:46 status installed apt:armhf 2.6.1
2026-03-20 15:51:46 trigproc libc-bin:armhf 2.36-9+deb12u13 <none>
2026-03-20 15:51:46 status half-configured libc-bin:armhf 2.36-9+deb12u13
2026-03-20 15:51:46 status installed libc-bin:armhf 2.36-9+deb12u13
2026-03-20 15:52:31 startup archives install
2026-03-20 15:52:31 install libssl3:armhf <none> 3.0.18-1~deb12u1
2026-03-20 15:52:31 status triggers-pending libc-bin:armhf 2.36-9+deb12u13
2026-03-20 15:52:31 status half-installed libssl3:armhf 3.0.18-1~deb12u1
2026-03-20 15:52:32 status unpacked libssl3:armhf 3.0.18-1~deb12u1
2026-03-20 15:52:32 configure libssl3:armhf 3.0.18-1~deb12u1 3.0.18-1~deb12u1
2026-03-20 15:52:32 status half-configured libssl3:armhf 3.0.18-1~deb12u1
2026-03-20 15:52:32 status installed libssl3:armhf 3.0.18-1~deb12u1
2026-03-20 15:52:32 trigproc libc-bin:armhf 2.36-9+deb12u13 <none>
2026-03-20 15:52:32 status half-configured libc-bin:armhf 2.36-9+deb12u13
2026-03-20 15:52:32 status installed libc-bin:armhf 2.36-9+deb12u13
2026-03-20 15:53:12 startup archives install
2026-03-20 15:53:12 install dmsetup:armhf <none> 2:1.02.185-2
2026-03-20 15:53:12 status half-installed dmsetup:armhf 2:1.02.185-2
2026-03-20 15:53:12 status unpacked dmsetup:armhf 2:1.02.185-2
2026-03-20 15:53:12 install libapparmor1:armhf <none> 3.0.8-3
2026-03-20 15:53:12 status triggers-pending libc-bin:armhf 2.36-9+deb12u13
2026-03-20 15:53:12 status half-installed libapparmor1:armhf 3.0.8-3
2026-03-20 15:53:13 status unpacked libapparmor1:armhf 3.0.8-3
2026-03-20 15:53:13 install libargon2-1:armhf <none> 0~20171227-0.3+deb12u1
2026-03-20 15:53:13 status half-installed libargon2-1:armhf 0~20171227-0.3+deb12u1
2026-03-20 15:53:13 status unpacked libargon2-1:armhf 0~20171227-0.3+deb12u1
2026-03-20 15:53:13 install libcryptsetup12:armhf <none> 2:2.6.1-4~deb12u2
2026-03-20 15:53:13 status half-installed libcryptsetup12:armhf 2:2.6.1-4~deb12u2
2026-03-20 15:53:13 status unpacked libcryptsetup12:armhf 2:2.6.1-4~deb12u2
2026-03-20 15:53:14 install libdevmapper1.02.1:armhf <none> 2:1.02.185-2
2026-03-20 15:53:14 status half-installed libdevmapper1.02.1:armhf 2:1.02.185-2
2026-03-20 15:53:14 status unpacked libdevmapper1.02.1:armhf 2:1.02.185-2
2026-03-20 15:53:14 install libfdisk1:armhf <none> 2.38.1-5+deb12u3
2026-03-20 15:53:14 status half-installed libfdisk1:armhf 2.38.1-5+deb12u3
2026-03-20 15:53:14 status unpacked libfdisk1:armhf 2.38.1-5+deb12u3
2026-03-20 15:53:14 install libip4tc2:armhf <none> 1.8.9-2
2026-03-20 15:53:14 status half-installed libip4tc2:armhf 1.8.9-2
2026-03-20 15:53:15 status unpacked libip4tc2:armhf 1.8.9-2
2026-03-20 15:53:15 install libjson-c5:armhf <none> 0.16-2
2026-03-20 15:53:15 status half-installed libjson-c5:armhf 0.16-2
2026-03-20 15:53:15 status unpacked libjson-c5:armhf 0.16-2
2026-03-20 15:53:15 install libkmod2:armhf <none> 30+20221128-1
2026-03-20 15:53:15 status half-installed libkmod2:armhf 30+20221128-1
2026-03-20 15:53:15 status unpacked libkmod2:armhf 30+20221128-1
2026-03-20 15:53:15 install libsystemd-shared:armhf <none> 252.39-1~deb12u1
2026-03-20 15:53:15 status half-installed libsystemd-shared:armhf 252.39-1~deb12u1
2026-03-20 15:53:16 status unpacked libsystemd-shared:armhf 252.39-1~deb12u1
2026-03-20 15:53:16 install systemd:armhf <none> 252.39-1~deb12u1
2026-03-20 15:53:16 status half-installed systemd:armhf 252.39-1~deb12u1
2026-03-20 15:53:19 status unpacked systemd:armhf 252.39-1~deb12u1
2026-03-20 15:53:19 configure libapparmor1:armhf 3.0.8-3 3.0.8-3
2026-03-20 15:53:19 status half-configured libapparmor1:armhf 3.0.8-3
2026-03-20 15:53:19 status installed libapparmor1:armhf 3.0.8-3
2026-03-20 15:53:19 configure libargon2-1:armhf 0~20171227-0.3+deb12u1 0~20171227-0.3+deb12u1
2026-03-20 15:53:19 status half-configured libargon2-1:armhf 0~20171227-0.3+deb12u1
2026-03-20 15:53:19 status installed libargon2-1:armhf 0~20171227-0.3+deb12u1
2026-03-20 15:53:19 configure libfdisk1:armhf 2.38.1-5+deb12u3 2.38.1-5+deb12u3
2026-03-20 15:53:19 status half-configured libfdisk1:armhf 2.38.1-5+deb12u3
2026-03-20 15:53:20 status installed libfdisk1:armhf 2.38.1-5+deb12u3
2026-03-20 15:53:20 configure libip4tc2:armhf 1.8.9-2 1.8.9-2
2026-03-20 15:53:20 status half-configured libip4tc2:armhf 1.8.9-2
2026-03-20 15:53:20 status installed libip4tc2:armhf 1.8.9-2
2026-03-20 15:53:20 configure libjson-c5:armhf 0.16-2 0.16-2
2026-03-20 15:53:20 status half-configured libjson-c5:armhf 0.16-2
2026-03-20 15:53:20 status installed libjson-c5:armhf 0.16-2
2026-03-20 15:53:20 configure libkmod2:armhf 30+20221128-1 30+20221128-1
2026-03-20 15:53:20 status half-configured libkmod2:armhf 30+20221128-1
2026-03-20 15:53:20 status installed libkmod2:armhf 30+20221128-1
2026-03-20 15:53:20 configure libsystemd-shared:armhf 252.39-1~deb12u1 252.39-1~deb12u1
2026-03-20 15:53:20 status half-configured libsystemd-shared:armhf 252.39-1~deb12u1
2026-03-20 15:53:20 status installed libsystemd-shared:armhf 252.39-1~deb12u1
2026-03-20 15:53:20 configure libdevmapper1.02.1:armhf 2:1.02.185-2 2:1.02.185-2
2026-03-20 15:53:20 status half-configured libdevmapper1.02.1:armhf 2:1.02.185-2
2026-03-20 15:53:20 status installed libdevmapper1.02.1:armhf 2:1.02.185-2
2026-03-20 15:53:20 configure dmsetup:armhf 2:1.02.185-2 2:1.02.185-2
2026-03-20 15:53:20 status half-configured dmsetup:armhf 2:1.02.185-2
2026-03-20 15:53:20 status installed dmsetup:armhf 2:1.02.185-2
2026-03-20 15:53:20 configure libcryptsetup12:armhf 2:2.6.1-4~deb12u2 2:2.6.1-4~deb12u2
2026-03-20 15:53:20 status half-configured libcryptsetup12:armhf 2:2.6.1-4~deb12u2
2026-03-20 15:53:20 status installed libcryptsetup12:armhf 2:2.6.1-4~deb12u2
2026-03-20 15:53:20 configure systemd:armhf 252.39-1~deb12u1 252.39-1~deb12u1
2026-03-20 15:53:20 status half-configured systemd:armhf 252.39-1~deb12u1
2026-03-20 15:53:21 status installed systemd:armhf 252.39-1~deb12u1
2026-03-20 15:53:21 trigproc libc-bin:armhf 2.36-9+deb12u13 <none>
2026-03-20 15:53:21 status half-configured libc-bin:armhf 2.36-9+deb12u13
2026-03-20 15:53:22 status installed libc-bin:armhf 2.36-9+deb12u13
2026-03-20 15:54:18 startup archives install
2026-03-20 15:54:18 install systemd-sysv:armhf <none> 252.39-1~deb12u1
2026-03-20 15:54:18 status half-installed systemd-sysv:armhf 252.39-1~deb12u1
2026-03-20 15:54:19 status unpacked systemd-sysv:armhf 252.39-1~deb12u1
2026-03-20 15:54:19 configure systemd-sysv:armhf 252.39-1~deb12u1 252.39-1~deb12u1
2026-03-20 15:54:19 status half-configured systemd-sysv:armhf 252.39-1~deb12u1
2026-03-20 15:54:19 status installed systemd-sysv:armhf 252.39-1~deb12u1
2026-03-20 15:55:25 startup archives install
2026-03-20 15:55:25 install cron-daemon-common:all <none> 3.0pl1-162
2026-03-20 15:55:25 status half-installed cron-daemon-common:all 3.0pl1-162
2026-03-20 15:55:26 status unpacked cron-daemon-common:all 3.0pl1-162
2026-03-20 15:55:26 configure cron-daemon-common:all 3.0pl1-162 3.0pl1-162
2026-03-20 15:55:26 status half-configured cron-daemon-common:all 3.0pl1-162
2026-03-20 15:55:27 status installed cron-daemon-common:all 3.0pl1-162
2026-03-20 15:55:27 startup archives unpack
2026-03-20 15:55:27 install apt-utils:armhf <none> 2.6.1
2026-03-20 15:55:27 status half-installed apt-utils:armhf 2.6.1
2026-03-20 15:55:28 status unpacked apt-utils:armhf 2.6.1
2026-03-20 15:55:28 install cpio:armhf <none> 2.13+dfsg-7.1
2026-03-20 15:55:28 status half-installed cpio:armhf 2.13+dfsg-7.1
2026-03-20 15:55:28 status unpacked cpio:armhf 2.13+dfsg-7.1
2026-03-20 15:55:29 install cron:armhf <none> 3.0pl1-162
2026-03-20 15:55:29 status half-installed cron:armhf 3.0pl1-162
2026-03-20 15:55:29 status unpacked cron:armhf 3.0pl1-162
2026-03-20 15:55:29 install debconf-i18n:all <none> 1.5.82
2026-03-20 15:55:29 status half-installed debconf-i18n:all 1.5.82
2026-03-20 15:55:30 status unpacked debconf-i18n:all 1.5.82
2026-03-20 15:55:30 install dmidecode:armhf <none> 3.4-1
2026-03-20 15:55:30 status half-installed dmidecode:armhf 3.4-1
2026-03-20 15:55:30 status unpacked dmidecode:armhf 3.4-1
2026-03-20 15:55:30 install fdisk:armhf <none> 2.38.1-5+deb12u3
2026-03-20 15:55:30 status half-installed fdisk:armhf 2.38.1-5+deb12u3
2026-03-20 15:55:30 status unpacked fdisk:armhf 2.38.1-5+deb12u3
2026-03-20 15:55:31 install ifupdown:armhf <none> 0.8.41
2026-03-20 15:55:31 status half-installed ifupdown:armhf 0.8.41
2026-03-20 15:55:31 status unpacked ifupdown:armhf 0.8.41
2026-03-20 15:55:31 install init:armhf <none> 1.65.2+deb12u1
2026-03-20 15:55:31 status half-installed init:armhf 1.65.2+deb12u1
2026-03-20 15:55:31 status unpacked init:armhf 1.65.2+deb12u1
2026-03-20 15:55:32 install iproute2:armhf <none> 6.1.0-3
2026-03-20 15:55:32 status half-installed iproute2:armhf 6.1.0-3
2026-03-20 15:55:32 status unpacked iproute2:armhf 6.1.0-3
2026-03-20 15:55:33 install iputils-ping:armhf <none> 3:20221126-1+deb12u1
2026-03-20 15:55:33 status half-installed iputils-ping:armhf 3:20221126-1+deb12u1
2026-03-20 15:55:33 status unpacked iputils-ping:armhf 3:20221126-1+deb12u1
2026-03-20 15:55:33 install isc-dhcp-client:armhf <none> 4.4.3-P1-2
2026-03-20 15:55:33 status half-installed isc-dhcp-client:armhf 4.4.3-P1-2
2026-03-20 15:55:34 status unpacked isc-dhcp-client:armhf 4.4.3-P1-2
2026-03-20 15:55:34 install isc-dhcp-common:armhf <none> 4.4.3-P1-2
2026-03-20 15:55:34 status half-installed isc-dhcp-common:armhf 4.4.3-P1-2
2026-03-20 15:55:34 status unpacked isc-dhcp-common:armhf 4.4.3-P1-2
2026-03-20 15:55:34 install kmod:armhf <none> 30+20221128-1
2026-03-20 15:55:34 status half-installed kmod:armhf 30+20221128-1
2026-03-20 15:55:35 status unpacked kmod:armhf 30+20221128-1
2026-03-20 15:55:35 install less:armhf <none> 590-2.1~deb12u2
2026-03-20 15:55:35 status half-installed less:armhf 590-2.1~deb12u2
2026-03-20 15:55:35 status unpacked less:armhf 590-2.1~deb12u2
2026-03-20 15:55:35 install libbpf1:armhf <none> 1:1.1.2-0+deb12u1
2026-03-20 15:55:35 status triggers-pending libc-bin:armhf 2.36-9+deb12u13
2026-03-20 15:55:35 status half-installed libbpf1:armhf 1:1.1.2-0+deb12u1
2026-03-20 15:55:35 status unpacked libbpf1:armhf 1:1.1.2-0+deb12u1
2026-03-20 15:55:36 install libbsd0:armhf <none> 0.11.7-2
2026-03-20 15:55:36 status half-installed libbsd0:armhf 0.11.7-2
2026-03-20 15:55:36 status unpacked libbsd0:armhf 0.11.7-2
2026-03-20 15:55:36 install libcap2-bin:armhf <none> 1:2.66-4+deb12u2+b2
2026-03-20 15:55:36 status half-installed libcap2-bin:armhf 1:2.66-4+deb12u2+b2
2026-03-20 15:55:36 status unpacked libcap2-bin:armhf 1:2.66-4+deb12u2+b2
2026-03-20 15:55:36 install libedit2:armhf <none> 3.1-20221030-2
2026-03-20 15:55:36 status half-installed libedit2:armhf 3.1-20221030-2
2026-03-20 15:55:37 status unpacked libedit2:armhf 3.1-20221030-2
2026-03-20 15:55:37 install libelf1:armhf <none> 0.188-2.1
2026-03-20 15:55:37 status half-installed libelf1:armhf 0.188-2.1
2026-03-20 15:55:37 status unpacked libelf1:armhf 0.188-2.1
2026-03-20 15:55:37 install libgssapi-krb5-2:armhf <none> 1.20.1-2+deb12u4
2026-03-20 15:55:37 status half-installed libgssapi-krb5-2:armhf 1.20.1-2+deb12u4
2026-03-20 15:55:38 status unpacked libgssapi-krb5-2:armhf 1.20.1-2+deb12u4
2026-03-20 15:55:38 install libjansson4:armhf <none> 2.14-2
2026-03-20 15:55:38 status half-installed libjansson4:armhf 2.14-2
2026-03-20 15:55:38 status unpacked libjansson4:armhf 2.14-2
2026-03-20 15:55:38 install libk5crypto3:armhf <none> 1.20.1-2+deb12u4
2026-03-20 15:55:38 status half-installed libk5crypto3:armhf 1.20.1-2+deb12u4
2026-03-20 15:55:38 status unpacked libk5crypto3:armhf 1.20.1-2+deb12u4
2026-03-20 15:55:38 install libkeyutils1:armhf <none> 1.6.3-2
2026-03-20 15:55:38 status half-installed libkeyutils1:armhf 1.6.3-2
2026-03-20 15:55:39 status unpacked libkeyutils1:armhf 1.6.3-2
2026-03-20 15:55:39 install libkrb5-3:armhf <none> 1.20.1-2+deb12u4
2026-03-20 15:55:39 status half-installed libkrb5-3:armhf 1.20.1-2+deb12u4
2026-03-20 15:55:39 status unpacked libkrb5-3:armhf 1.20.1-2+deb12u4
2026-03-20 15:55:39 install libkrb5support0:armhf <none> 1.20.1-2+deb12u4
2026-03-20 15:55:39 status half-installed libkrb5support0:armhf 1.20.1-2+deb12u4
2026-03-20 15:55:39 status unpacked libkrb5support0:armhf 1.20.1-2+deb12u4
2026-03-20 15:55:40 install liblocale-gettext-perl:armhf <none> 1.07-5
2026-03-20 15:55:40 status half-installed liblocale-gettext-perl:armhf 1.07-5
2026-03-20 15:55:40 status unpacked liblocale-gettext-perl:armhf 1.07-5
2026-03-20 15:55:40 install libmnl0:armhf <none> 1.0.4-3
2026-03-20 15:55:40 status half-installed libmnl0:armhf 1.0.4-3
2026-03-20 15:55:40 status unpacked libmnl0:armhf 1.0.4-3
2026-03-20 15:55:40 install libncursesw6:armhf <none> 6.4-4
2026-03-20 15:55:40 status half-installed libncursesw6:armhf 6.4-4
2026-03-20 15:55:41 status unpacked libncursesw6:armhf 6.4-4
2026-03-20 15:55:41 install libnewt0.52:armhf <none> 0.52.23-1+b1
2026-03-20 15:55:41 status half-installed libnewt0.52:armhf 0.52.23-1+b1
2026-03-20 15:55:41 status unpacked libnewt0.52:armhf 0.52.23-1+b1
2026-03-20 15:55:42 install libnftables1:armhf <none> 1.0.6-2+deb12u2
2026-03-20 15:55:42 status half-installed libnftables1:armhf 1.0.6-2+deb12u2
2026-03-20 15:55:42 status unpacked libnftables1:armhf 1.0.6-2+deb12u2
2026-03-20 15:55:42 install libnftnl11:armhf <none> 1.2.4-2
2026-03-20 15:55:42 status half-installed libnftnl11:armhf 1.2.4-2
2026-03-20 15:55:42 status unpacked libnftnl11:armhf 1.2.4-2
2026-03-20 15:55:42 install libpopt0:armhf <none> 1.19+dfsg-1
2026-03-20 15:55:42 status half-installed libpopt0:armhf 1.19+dfsg-1
2026-03-20 15:55:43 status unpacked libpopt0:armhf 1.19+dfsg-1
2026-03-20 15:55:43 install libproc2-0:armhf <none> 2:4.0.2-3
2026-03-20 15:55:43 status half-installed libproc2-0:armhf 2:4.0.2-3
2026-03-20 15:55:43 status unpacked libproc2-0:armhf 2:4.0.2-3
2026-03-20 15:55:43 install libreadline8:armhf <none> 8.2-1.3
2026-03-20 15:55:43 status half-installed libreadline8:armhf 8.2-1.3
2026-03-20 15:55:44 status unpacked libreadline8:armhf 8.2-1.3
2026-03-20 15:55:44 install libslang2:armhf <none> 2.3.3-3
2026-03-20 15:55:44 status half-installed libslang2:armhf 2.3.3-3
2026-03-20 15:55:44 status unpacked libslang2:armhf 2.3.3-3
2026-03-20 15:55:44 install libtext-charwidth-perl:armhf <none> 0.04-11
2026-03-20 15:55:44 status half-installed libtext-charwidth-perl:armhf 0.04-11
2026-03-20 15:55:44 status unpacked libtext-charwidth-perl:armhf 0.04-11
2026-03-20 15:55:45 install libtext-iconv-perl:armhf <none> 1.7-8
2026-03-20 15:55:45 status half-installed libtext-iconv-perl:armhf 1.7-8
2026-03-20 15:55:45 status unpacked libtext-iconv-perl:armhf 1.7-8
2026-03-20 15:55:45 install libtext-wrapi18n-perl:all <none> 0.06-10
2026-03-20 15:55:45 status half-installed libtext-wrapi18n-perl:all 0.06-10
2026-03-20 15:55:45 status unpacked libtext-wrapi18n-perl:all 0.06-10
2026-03-20 15:55:46 install libtirpc-common:all <none> 1.3.3+ds-1
2026-03-20 15:55:46 status half-installed libtirpc-common:all 1.3.3+ds-1
2026-03-20 15:55:46 status unpacked libtirpc-common:all 1.3.3+ds-1
2026-03-20 15:55:46 install libtirpc3:armhf <none> 1.3.3+ds-1
2026-03-20 15:55:46 status half-installed libtirpc3:armhf 1.3.3+ds-1
2026-03-20 15:55:46 status unpacked libtirpc3:armhf 1.3.3+ds-1
2026-03-20 15:55:46 install libxtables12:armhf <none> 1.8.9-2
2026-03-20 15:55:46 status half-installed libxtables12:armhf 1.8.9-2
2026-03-20 15:55:46 status unpacked libxtables12:armhf 1.8.9-2
2026-03-20 15:55:47 install logrotate:armhf <none> 3.21.0-1
2026-03-20 15:55:47 status half-installed logrotate:armhf 3.21.0-1
2026-03-20 15:55:47 status unpacked logrotate:armhf 3.21.0-1
2026-03-20 15:55:47 install nano:armhf <none> 7.2-1+deb12u1
2026-03-20 15:55:47 status half-installed nano:armhf 7.2-1+deb12u1
2026-03-20 15:55:48 status unpacked nano:armhf 7.2-1+deb12u1
2026-03-20 15:55:48 install netbase:all <none> 6.4
2026-03-20 15:55:48 status half-installed netbase:all 6.4
2026-03-20 15:55:48 status unpacked netbase:all 6.4
2026-03-20 15:55:48 install nftables:armhf <none> 1.0.6-2+deb12u2
2026-03-20 15:55:48 status half-installed nftables:armhf 1.0.6-2+deb12u2
2026-03-20 15:55:49 status unpacked nftables:armhf 1.0.6-2+deb12u2
2026-03-20 15:55:49 install procps:armhf <none> 2:4.0.2-3
2026-03-20 15:55:49 status half-installed procps:armhf 2:4.0.2-3
2026-03-20 15:55:50 status unpacked procps:armhf 2:4.0.2-3
2026-03-20 15:55:50 install readline-common:all <none> 8.2-1.3
2026-03-20 15:55:50 status half-installed readline-common:all 8.2-1.3
2026-03-20 15:55:50 status unpacked readline-common:all 8.2-1.3
2026-03-20 15:55:50 install sensible-utils:all <none> 0.0.17+nmu1
2026-03-20 15:55:50 status half-installed sensible-utils:all 0.0.17+nmu1
2026-03-20 15:55:51 status unpacked sensible-utils:all 0.0.17+nmu1
2026-03-20 15:55:51 install tasksel:all <none> 3.73
2026-03-20 15:55:51 status half-installed tasksel:all 3.73
2026-03-20 15:55:51 status unpacked tasksel:all 3.73
2026-03-20 15:55:51 install tasksel-data:all <none> 3.73
2026-03-20 15:55:51 status half-installed tasksel-data:all 3.73
2026-03-20 15:55:52 status unpacked tasksel-data:all 3.73
2026-03-20 15:55:52 install udev:armhf <none> 252.39-1~deb12u1
2026-03-20 15:55:52 status half-installed udev:armhf 252.39-1~deb12u1
2026-03-20 15:55:53 status unpacked udev:armhf 252.39-1~deb12u1
2026-03-20 15:55:53 install vim-common:all <none> 2:9.0.1378-2+deb12u2
2026-03-20 15:55:53 status half-installed vim-common:all 2:9.0.1378-2+deb12u2
2026-03-20 15:55:53 status unpacked vim-common:all 2:9.0.1378-2+deb12u2
2026-03-20 15:55:54 install vim-tiny:armhf <none> 2:9.0.1378-2+deb12u2
2026-03-20 15:55:54 status half-installed vim-tiny:armhf 2:9.0.1378-2+deb12u2
2026-03-20 15:55:54 status unpacked vim-tiny:armhf 2:9.0.1378-2+deb12u2
2026-03-20 15:55:54 install whiptail:armhf <none> 0.52.23-1+b1
2026-03-20 15:55:54 status half-installed whiptail:armhf 0.52.23-1+b1
2026-03-20 15:55:54 status unpacked whiptail:armhf 0.52.23-1+b1
2026-03-20 15:55:54 trigproc libc-bin:armhf 2.36-9+deb12u13 <none>
2026-03-20 15:55:54 status half-configured libc-bin:armhf 2.36-9+deb12u13
2026-03-20 15:55:55 status installed libc-bin:armhf 2.36-9+deb12u13
2026-03-20 15:55:55 startup packages configure
2026-03-20 15:55:55 configure cpio:armhf 2.13+dfsg-7.1 <none>
2026-03-20 15:55:55 status unpacked cpio:armhf 2.13+dfsg-7.1
2026-03-20 15:55:55 status half-configured cpio:armhf 2.13+dfsg-7.1
2026-03-20 15:55:55 status installed cpio:armhf 2.13+dfsg-7.1
2026-03-20 15:55:55 configure libtext-iconv-perl:armhf 1.7-8 <none>
2026-03-20 15:55:55 status unpacked libtext-iconv-perl:armhf 1.7-8
2026-03-20 15:55:55 status half-configured libtext-iconv-perl:armhf 1.7-8
2026-03-20 15:55:55 status installed libtext-iconv-perl:armhf 1.7-8
2026-03-20 15:55:55 configure libtext-charwidth-perl:armhf 0.04-11 <none>
2026-03-20 15:55:55 status unpacked libtext-charwidth-perl:armhf 0.04-11
2026-03-20 15:55:55 status half-configured libtext-charwidth-perl:armhf 0.04-11
2026-03-20 15:55:55 status installed libtext-charwidth-perl:armhf 0.04-11
2026-03-20 15:55:55 configure libkeyutils1:armhf 1.6.3-2 <none>
2026-03-20 15:55:55 status triggers-pending libc-bin:armhf 2.36-9+deb12u13
2026-03-20 15:55:55 status unpacked libkeyutils1:armhf 1.6.3-2
2026-03-20 15:55:55 status half-configured libkeyutils1:armhf 1.6.3-2
2026-03-20 15:55:55 status installed libkeyutils1:armhf 1.6.3-2
2026-03-20 15:55:55 configure apt-utils:armhf 2.6.1 <none>
2026-03-20 15:55:55 status unpacked apt-utils:armhf 2.6.1
2026-03-20 15:55:55 status half-configured apt-utils:armhf 2.6.1
2026-03-20 15:55:55 status installed apt-utils:armhf 2.6.1
2026-03-20 15:55:55 configure init:armhf 1.65.2+deb12u1 <none>
2026-03-20 15:55:55 status unpacked init:armhf 1.65.2+deb12u1
2026-03-20 15:55:55 status half-configured init:armhf 1.65.2+deb12u1
2026-03-20 15:55:55 status installed init:armhf 1.65.2+deb12u1
2026-03-20 15:55:55 configure libtirpc-common:all 1.3.3+ds-1 <none>
2026-03-20 15:55:55 status unpacked libtirpc-common:all 1.3.3+ds-1
2026-03-20 15:55:55 status half-configured libtirpc-common:all 1.3.3+ds-1
2026-03-20 15:55:55 status installed libtirpc-common:all 1.3.3+ds-1
2026-03-20 15:55:55 configure less:armhf 590-2.1~deb12u2 <none>
2026-03-20 15:55:55 status unpacked less:armhf 590-2.1~deb12u2
2026-03-20 15:55:55 status half-configured less:armhf 590-2.1~deb12u2
2026-03-20 15:55:55 status installed less:armhf 590-2.1~deb12u2
2026-03-20 15:55:55 configure kmod:armhf 30+20221128-1 <none>
2026-03-20 15:55:55 status unpacked kmod:armhf 30+20221128-1
2026-03-20 15:55:55 status half-configured kmod:armhf 30+20221128-1
2026-03-20 15:55:56 status installed kmod:armhf 30+20221128-1
2026-03-20 15:55:56 configure libtext-wrapi18n-perl:all 0.06-10 <none>
2026-03-20 15:55:56 status unpacked libtext-wrapi18n-perl:all 0.06-10
2026-03-20 15:55:56 status half-configured libtext-wrapi18n-perl:all 0.06-10
2026-03-20 15:55:56 status installed libtext-wrapi18n-perl:all 0.06-10
2026-03-20 15:55:56 configure libjansson4:armhf 2.14-2 <none>
2026-03-20 15:55:56 status unpacked libjansson4:armhf 2.14-2
2026-03-20 15:55:56 status half-configured libjansson4:armhf 2.14-2
2026-03-20 15:55:56 status installed libjansson4:armhf 2.14-2
2026-03-20 15:55:56 configure libkrb5support0:armhf 1.20.1-2+deb12u4 <none>
2026-03-20 15:55:56 status unpacked libkrb5support0:armhf 1.20.1-2+deb12u4
2026-03-20 15:55:56 status half-configured libkrb5support0:armhf 1.20.1-2+deb12u4
2026-03-20 15:55:56 status installed libkrb5support0:armhf 1.20.1-2+deb12u4
2026-03-20 15:55:56 configure libcap2-bin:armhf 1:2.66-4+deb12u2+b2 <none>
2026-03-20 15:55:56 status unpacked libcap2-bin:armhf 1:2.66-4+deb12u2+b2
2026-03-20 15:55:56 status half-configured libcap2-bin:armhf 1:2.66-4+deb12u2+b2
2026-03-20 15:55:56 status installed libcap2-bin:armhf 1:2.66-4+deb12u2+b2
2026-03-20 15:55:56 configure vim-common:all 2:9.0.1378-2+deb12u2 <none>
2026-03-20 15:55:56 status unpacked vim-common:all 2:9.0.1378-2+deb12u2
2026-03-20 15:55:56 status half-configured vim-common:all 2:9.0.1378-2+deb12u2
2026-03-20 15:55:56 status installed vim-common:all 2:9.0.1378-2+deb12u2
2026-03-20 15:55:56 configure libslang2:armhf 2.3.3-3 <none>
2026-03-20 15:55:56 status unpacked libslang2:armhf 2.3.3-3
2026-03-20 15:55:56 status half-configured libslang2:armhf 2.3.3-3
2026-03-20 15:55:56 status installed libslang2:armhf 2.3.3-3
2026-03-20 15:55:56 configure libproc2-0:armhf 2:4.0.2-3 <none>
2026-03-20 15:55:56 status unpacked libproc2-0:armhf 2:4.0.2-3
2026-03-20 15:55:56 status half-configured libproc2-0:armhf 2:4.0.2-3
2026-03-20 15:55:56 status installed libproc2-0:armhf 2:4.0.2-3
2026-03-20 15:55:56 configure libmnl0:armhf 1.0.4-3 <none>
2026-03-20 15:55:56 status unpacked libmnl0:armhf 1.0.4-3
2026-03-20 15:55:56 status half-configured libmnl0:armhf 1.0.4-3
2026-03-20 15:55:56 status installed libmnl0:armhf 1.0.4-3
2026-03-20 15:55:56 configure udev:armhf 252.39-1~deb12u1 <none>
2026-03-20 15:55:56 status unpacked udev:armhf 252.39-1~deb12u1
2026-03-20 15:55:56 status half-configured udev:armhf 252.39-1~deb12u1
2026-03-20 15:56:02 status installed udev:armhf 252.39-1~deb12u1
2026-03-20 15:56:02 configure libncursesw6:armhf 6.4-4 <none>
2026-03-20 15:56:02 status unpacked libncursesw6:armhf 6.4-4
2026-03-20 15:56:02 status half-configured libncursesw6:armhf 6.4-4
2026-03-20 15:56:02 status installed libncursesw6:armhf 6.4-4
2026-03-20 15:56:02 configure libk5crypto3:armhf 1.20.1-2+deb12u4 <none>
2026-03-20 15:56:02 status unpacked libk5crypto3:armhf 1.20.1-2+deb12u4
2026-03-20 15:56:02 status half-configured libk5crypto3:armhf 1.20.1-2+deb12u4
2026-03-20 15:56:02 status installed libk5crypto3:armhf 1.20.1-2+deb12u4
2026-03-20 15:56:02 configure libxtables12:armhf 1.8.9-2 <none>
2026-03-20 15:56:02 status unpacked libxtables12:armhf 1.8.9-2
2026-03-20 15:56:03 status half-configured libxtables12:armhf 1.8.9-2
2026-03-20 15:56:03 status installed libxtables12:armhf 1.8.9-2
2026-03-20 15:56:03 configure nano:armhf 7.2-1+deb12u1 <none>
2026-03-20 15:56:03 status unpacked nano:armhf 7.2-1+deb12u1
2026-03-20 15:56:03 status half-configured nano:armhf 7.2-1+deb12u1
2026-03-20 15:56:03 status installed nano:armhf 7.2-1+deb12u1
2026-03-20 15:56:03 configure sensible-utils:all 0.0.17+nmu1 <none>
2026-03-20 15:56:03 status unpacked sensible-utils:all 0.0.17+nmu1
2026-03-20 15:56:03 status half-configured sensible-utils:all 0.0.17+nmu1
2026-03-20 15:56:03 status installed sensible-utils:all 0.0.17+nmu1
2026-03-20 15:56:03 configure procps:armhf 2:4.0.2-3 <none>
2026-03-20 15:56:03 status unpacked procps:armhf 2:4.0.2-3
2026-03-20 15:56:03 status half-configured procps:armhf 2:4.0.2-3
2026-03-20 15:56:04 status installed procps:armhf 2:4.0.2-3
2026-03-20 15:56:04 configure netbase:all 6.4 <none>
2026-03-20 15:56:04 status unpacked netbase:all 6.4
2026-03-20 15:56:04 status half-configured netbase:all 6.4
2026-03-20 15:56:04 status installed netbase:all 6.4
2026-03-20 15:56:04 configure isc-dhcp-common:armhf 4.4.3-P1-2 <none>
2026-03-20 15:56:04 status unpacked isc-dhcp-common:armhf 4.4.3-P1-2
2026-03-20 15:56:04 status half-configured isc-dhcp-common:armhf 4.4.3-P1-2
2026-03-20 15:56:04 status installed isc-dhcp-common:armhf 4.4.3-P1-2
2026-03-20 15:56:04 configure libkrb5-3:armhf 1.20.1-2+deb12u4 <none>
2026-03-20 15:56:04 status unpacked libkrb5-3:armhf 1.20.1-2+deb12u4
2026-03-20 15:56:04 status half-configured libkrb5-3:armhf 1.20.1-2+deb12u4
2026-03-20 15:56:04 status installed libkrb5-3:armhf 1.20.1-2+deb12u4
2026-03-20 15:56:04 configure dmidecode:armhf 3.4-1 <none>
2026-03-20 15:56:04 status unpacked dmidecode:armhf 3.4-1
2026-03-20 15:56:04 status half-configured dmidecode:armhf 3.4-1
2026-03-20 15:56:04 status installed dmidecode:armhf 3.4-1
2026-03-20 15:56:04 configure libbsd0:armhf 0.11.7-2 <none>
2026-03-20 15:56:04 status unpacked libbsd0:armhf 0.11.7-2
2026-03-20 15:56:04 status half-configured libbsd0:armhf 0.11.7-2
2026-03-20 15:56:04 status installed libbsd0:armhf 0.11.7-2
2026-03-20 15:56:04 configure libelf1:armhf 0.188-2.1 <none>
2026-03-20 15:56:04 status unpacked libelf1:armhf 0.188-2.1
2026-03-20 15:56:04 status half-configured libelf1:armhf 0.188-2.1
2026-03-20 15:56:04 status installed libelf1:armhf 0.188-2.1
2026-03-20 15:56:04 configure iputils-ping:armhf 3:20221126-1+deb12u1 <none>
2026-03-20 15:56:04 status unpacked iputils-ping:armhf 3:20221126-1+deb12u1
2026-03-20 15:56:04 status half-configured iputils-ping:armhf 3:20221126-1+deb12u1
2026-03-20 15:56:04 status installed iputils-ping:armhf 3:20221126-1+deb12u1
2026-03-20 15:56:04 configure readline-common:all 8.2-1.3 <none>
2026-03-20 15:56:04 status unpacked readline-common:all 8.2-1.3
2026-03-20 15:56:04 status half-configured readline-common:all 8.2-1.3
2026-03-20 15:56:04 status installed readline-common:all 8.2-1.3
2026-03-20 15:56:04 configure liblocale-gettext-perl:armhf 1.07-5 <none>
2026-03-20 15:56:04 status unpacked liblocale-gettext-perl:armhf 1.07-5
2026-03-20 15:56:04 status half-configured liblocale-gettext-perl:armhf 1.07-5
2026-03-20 15:56:04 status installed liblocale-gettext-perl:armhf 1.07-5
2026-03-20 15:56:04 configure libbpf1:armhf 1:1.1.2-0+deb12u1 <none>
2026-03-20 15:56:04 status unpacked libbpf1:armhf 1:1.1.2-0+deb12u1
2026-03-20 15:56:04 status half-configured libbpf1:armhf 1:1.1.2-0+deb12u1
2026-03-20 15:56:04 status installed libbpf1:armhf 1:1.1.2-0+deb12u1
2026-03-20 15:56:04 configure libpopt0:armhf 1.19+dfsg-1 <none>
2026-03-20 15:56:04 status unpacked libpopt0:armhf 1.19+dfsg-1
2026-03-20 15:56:04 status half-configured libpopt0:armhf 1.19+dfsg-1
2026-03-20 15:56:04 status installed libpopt0:armhf 1.19+dfsg-1
2026-03-20 15:56:04 configure logrotate:armhf 3.21.0-1 <none>
2026-03-20 15:56:04 status unpacked logrotate:armhf 3.21.0-1
2026-03-20 15:56:04 status half-configured logrotate:armhf 3.21.0-1
2026-03-20 15:56:06 status installed logrotate:armhf 3.21.0-1
2026-03-20 15:56:06 configure libnewt0.52:armhf 0.52.23-1+b1 <none>
2026-03-20 15:56:06 status unpacked libnewt0.52:armhf 0.52.23-1+b1
2026-03-20 15:56:06 status half-configured libnewt0.52:armhf 0.52.23-1+b1
2026-03-20 15:56:06 status installed libnewt0.52:armhf 0.52.23-1+b1
2026-03-20 15:56:06 configure libedit2:armhf 3.1-20221030-2 <none>
2026-03-20 15:56:06 status unpacked libedit2:armhf 3.1-20221030-2
2026-03-20 15:56:06 status half-configured libedit2:armhf 3.1-20221030-2
2026-03-20 15:56:06 status installed libedit2:armhf 3.1-20221030-2
2026-03-20 15:56:06 configure libreadline8:armhf 8.2-1.3 <none>
2026-03-20 15:56:06 status unpacked libreadline8:armhf 8.2-1.3
2026-03-20 15:56:06 status half-configured libreadline8:armhf 8.2-1.3
2026-03-20 15:56:06 status installed libreadline8:armhf 8.2-1.3
2026-03-20 15:56:06 configure cron:armhf 3.0pl1-162 <none>
2026-03-20 15:56:06 status unpacked cron:armhf 3.0pl1-162
2026-03-20 15:56:07 status half-configured cron:armhf 3.0pl1-162
2026-03-20 15:56:09 status installed cron:armhf 3.0pl1-162
2026-03-20 15:56:09 configure debconf-i18n:all 1.5.82 <none>
2026-03-20 15:56:09 status unpacked debconf-i18n:all 1.5.82
2026-03-20 15:56:09 status half-configured debconf-i18n:all 1.5.82
2026-03-20 15:56:09 status installed debconf-i18n:all 1.5.82
2026-03-20 15:56:09 configure libnftnl11:armhf 1.2.4-2 <none>
2026-03-20 15:56:09 status unpacked libnftnl11:armhf 1.2.4-2
2026-03-20 15:56:09 status half-configured libnftnl11:armhf 1.2.4-2
2026-03-20 15:56:09 status installed libnftnl11:armhf 1.2.4-2
2026-03-20 15:56:09 configure vim-tiny:armhf 2:9.0.1378-2+deb12u2 <none>
2026-03-20 15:56:09 status unpacked vim-tiny:armhf 2:9.0.1378-2+deb12u2
2026-03-20 15:56:09 status half-configured vim-tiny:armhf 2:9.0.1378-2+deb12u2
2026-03-20 15:56:09 status installed vim-tiny:armhf 2:9.0.1378-2+deb12u2
2026-03-20 15:56:09 configure fdisk:armhf 2.38.1-5+deb12u3 <none>
2026-03-20 15:56:09 status unpacked fdisk:armhf 2.38.1-5+deb12u3
2026-03-20 15:56:09 status half-configured fdisk:armhf 2.38.1-5+deb12u3
2026-03-20 15:56:09 status installed fdisk:armhf 2.38.1-5+deb12u3
2026-03-20 15:56:09 configure libgssapi-krb5-2:armhf 1.20.1-2+deb12u4 <none>
2026-03-20 15:56:09 status unpacked libgssapi-krb5-2:armhf 1.20.1-2+deb12u4
2026-03-20 15:56:09 status half-configured libgssapi-krb5-2:armhf 1.20.1-2+deb12u4
2026-03-20 15:56:09 status installed libgssapi-krb5-2:armhf 1.20.1-2+deb12u4
2026-03-20 15:56:09 configure whiptail:armhf 0.52.23-1+b1 <none>
2026-03-20 15:56:09 status unpacked whiptail:armhf 0.52.23-1+b1
2026-03-20 15:56:09 status half-configured whiptail:armhf 0.52.23-1+b1
2026-03-20 15:56:09 status installed whiptail:armhf 0.52.23-1+b1
2026-03-20 15:56:10 configure libtirpc3:armhf 1.3.3+ds-1 <none>
2026-03-20 15:56:10 status unpacked libtirpc3:armhf 1.3.3+ds-1
2026-03-20 15:56:10 status half-configured libtirpc3:armhf 1.3.3+ds-1
2026-03-20 15:56:10 status installed libtirpc3:armhf 1.3.3+ds-1
2026-03-20 15:56:10 configure libnftables1:armhf 1.0.6-2+deb12u2 <none>
2026-03-20 15:56:10 status unpacked libnftables1:armhf 1.0.6-2+deb12u2
2026-03-20 15:56:10 status half-configured libnftables1:armhf 1.0.6-2+deb12u2
2026-03-20 15:56:10 status installed libnftables1:armhf 1.0.6-2+deb12u2
2026-03-20 15:56:10 configure nftables:armhf 1.0.6-2+deb12u2 <none>
2026-03-20 15:56:10 status unpacked nftables:armhf 1.0.6-2+deb12u2
2026-03-20 15:56:10 status half-configured nftables:armhf 1.0.6-2+deb12u2
2026-03-20 15:56:11 status installed nftables:armhf 1.0.6-2+deb12u2
2026-03-20 15:56:11 configure iproute2:armhf 6.1.0-3 <none>
2026-03-20 15:56:11 status unpacked iproute2:armhf 6.1.0-3
2026-03-20 15:56:11 status half-configured iproute2:armhf 6.1.0-3
2026-03-20 15:56:12 status installed iproute2:armhf 6.1.0-3
2026-03-20 15:56:12 configure isc-dhcp-client:armhf 4.4.3-P1-2 <none>
2026-03-20 15:56:12 status unpacked isc-dhcp-client:armhf 4.4.3-P1-2
2026-03-20 15:56:12 status half-configured isc-dhcp-client:armhf 4.4.3-P1-2
2026-03-20 15:56:12 status installed isc-dhcp-client:armhf 4.4.3-P1-2
2026-03-20 15:56:12 configure ifupdown:armhf 0.8.41 <none>
2026-03-20 15:56:12 status unpacked ifupdown:armhf 0.8.41
2026-03-20 15:56:12 status half-configured ifupdown:armhf 0.8.41
2026-03-20 15:56:17 status installed ifupdown:armhf 0.8.41
2026-03-20 15:56:17 configure tasksel:all 3.73 <none>
2026-03-20 15:56:17 status unpacked tasksel:all 3.73
2026-03-20 15:56:17 status half-configured tasksel:all 3.73
2026-03-20 15:56:18 status installed tasksel:all 3.73
2026-03-20 15:56:18 configure tasksel-data:all 3.73 <none>
2026-03-20 15:56:18 status unpacked tasksel-data:all 3.73
2026-03-20 15:56:18 status half-configured tasksel-data:all 3.73
2026-03-20 15:56:18 status installed tasksel-data:all 3.73
2026-03-20 15:56:18 trigproc libc-bin:armhf 2.36-9+deb12u13 <none>
2026-03-20 15:56:18 status half-configured libc-bin:armhf 2.36-9+deb12u13
2026-03-20 15:56:18 status installed libc-bin:armhf 2.36-9+deb12u13
2026-03-20 15:58:07 startup archives unpack
2026-03-20 15:58:07 install libdbus-1-3:armhf <none> 1.14.10-1~deb12u1
2026-03-20 15:58:07 status triggers-pending libc-bin:armhf 2.36-9+deb12u13
2026-03-20 15:58:07 status half-installed libdbus-1-3:armhf 1.14.10-1~deb12u1
2026-03-20 15:58:07 status unpacked libdbus-1-3:armhf 1.14.10-1~deb12u1
2026-03-20 15:58:08 install dbus-bin:armhf <none> 1.14.10-1~deb12u1
2026-03-20 15:58:08 status half-installed dbus-bin:armhf 1.14.10-1~deb12u1
2026-03-20 15:58:08 status unpacked dbus-bin:armhf 1.14.10-1~deb12u1
2026-03-20 15:58:08 install dbus-session-bus-common:all <none> 1.14.10-1~deb12u1
2026-03-20 15:58:08 status half-installed dbus-session-bus-common:all 1.14.10-1~deb12u1
2026-03-20 15:58:08 status unpacked dbus-session-bus-common:all 1.14.10-1~deb12u1
2026-03-20 15:58:08 install libexpat1:armhf <none> 2.5.0-1+deb12u2
2026-03-20 15:58:08 status half-installed libexpat1:armhf 2.5.0-1+deb12u2
2026-03-20 15:58:09 status unpacked libexpat1:armhf 2.5.0-1+deb12u2
2026-03-20 15:58:09 install dbus-daemon:armhf <none> 1.14.10-1~deb12u1
2026-03-20 15:58:09 status half-installed dbus-daemon:armhf 1.14.10-1~deb12u1
2026-03-20 15:58:09 status unpacked dbus-daemon:armhf 1.14.10-1~deb12u1
2026-03-20 15:58:09 install dbus-system-bus-common:all <none> 1.14.10-1~deb12u1
2026-03-20 15:58:09 status half-installed dbus-system-bus-common:all 1.14.10-1~deb12u1
2026-03-20 15:58:09 status unpacked dbus-system-bus-common:all 1.14.10-1~deb12u1
2026-03-20 15:58:10 install dbus:armhf <none> 1.14.10-1~deb12u1
2026-03-20 15:58:10 status half-installed dbus:armhf 1.14.10-1~deb12u1
2026-03-20 15:58:10 status unpacked dbus:armhf 1.14.10-1~deb12u1
2026-03-20 15:58:10 install libcbor0.8:armhf <none> 0.8.0-2+b1
2026-03-20 15:58:10 status half-installed libcbor0.8:armhf 0.8.0-2+b1
2026-03-20 15:58:10 status unpacked libcbor0.8:armhf 0.8.0-2+b1
2026-03-20 15:58:11 install libfido2-1:armhf <none> 1.12.0-2+b1
2026-03-20 15:58:11 status half-installed libfido2-1:armhf 1.12.0-2+b1
2026-03-20 15:58:11 status unpacked libfido2-1:armhf 1.12.0-2+b1
2026-03-20 15:58:11 install openssh-client:armhf <none> 1:9.2p1-2+deb12u7
2026-03-20 15:58:11 status half-installed openssh-client:armhf 1:9.2p1-2+deb12u7
2026-03-20 15:58:12 status unpacked openssh-client:armhf 1:9.2p1-2+deb12u7
2026-03-20 15:58:12 install openssh-sftp-server:armhf <none> 1:9.2p1-2+deb12u7
2026-03-20 15:58:12 status half-installed openssh-sftp-server:armhf 1:9.2p1-2+deb12u7
2026-03-20 15:58:12 status unpacked openssh-sftp-server:armhf 1:9.2p1-2+deb12u7
2026-03-20 15:58:12 install ucf:all <none> 3.0043+nmu1+deb12u1
2026-03-20 15:58:12 status half-installed ucf:all 3.0043+nmu1+deb12u1
2026-03-20 15:58:13 status unpacked ucf:all 3.0043+nmu1+deb12u1
2026-03-20 15:58:13 install runit-helper:all <none> 2.15.2
2026-03-20 15:58:13 status half-installed runit-helper:all 2.15.2
2026-03-20 15:58:13 status unpacked runit-helper:all 2.15.2
2026-03-20 15:58:13 install libnsl2:armhf <none> 1.3.0-2
2026-03-20 15:58:13 status half-installed libnsl2:armhf 1.3.0-2
2026-03-20 15:58:13 status unpacked libnsl2:armhf 1.3.0-2
2026-03-20 15:58:14 install libwrap0:armhf <none> 7.6.q-32
2026-03-20 15:58:14 status half-installed libwrap0:armhf 7.6.q-32
2026-03-20 15:58:14 status unpacked libwrap0:armhf 7.6.q-32
2026-03-20 15:58:14 install openssh-server:armhf <none> 1:9.2p1-2+deb12u7
2026-03-20 15:58:14 status half-installed openssh-server:armhf 1:9.2p1-2+deb12u7
2026-03-20 15:58:15 status unpacked openssh-server:armhf 1:9.2p1-2+deb12u7
2026-03-20 15:58:15 install sudo:armhf <none> 1.9.13p3-1+deb12u3
2026-03-20 15:58:15 status half-installed sudo:armhf 1.9.13p3-1+deb12u3
2026-03-20 15:58:16 status unpacked sudo:armhf 1.9.13p3-1+deb12u3
2026-03-20 15:58:16 install libpam-systemd:armhf <none> 252.39-1~deb12u1
2026-03-20 15:58:16 status half-installed libpam-systemd:armhf 252.39-1~deb12u1
2026-03-20 15:58:16 status unpacked libpam-systemd:armhf 252.39-1~deb12u1
2026-03-20 15:58:17 install ncurses-term:all <none> 6.4-4
2026-03-20 15:58:17 status half-installed ncurses-term:all 6.4-4
2026-03-20 15:58:21 status unpacked ncurses-term:all 6.4-4
2026-03-20 15:58:21 install dbus-user-session:armhf <none> 1.14.10-1~deb12u1
2026-03-20 15:58:21 status half-installed dbus-user-session:armhf 1.14.10-1~deb12u1
2026-03-20 15:58:22 status unpacked dbus-user-session:armhf 1.14.10-1~deb12u1
2026-03-20 15:58:22 install libxau6:armhf <none> 1:1.0.9-1
2026-03-20 15:58:22 status half-installed libxau6:armhf 1:1.0.9-1
2026-03-20 15:58:22 status unpacked libxau6:armhf 1:1.0.9-1
2026-03-20 15:58:22 install libxdmcp6:armhf <none> 1:1.1.2-3
2026-03-20 15:58:22 status half-installed libxdmcp6:armhf 1:1.1.2-3
2026-03-20 15:58:22 status unpacked libxdmcp6:armhf 1:1.1.2-3
2026-03-20 15:58:23 install libxcb1:armhf <none> 1.15-1
2026-03-20 15:58:23 status half-installed libxcb1:armhf 1.15-1
2026-03-20 15:58:23 status unpacked libxcb1:armhf 1.15-1
2026-03-20 15:58:23 install libx11-data:all <none> 2:1.8.4-2+deb12u2
2026-03-20 15:58:23 status half-installed libx11-data:all 2:1.8.4-2+deb12u2
2026-03-20 15:58:24 status unpacked libx11-data:all 2:1.8.4-2+deb12u2
2026-03-20 15:58:24 install libx11-6:armhf <none> 2:1.8.4-2+deb12u2
2026-03-20 15:58:24 status half-installed libx11-6:armhf 2:1.8.4-2+deb12u2
2026-03-20 15:58:24 status unpacked libx11-6:armhf 2:1.8.4-2+deb12u2
2026-03-20 15:58:24 install libxext6:armhf <none> 2:1.3.4-1+b1
2026-03-20 15:58:24 status half-installed libxext6:armhf 2:1.3.4-1+b1
2026-03-20 15:58:25 status unpacked libxext6:armhf 2:1.3.4-1+b1
2026-03-20 15:58:25 install libxmuu1:armhf <none> 2:1.1.3-3
2026-03-20 15:58:25 status half-installed libxmuu1:armhf 2:1.1.3-3
2026-03-20 15:58:25 status unpacked libxmuu1:armhf 2:1.1.3-3
2026-03-20 15:58:25 install net-tools:armhf <none> 2.10-0.1+deb12u2
2026-03-20 15:58:25 status half-installed net-tools:armhf 2.10-0.1+deb12u2
2026-03-20 15:58:26 status unpacked net-tools:armhf 2.10-0.1+deb12u2
2026-03-20 15:58:26 install ssh:all <none> 1:9.2p1-2+deb12u7
2026-03-20 15:58:26 status half-installed ssh:all 1:9.2p1-2+deb12u7
2026-03-20 15:58:26 status unpacked ssh:all 1:9.2p1-2+deb12u7
2026-03-20 15:58:26 install xauth:armhf <none> 1:1.1.2-1
2026-03-20 15:58:26 status half-installed xauth:armhf 1:1.1.2-1
2026-03-20 15:58:26 status unpacked xauth:armhf 1:1.1.2-1
2026-03-20 15:58:27 startup packages configure
2026-03-20 15:58:27 configure libexpat1:armhf 2.5.0-1+deb12u2 <none>
2026-03-20 15:58:27 status unpacked libexpat1:armhf 2.5.0-1+deb12u2
2026-03-20 15:58:27 status half-configured libexpat1:armhf 2.5.0-1+deb12u2
2026-03-20 15:58:27 status installed libexpat1:armhf 2.5.0-1+deb12u2
2026-03-20 15:58:27 configure runit-helper:all 2.15.2 <none>
2026-03-20 15:58:27 status unpacked runit-helper:all 2.15.2
2026-03-20 15:58:27 status half-configured runit-helper:all 2.15.2
2026-03-20 15:58:27 status installed runit-helper:all 2.15.2
2026-03-20 15:58:27 configure libxau6:armhf 1:1.0.9-1 <none>
2026-03-20 15:58:27 status unpacked libxau6:armhf 1:1.0.9-1
2026-03-20 15:58:27 status half-configured libxau6:armhf 1:1.0.9-1
2026-03-20 15:58:27 status installed libxau6:armhf 1:1.0.9-1
2026-03-20 15:58:27 configure net-tools:armhf 2.10-0.1+deb12u2 <none>
2026-03-20 15:58:27 status unpacked net-tools:armhf 2.10-0.1+deb12u2
2026-03-20 15:58:27 status half-configured net-tools:armhf 2.10-0.1+deb12u2
2026-03-20 15:58:27 status installed net-tools:armhf 2.10-0.1+deb12u2
2026-03-20 15:58:27 configure libxdmcp6:armhf 1:1.1.2-3 <none>
2026-03-20 15:58:27 status unpacked libxdmcp6:armhf 1:1.1.2-3
2026-03-20 15:58:27 status half-configured libxdmcp6:armhf 1:1.1.2-3
2026-03-20 15:58:27 status installed libxdmcp6:armhf 1:1.1.2-3
2026-03-20 15:58:27 configure libxcb1:armhf 1.15-1 <none>
2026-03-20 15:58:27 status unpacked libxcb1:armhf 1.15-1
2026-03-20 15:58:27 status half-configured libxcb1:armhf 1.15-1
2026-03-20 15:58:27 status installed libxcb1:armhf 1.15-1
2026-03-20 15:58:27 configure libcbor0.8:armhf 0.8.0-2+b1 <none>
2026-03-20 15:58:27 status unpacked libcbor0.8:armhf 0.8.0-2+b1
2026-03-20 15:58:27 status half-configured libcbor0.8:armhf 0.8.0-2+b1
2026-03-20 15:58:27 status installed libcbor0.8:armhf 0.8.0-2+b1
2026-03-20 15:58:27 configure libx11-data:all 2:1.8.4-2+deb12u2 <none>
2026-03-20 15:58:27 status unpacked libx11-data:all 2:1.8.4-2+deb12u2
2026-03-20 15:58:27 status half-configured libx11-data:all 2:1.8.4-2+deb12u2
2026-03-20 15:58:27 status installed libx11-data:all 2:1.8.4-2+deb12u2
2026-03-20 15:58:27 configure libdbus-1-3:armhf 1.14.10-1~deb12u1 <none>
2026-03-20 15:58:27 status unpacked libdbus-1-3:armhf 1.14.10-1~deb12u1
2026-03-20 15:58:27 status half-configured libdbus-1-3:armhf 1.14.10-1~deb12u1
2026-03-20 15:58:27 status installed libdbus-1-3:armhf 1.14.10-1~deb12u1
2026-03-20 15:58:27 configure sudo:armhf 1.9.13p3-1+deb12u3 <none>
2026-03-20 15:58:27 status unpacked sudo:armhf 1.9.13p3-1+deb12u3
2026-03-20 15:58:27 status half-configured sudo:armhf 1.9.13p3-1+deb12u3
2026-03-20 15:58:28 status installed sudo:armhf 1.9.13p3-1+deb12u3
2026-03-20 15:58:28 configure ucf:all 3.0043+nmu1+deb12u1 <none>
2026-03-20 15:58:28 status unpacked ucf:all 3.0043+nmu1+deb12u1
2026-03-20 15:58:28 status half-configured ucf:all 3.0043+nmu1+deb12u1
2026-03-20 15:58:29 status installed ucf:all 3.0043+nmu1+deb12u1
2026-03-20 15:58:29 configure dbus-session-bus-common:all 1.14.10-1~deb12u1 <none>
2026-03-20 15:58:29 status unpacked dbus-session-bus-common:all 1.14.10-1~deb12u1
2026-03-20 15:58:29 status half-configured dbus-session-bus-common:all 1.14.10-1~deb12u1
2026-03-20 15:58:29 status installed dbus-session-bus-common:all 1.14.10-1~deb12u1
2026-03-20 15:58:29 configure libnsl2:armhf 1.3.0-2 <none>
2026-03-20 15:58:29 status unpacked libnsl2:armhf 1.3.0-2
2026-03-20 15:58:29 status half-configured libnsl2:armhf 1.3.0-2
2026-03-20 15:58:29 status installed libnsl2:armhf 1.3.0-2
2026-03-20 15:58:29 configure libx11-6:armhf 2:1.8.4-2+deb12u2 <none>
2026-03-20 15:58:29 status unpacked libx11-6:armhf 2:1.8.4-2+deb12u2
2026-03-20 15:58:29 status half-configured libx11-6:armhf 2:1.8.4-2+deb12u2
2026-03-20 15:58:29 status installed libx11-6:armhf 2:1.8.4-2+deb12u2
2026-03-20 15:58:29 configure dbus-system-bus-common:all 1.14.10-1~deb12u1 <none>
2026-03-20 15:58:29 status unpacked dbus-system-bus-common:all 1.14.10-1~deb12u1
2026-03-20 15:58:29 status half-configured dbus-system-bus-common:all 1.14.10-1~deb12u1
2026-03-20 15:58:30 status installed dbus-system-bus-common:all 1.14.10-1~deb12u1
2026-03-20 15:58:30 configure libfido2-1:armhf 1.12.0-2+b1 <none>
2026-03-20 15:58:30 status unpacked libfido2-1:armhf 1.12.0-2+b1
2026-03-20 15:58:30 status half-configured libfido2-1:armhf 1.12.0-2+b1
2026-03-20 15:58:30 status installed libfido2-1:armhf 1.12.0-2+b1
2026-03-20 15:58:30 configure libxmuu1:armhf 2:1.1.3-3 <none>
2026-03-20 15:58:30 status unpacked libxmuu1:armhf 2:1.1.3-3
2026-03-20 15:58:30 status half-configured libxmuu1:armhf 2:1.1.3-3
2026-03-20 15:58:30 status installed libxmuu1:armhf 2:1.1.3-3
2026-03-20 15:58:30 configure dbus-bin:armhf 1.14.10-1~deb12u1 <none>
2026-03-20 15:58:30 status unpacked dbus-bin:armhf 1.14.10-1~deb12u1
2026-03-20 15:58:30 status half-configured dbus-bin:armhf 1.14.10-1~deb12u1
2026-03-20 15:58:30 status installed dbus-bin:armhf 1.14.10-1~deb12u1
2026-03-20 15:58:30 configure ncurses-term:all 6.4-4 <none>
2026-03-20 15:58:30 status unpacked ncurses-term:all 6.4-4
2026-03-20 15:58:30 status half-configured ncurses-term:all 6.4-4
2026-03-20 15:58:30 status installed ncurses-term:all 6.4-4
2026-03-20 15:58:30 configure openssh-client:armhf 1:9.2p1-2+deb12u7 <none>
2026-03-20 15:58:30 status unpacked openssh-client:armhf 1:9.2p1-2+deb12u7
2026-03-20 15:58:30 status half-configured openssh-client:armhf 1:9.2p1-2+deb12u7
2026-03-20 15:58:32 status installed openssh-client:armhf 1:9.2p1-2+deb12u7
2026-03-20 15:58:32 configure libxext6:armhf 2:1.3.4-1+b1 <none>
2026-03-20 15:58:32 status unpacked libxext6:armhf 2:1.3.4-1+b1
2026-03-20 15:58:32 status half-configured libxext6:armhf 2:1.3.4-1+b1
2026-03-20 15:58:32 status installed libxext6:armhf 2:1.3.4-1+b1
2026-03-20 15:58:32 configure dbus-daemon:armhf 1.14.10-1~deb12u1 <none>
2026-03-20 15:58:32 status unpacked dbus-daemon:armhf 1.14.10-1~deb12u1
2026-03-20 15:58:32 status half-configured dbus-daemon:armhf 1.14.10-1~deb12u1
2026-03-20 15:58:32 status installed dbus-daemon:armhf 1.14.10-1~deb12u1
2026-03-20 15:58:32 configure libwrap0:armhf 7.6.q-32 <none>
2026-03-20 15:58:32 status unpacked libwrap0:armhf 7.6.q-32
2026-03-20 15:58:32 status half-configured libwrap0:armhf 7.6.q-32
2026-03-20 15:58:32 status installed libwrap0:armhf 7.6.q-32
2026-03-20 15:58:32 configure dbus:armhf 1.14.10-1~deb12u1 <none>
2026-03-20 15:58:32 status unpacked dbus:armhf 1.14.10-1~deb12u1
2026-03-20 15:58:32 status half-configured dbus:armhf 1.14.10-1~deb12u1
2026-03-20 15:58:33 status installed dbus:armhf 1.14.10-1~deb12u1
2026-03-20 15:58:33 configure xauth:armhf 1:1.1.2-1 <none>
2026-03-20 15:58:33 status unpacked xauth:armhf 1:1.1.2-1
2026-03-20 15:58:33 status half-configured xauth:armhf 1:1.1.2-1
2026-03-20 15:58:33 status installed xauth:armhf 1:1.1.2-1
2026-03-20 15:58:33 configure libpam-systemd:armhf 252.39-1~deb12u1 <none>
2026-03-20 15:58:33 status unpacked libpam-systemd:armhf 252.39-1~deb12u1
2026-03-20 15:58:33 status half-configured libpam-systemd:armhf 252.39-1~deb12u1
2026-03-20 15:58:35 status installed libpam-systemd:armhf 252.39-1~deb12u1
2026-03-20 15:58:35 configure openssh-sftp-server:armhf 1:9.2p1-2+deb12u7 <none>
2026-03-20 15:58:35 status unpacked openssh-sftp-server:armhf 1:9.2p1-2+deb12u7
2026-03-20 15:58:35 status half-configured openssh-sftp-server:armhf 1:9.2p1-2+deb12u7
2026-03-20 15:58:35 status installed openssh-sftp-server:armhf 1:9.2p1-2+deb12u7
2026-03-20 15:58:35 configure openssh-server:armhf 1:9.2p1-2+deb12u7 <none>
2026-03-20 15:58:35 status unpacked openssh-server:armhf 1:9.2p1-2+deb12u7
2026-03-20 15:58:35 status half-configured openssh-server:armhf 1:9.2p1-2+deb12u7
2026-03-20 15:58:59 status installed openssh-server:armhf 1:9.2p1-2+deb12u7
2026-03-20 15:58:59 configure dbus-user-session:armhf 1.14.10-1~deb12u1 <none>
2026-03-20 15:58:59 status unpacked dbus-user-session:armhf 1.14.10-1~deb12u1
2026-03-20 15:58:59 status half-configured dbus-user-session:armhf 1.14.10-1~deb12u1
2026-03-20 15:58:59 status installed dbus-user-session:armhf 1.14.10-1~deb12u1
2026-03-20 15:58:59 configure ssh:all 1:9.2p1-2+deb12u7 <none>
2026-03-20 15:58:59 status unpacked ssh:all 1:9.2p1-2+deb12u7
2026-03-20 15:58:59 status half-configured ssh:all 1:9.2p1-2+deb12u7
2026-03-20 15:58:59 status installed ssh:all 1:9.2p1-2+deb12u7
2026-03-20 15:58:59 trigproc libc-bin:armhf 2.36-9+deb12u13 <none>
2026-03-20 15:58:59 status half-configured libc-bin:armhf 2.36-9+deb12u13
2026-03-20 15:58:59 status installed libc-bin:armhf 2.36-9+deb12u13
